<?xml version="1.0" encoding="UTF-8"?>
<!-- Generated by org.testng.reporters.JUnitXMLReporter -->
<testsuite ignored="2" hostname="DESKTOP-6RSBDQK" failures="0" tests="11" name="Test" time="124.38" errors="0" timestamp="2025-09-14T13:50:11 IST">
  <testcase classname="test.AccessibilityTest" name="AccessibilityCheck" time="10.374"/>
  <testcase classname="test.DataProviderTest" name="validLogin" time="0.003"/>
  <testcase classname="test.EdurekaLogin" name="EdurekaLogin" time="48.296"/>
  <testcase classname="test.Exa_Checkbox" name="Testcheckbox" time="7.665"/>
  <testcase classname="test.Facebook_BrokenLink" name="FbServiceDirectory" time="3.848"/>
  <testcase classname="test.Flipkart" name="Menul_Links" time="3.273"/>
  <testcase classname="test.GoogleTest" name="verifyTitle" time="1.988"/>
  <testcase classname="test.LocatorsExample" name="GooglelocatorDemo" time="2.997"/>
  <testcase classname="test.MyTest" name="testLogin" time="0.001"/>
  <testcase classname="test.RediffValidation" name="Redfflogin" time="34.711"/>
  <testcase classname="test.StaleElement_Exp" name="handleStaleElement" time="2.292"/>
  <testcase classname="test.Assertions_Test" name="HardAssert" time="0.0">
    <ignored/>
  </testcase> <!-- HardAssert -->
  <testcase classname="test.Assertions_Test" name="SoftAss" time="0.0">
    <ignored/>
  </testcase> <!-- SoftAss -->
</testsuite> <!-- Test -->
