<?xml version="1.0" encoding="UTF-8"?>
<testng-results ignored="4" total="22" passed="17" failed="0" skipped="1">
  <reporter-output>
    <line>
      <![CDATA[Accessibility Violations:]]>
    </line>
    <line>
      <![CDATA[Violation ID: aria-allowed-role]]>
    </line>
    <line>
      <![CDATA[Description: Ensures role attribute has an appropriate value for the element]]>
    </line>
    <line>
      <![CDATA[Impact: minor]]>
    </line>
    <line>
      <![CDATA[Elements:]]>
    </line>
    <line>
      <![CDATA[ - [figure[aria-label="Footer\ Logo"]]]]>
    </line>
    <line>
      <![CDATA[Violation ID: aria-roles]]>
    </line>
    <line>
      <![CDATA[Description: Ensures all elements with a role attribute use a valid value]]>
    </line>
    <line>
      <![CDATA[Impact: serious]]>
    </line>
    <line>
      <![CDATA[Elements:]]>
    </line>
    <line>
      <![CDATA[ - [.logo-white]]]>
    </line>
    <line>
      <![CDATA[Violation ID: duplicate-id]]>
    </line>
    <line>
      <![CDATA[Description: Ensures every id attribute value is unique]]>
    </line>
    <line>
      <![CDATA[Impact: minor]]>
    </line>
    <line>
      <![CDATA[Elements:]]>
    </line>
    <line>
      <![CDATA[ - [.res-language-dropdown > .language_swticher.dropdown_wrapper > .dropdown_content.p_abs.w100]]]>
    </line>
    <line>
      <![CDATA[ - [#mobinav-section-about-level2 > .mm-listview > .level2:nth-child(13)]]]>
    </line>
    <line>
      <![CDATA[ - [#mobinav-section-about-level2 > .mm-listview > .last.level2]]]>
    </line>
    <line>
      <![CDATA[ - [.level3:nth-child(30)]]]>
    </line>
    <line>
      <![CDATA[ - [.current.align-items-end.main-nav-level-1]]]>
    </line>
    <line>
      <![CDATA[ - [.current.align-items-end.main-nav-level-1 > .nav-container > .container > .row > .sub-nav-col.col-md-4 > .second-sub-nav > .main-bottom-nav.d-flex > .main-nav-level-2.level2:nth-child(2)]]]>
    </line>
    <line>
      <![CDATA[ - [.main-bottom-nav.d-flex > .main-nav-level-2.level2:nth-child(7)]]]>
    </line>
    <line>
      <![CDATA[ - [.main-nav-level-2.haschildren.level2:nth-child(8) > .last-sub-nav > .main-bottom-nav.d-flex > .main-nav-level-3.first.level3]]]>
    </line>
    <line>
      <![CDATA[ - [.contact-popup-wrapper.mfp-hide:nth-child(3)]]]>
    </line>
    <line>
      <![CDATA[Violation ID: link-name]]>
    </line>
    <line>
      <![CDATA[Description: Ensures links have discernible text]]>
    </line>
    <line>
      <![CDATA[Impact: serious]]>
    </line>
    <line>
      <![CDATA[Elements:]]>
    </line>
    <line>
      <![CDATA[ - [.current.align-items-end.main-nav-level-1 > .nav-container > .container > .close-menu > .local-link[href="javascript\:void\(0\)\;"][target="_self"]]]]>
    </line>
    <line>
      <![CDATA[ - [#engineering-better-future > .nav-container > .container > .close-menu > .local-link[href="javascript\:void\(0\)\;"][target="_self"]]]]>
    </line>
    <line>
      <![CDATA[ - [#markets-and-services > .nav-container > .container > .close-menu > .local-link[href="javascript\:\;"][target="_self"]]]]>
    </line>
    <line>
      <![CDATA[ - [.align-items-end.main-nav-level-1.level1:nth-child(1) > .nav-container > .container > .close-menu > .local-link[href="javascript\:\;"][target="_self"]]]]>
    </line>
    <line>
      <![CDATA[ - [.align-items-end.main-nav-level-1.level1:nth-child(2) > .nav-container > .container > .close-menu > .local-link[href="javascript\:\;"][target="_self"]]]]>
    </line>
    <line>
      <![CDATA[ - [.align-items-end.main-nav-level-1.level1:nth-child(4) > .nav-container > .container > .close-menu > .local-link[href="javascript\:\;"][target="_self"]]]]>
    </line>
    <line>
      <![CDATA[ - [.prev]]]>
    </line>
    <line>
      <![CDATA[ - [.next]]]>
    </line>
    <line>
      <![CDATA[ - [.content-wrapper > .download-link-list.justify-content-between[data-id="atkinsrealis-brochure"] > .download-link-list-icon > .share-document-link > .social-link[data-title="Share\ on\ Facebook"][data-lf-fd-inspected-jmvz8gkpmlp82pod="true"]]]]>
    </line>
    <line>
      <![CDATA[ - [.content-wrapper > .download-link-list.justify-content-between[data-id="atkinsrealis-brochure"] > .download-link-list-icon > .share-document-link > .social-link[data-title="Share\ on\ X"][target="_blank"]]]]>
    </line>
    <line>
      <![CDATA[ - [.content-wrapper > .download-link-list.justify-content-between[data-id="atkinsrealis-brochure"] > .download-link-list-icon > .share-document-link > .social-link[data-title="Share\ on\ LinkedIn"][target="_blank"]]]]>
    </line>
    <line>
      <![CDATA[ - [.content-wrapper > .download-link-list.justify-content-between[data-id="atkinsrealis-brochure"] > .download-link-list-icon > .share-document-link > .social-link[data-title="Share\ on\ Email"][target="_blank"]]]]>
    </line>
    <line>
      <![CDATA[ - [.content-wrapper > .download-link-list.justify-content-between[data-id="climate-transition-plan"] > .download-link-list-icon > .share-document-link > .social-link[data-title="Share\ on\ Facebook"][data-lf-fd-inspected-jmvz8gkpmlp82pod="true"]]]]>
    </line>
    <line>
      <![CDATA[ - [.content-wrapper > .download-link-list.justify-content-between[data-id="climate-transition-plan"] > .download-link-list-icon > .share-document-link > .social-link[data-title="Share\ on\ X"][target="_blank"]]]]>
    </line>
    <line>
      <![CDATA[ - [.content-wrapper > .download-link-list.justify-content-between[data-id="climate-transition-plan"] > .download-link-list-icon > .share-document-link > .social-link[data-title="Share\ on\ LinkedIn"][target="_blank"]]]]>
    </line>
    <line>
      <![CDATA[ - [.content-wrapper > .download-link-list.justify-content-between[data-id="climate-transition-plan"] > .download-link-list-icon > .share-document-link > .social-link[data-title="Share\ on\ Email"][target="_blank"]]]]>
    </line>
    <line>
      <![CDATA[ - [.content-wrapper > .download-link-list.justify-content-between.d-flex:nth-child(5) > .download-link-list-icon > .share-document-link > .social-link[data-title="Share\ on\ Facebook"][data-lf-fd-inspected-jmvz8gkpmlp82pod="true"]]]]>
    </line>
    <line>
      <![CDATA[ - [.content-wrapper > .download-link-list.justify-content-between.d-flex:nth-child(5) > .download-link-list-icon > .share-document-link > .social-link[data-title="Share\ on\ X"][target="_blank"]]]]>
    </line>
    <line>
      <![CDATA[ - [.content-wrapper > .download-link-list.justify-content-between.d-flex:nth-child(5) > .download-link-list-icon > .share-document-link > .social-link[data-title="Share\ on\ LinkedIn"][target="_blank"]]]]>
    </line>
    <line>
      <![CDATA[ - [.content-wrapper > .download-link-list.justify-content-between.d-flex:nth-child(5) > .download-link-list-icon > .share-document-link > .social-link[data-title="Share\ on\ Email"][target="_blank"]]]]>
    </line>
    <line>
      <![CDATA[Browser =chrome]]>
    </line>
    <line>
      <![CDATA[Passowrd =https://www.facebook.com]]>
    </line>
    <line>
      <![CDATA[[[[[ChromeDriver: chrome on windows (b897e0d40bd8847d54d3f3afa25c8337)] -> xpath: //span[@class='rc-tree-switcher rc-tree-switcher_close']]] -> xpath: //span[@class='rc-tree-checkbox']]]]>
    </line>
    <line>
      <![CDATA[[[[[ChromeDriver: chrome on windows (b897e0d40bd8847d54d3f3afa25c8337)] -> xpath: //span[@class='rc-tree-switcher rc-tree-switcher_close']]] -> xpath: //span[@class='rc-tree-checkbox']]]]>
    </line>
    <line>
      <![CDATA[[[[[ChromeDriver: chrome on windows (b897e0d40bd8847d54d3f3afa25c8337)] -> xpath: //span[@class='rc-tree-switcher rc-tree-switcher_close']]] -> xpath: //span[@class='rc-tree-checkbox']]]]>
    </line>
    <line>
      <![CDATA[Facebook services directory]]>
    </line>
    <line>
      <![CDATA[count begin start Total links=210]]>
    </line>
    <line>
      <![CDATA[https://www.facebook.com/biz/directory/AD/ HTTP code: 404=Not Found]]>
    </line>
    <line>
      <![CDATA[https://www.facebook.com/biz/directory/AE/ HTTP code: 404=Not Found]]>
    </line>
    <line>
      <![CDATA[https://www.facebook.com/biz/directory/AF/ HTTP code: 404=Not Found]]>
    </line>
    <line>
      <![CDATA[https://www.facebook.com/biz/directory/AG/ HTTP code: 404=Not Found]]>
    </line>
    <line>
      <![CDATA[https://www.facebook.com/biz/directory/AI/ HTTP code: 404=Not Found]]>
    </line>
    <line>
      <![CDATA[https://www.facebook.com/biz/directory/AL/ HTTP code: 404=Not Found]]>
    </line>
    <line>
      <![CDATA[https://www.facebook.com/biz/directory/AM/ HTTP code: 404=Not Found]]>
    </line>
    <line>
      <![CDATA[https://www.facebook.com/biz/directory/AO/ HTTP code: 404=Not Found]]>
    </line>
    <line>
      <![CDATA[https://www.facebook.com/biz/directory/AR/ HTTP code: 404=Not Found]]>
    </line>
    <line>
      <![CDATA[https://www.facebook.com/biz/directory/AT/ HTTP code: 404=Not Found]]>
    </line>
    <line>
      <![CDATA[https://www.facebook.com/biz/directory/AU/ HTTP code: 404=Not Found]]>
    </line>
    <line>
      <![CDATA[https://www.facebook.com/biz/directory/AW/ HTTP code: 404=Not Found]]>
    </line>
    <line>
      <![CDATA[https://www.facebook.com/biz/directory/AZ/ HTTP code: 404=Not Found]]>
    </line>
    <line>
      <![CDATA[https://www.facebook.com/biz/directory/BA/ HTTP code: 404=Not Found]]>
    </line>
    <line>
      <![CDATA[https://www.facebook.com/biz/directory/BB/ HTTP code: 404=Not Found]]>
    </line>
    <line>
      <![CDATA[https://www.facebook.com/biz/directory/BD/ HTTP code: 404=Not Found]]>
    </line>
    <line>
      <![CDATA[https://www.facebook.com/biz/directory/BE/ HTTP code: 404=Not Found]]>
    </line>
    <line>
      <![CDATA[https://www.facebook.com/biz/directory/BF/ HTTP code: 404=Not Found]]>
    </line>
    <line>
      <![CDATA[https://www.facebook.com/biz/directory/BG/ HTTP code: 404=Not Found]]>
    </line>
    <line>
      <![CDATA[https://www.facebook.com/biz/directory/BH/ HTTP code: 404=Not Found]]>
    </line>
    <line>
      <![CDATA[https://www.facebook.com/biz/directory/BI/ HTTP code: 404=Not Found]]>
    </line>
    <line>
      <![CDATA[https://www.facebook.com/biz/directory/BJ/ HTTP code: 404=Not Found]]>
    </line>
    <line>
      <![CDATA[https://www.facebook.com/biz/directory/BM/ HTTP code: 404=Not Found]]>
    </line>
    <line>
      <![CDATA[https://www.facebook.com/biz/directory/BN/ HTTP code: 404=Not Found]]>
    </line>
    <line>
      <![CDATA[https://www.facebook.com/biz/directory/BO/ HTTP code: 404=Not Found]]>
    </line>
    <line>
      <![CDATA[https://www.facebook.com/biz/directory/BQ/ HTTP code: 404=Not Found]]>
    </line>
    <line>
      <![CDATA[https://www.facebook.com/biz/directory/BR/ HTTP code: 404=Not Found]]>
    </line>
    <line>
      <![CDATA[https://www.facebook.com/biz/directory/BS/ HTTP code: 404=Not Found]]>
    </line>
    <line>
      <![CDATA[https://www.facebook.com/biz/directory/BT/ HTTP code: 404=Not Found]]>
    </line>
    <line>
      <![CDATA[https://www.facebook.com/biz/directory/BW/ HTTP code: 404=Not Found]]>
    </line>
    <line>
      <![CDATA[https://www.facebook.com/biz/directory/BY/ HTTP code: 404=Not Found]]>
    </line>
    <line>
      <![CDATA[https://www.facebook.com/biz/directory/BZ/ HTTP code: 404=Not Found]]>
    </line>
    <line>
      <![CDATA[https://www.facebook.com/biz/directory/CA/ HTTP code: 404=Not Found]]>
    </line>
    <line>
      <![CDATA[https://www.facebook.com/biz/directory/CD/ HTTP code: 404=Not Found]]>
    </line>
    <line>
      <![CDATA[https://www.facebook.com/biz/directory/CG/ HTTP code: 404=Not Found]]>
    </line>
    <line>
      <![CDATA[https://www.facebook.com/biz/directory/CH/ HTTP code: 404=Not Found]]>
    </line>
    <line>
      <![CDATA[https://www.facebook.com/biz/directory/CI/ HTTP code: 404=Not Found]]>
    </line>
    <line>
      <![CDATA[https://www.facebook.com/biz/directory/CL/ HTTP code: 404=Not Found]]>
    </line>
    <line>
      <![CDATA[https://www.facebook.com/biz/directory/CM/ HTTP code: 404=Not Found]]>
    </line>
    <line>
      <![CDATA[https://www.facebook.com/biz/directory/CN/ HTTP code: 404=Not Found]]>
    </line>
    <line>
      <![CDATA[https://www.facebook.com/biz/directory/CO/ HTTP code: 404=Not Found]]>
    </line>
    <line>
      <![CDATA[https://www.facebook.com/biz/directory/CR/ HTTP code: 404=Not Found]]>
    </line>
    <line>
      <![CDATA[https://www.facebook.com/biz/directory/CU/ HTTP code: 404=Not Found]]>
    </line>
    <line>
      <![CDATA[https://www.facebook.com/biz/directory/CV/ HTTP code: 404=Not Found]]>
    </line>
    <line>
      <![CDATA[https://www.facebook.com/biz/directory/CW/ HTTP code: 404=Not Found]]>
    </line>
    <line>
      <![CDATA[https://www.facebook.com/biz/directory/CY/ HTTP code: 404=Not Found]]>
    </line>
    <line>
      <![CDATA[https://www.facebook.com/biz/directory/CZ/ HTTP code: 404=Not Found]]>
    </line>
    <line>
      <![CDATA[https://www.facebook.com/biz/directory/DE/ HTTP code: 404=Not Found]]>
    </line>
    <line>
      <![CDATA[https://www.facebook.com/biz/directory/DJ/ HTTP code: 404=Not Found]]>
    </line>
    <line>
      <![CDATA[https://www.facebook.com/biz/directory/DK/ HTTP code: 404=Not Found]]>
    </line>
    <line>
      <![CDATA[https://www.facebook.com/biz/directory/DM/ HTTP code: 404=Not Found]]>
    </line>
    <line>
      <![CDATA[https://www.facebook.com/biz/directory/DO/ HTTP code: 404=Not Found]]>
    </line>
    <line>
      <![CDATA[https://www.facebook.com/biz/directory/DZ/ HTTP code: 404=Not Found]]>
    </line>
    <line>
      <![CDATA[https://www.facebook.com/biz/directory/EC/ HTTP code: 404=Not Found]]>
    </line>
    <line>
      <![CDATA[https://www.facebook.com/biz/directory/EE/ HTTP code: 404=Not Found]]>
    </line>
    <line>
      <![CDATA[https://www.facebook.com/biz/directory/EG/ HTTP code: 404=Not Found]]>
    </line>
    <line>
      <![CDATA[https://www.facebook.com/biz/directory/ES/ HTTP code: 404=Not Found]]>
    </line>
    <line>
      <![CDATA[https://www.facebook.com/biz/directory/ET/ HTTP code: 404=Not Found]]>
    </line>
    <line>
      <![CDATA[https://www.facebook.com/biz/directory/FI/ HTTP code: 404=Not Found]]>
    </line>
    <line>
      <![CDATA[https://www.facebook.com/biz/directory/FJ/ HTTP code: 404=Not Found]]>
    </line>
    <line>
      <![CDATA[https://www.facebook.com/biz/directory/FO/ HTTP code: 404=Not Found]]>
    </line>
    <line>
      <![CDATA[https://www.facebook.com/biz/directory/FR/ HTTP code: 404=Not Found]]>
    </line>
    <line>
      <![CDATA[https://www.facebook.com/biz/directory/GA/ HTTP code: 404=Not Found]]>
    </line>
    <line>
      <![CDATA[https://www.facebook.com/biz/directory/GB/ HTTP code: 404=Not Found]]>
    </line>
    <line>
      <![CDATA[https://www.facebook.com/biz/directory/GD/ HTTP code: 404=Not Found]]>
    </line>
    <line>
      <![CDATA[https://www.facebook.com/biz/directory/GE/ HTTP code: 404=Not Found]]>
    </line>
    <line>
      <![CDATA[https://www.facebook.com/biz/directory/GF/ HTTP code: 404=Not Found]]>
    </line>
    <line>
      <![CDATA[https://www.facebook.com/biz/directory/GG/ HTTP code: 404=Not Found]]>
    </line>
    <line>
      <![CDATA[https://www.facebook.com/biz/directory/GH/ HTTP code: 404=Not Found]]>
    </line>
    <line>
      <![CDATA[https://www.facebook.com/biz/directory/GI/ HTTP code: 404=Not Found]]>
    </line>
    <line>
      <![CDATA[https://www.facebook.com/biz/directory/GM/ HTTP code: 404=Not Found]]>
    </line>
    <line>
      <![CDATA[https://www.facebook.com/biz/directory/GN/ HTTP code: 404=Not Found]]>
    </line>
    <line>
      <![CDATA[https://www.facebook.com/biz/directory/GP/ HTTP code: 404=Not Found]]>
    </line>
    <line>
      <![CDATA[https://www.facebook.com/biz/directory/GR/ HTTP code: 404=Not Found]]>
    </line>
    <line>
      <![CDATA[https://www.facebook.com/biz/directory/GT/ HTTP code: 404=Not Found]]>
    </line>
    <line>
      <![CDATA[https://www.facebook.com/biz/directory/GU/ HTTP code: 404=Not Found]]>
    </line>
    <line>
      <![CDATA[https://www.facebook.com/biz/directory/GY/ HTTP code: 404=Not Found]]>
    </line>
    <line>
      <![CDATA[https://www.facebook.com/biz/directory/HK/ HTTP code: 404=Not Found]]>
    </line>
    <line>
      <![CDATA[https://www.facebook.com/biz/directory/HN/ HTTP code: 404=Not Found]]>
    </line>
    <line>
      <![CDATA[https://www.facebook.com/biz/directory/HR/ HTTP code: 404=Not Found]]>
    </line>
    <line>
      <![CDATA[https://www.facebook.com/biz/directory/HT/ HTTP code: 404=Not Found]]>
    </line>
    <line>
      <![CDATA[https://www.facebook.com/biz/directory/HU/ HTTP code: 404=Not Found]]>
    </line>
    <line>
      <![CDATA[https://www.facebook.com/biz/directory/ID/ HTTP code: 404=Not Found]]>
    </line>
    <line>
      <![CDATA[https://www.facebook.com/biz/directory/IE/ HTTP code: 404=Not Found]]>
    </line>
    <line>
      <![CDATA[https://www.facebook.com/biz/directory/IL/ HTTP code: 404=Not Found]]>
    </line>
    <line>
      <![CDATA[https://www.facebook.com/biz/directory/IM/ HTTP code: 404=Not Found]]>
    </line>
    <line>
      <![CDATA[https://www.facebook.com/biz/directory/IN/ HTTP code: 404=Not Found]]>
    </line>
    <line>
      <![CDATA[https://www.facebook.com/biz/directory/IQ/ HTTP code: 404=Not Found]]>
    </line>
    <line>
      <![CDATA[https://www.facebook.com/biz/directory/IR/ HTTP code: 404=Not Found]]>
    </line>
    <line>
      <![CDATA[https://www.facebook.com/biz/directory/IS/ HTTP code: 404=Not Found]]>
    </line>
    <line>
      <![CDATA[https://www.facebook.com/biz/directory/IT/ HTTP code: 404=Not Found]]>
    </line>
    <line>
      <![CDATA[https://www.facebook.com/biz/directory/JE/ HTTP code: 404=Not Found]]>
    </line>
    <line>
      <![CDATA[https://www.facebook.com/biz/directory/JM/ HTTP code: 404=Not Found]]>
    </line>
    <line>
      <![CDATA[https://www.facebook.com/biz/directory/JO/ HTTP code: 404=Not Found]]>
    </line>
    <line>
      <![CDATA[https://www.facebook.com/biz/directory/JP/ HTTP code: 404=Not Found]]>
    </line>
    <line>
      <![CDATA[https://www.facebook.com/biz/directory/KE/ HTTP code: 404=Not Found]]>
    </line>
    <line>
      <![CDATA[https://www.facebook.com/biz/directory/KG/ HTTP code: 404=Not Found]]>
    </line>
    <line>
      <![CDATA[https://www.facebook.com/biz/directory/KH/ HTTP code: 404=Not Found]]>
    </line>
    <line>
      <![CDATA[https://www.facebook.com/biz/directory/KN/ HTTP code: 404=Not Found]]>
    </line>
    <line>
      <![CDATA[https://www.facebook.com/biz/directory/KR/ HTTP code: 404=Not Found]]>
    </line>
    <line>
      <![CDATA[https://www.facebook.com/biz/directory/KW/ HTTP code: 404=Not Found]]>
    </line>
    <line>
      <![CDATA[https://www.facebook.com/biz/directory/KY/ HTTP code: 404=Not Found]]>
    </line>
    <line>
      <![CDATA[https://www.facebook.com/biz/directory/KZ/ HTTP code: 404=Not Found]]>
    </line>
    <line>
      <![CDATA[https://www.facebook.com/biz/directory/LA/ HTTP code: 404=Not Found]]>
    </line>
    <line>
      <![CDATA[https://www.facebook.com/biz/directory/LB/ HTTP code: 404=Not Found]]>
    </line>
    <line>
      <![CDATA[https://www.facebook.com/biz/directory/LC/ HTTP code: 404=Not Found]]>
    </line>
    <line>
      <![CDATA[https://www.facebook.com/biz/directory/LI/ HTTP code: 404=Not Found]]>
    </line>
    <line>
      <![CDATA[https://www.facebook.com/biz/directory/LK/ HTTP code: 404=Not Found]]>
    </line>
    <line>
      <![CDATA[https://www.facebook.com/biz/directory/LR/ HTTP code: 404=Not Found]]>
    </line>
    <line>
      <![CDATA[https://www.facebook.com/biz/directory/LS/ HTTP code: 404=Not Found]]>
    </line>
    <line>
      <![CDATA[https://www.facebook.com/biz/directory/LT/ HTTP code: 404=Not Found]]>
    </line>
    <line>
      <![CDATA[https://www.facebook.com/biz/directory/LU/ HTTP code: 404=Not Found]]>
    </line>
    <line>
      <![CDATA[https://www.facebook.com/biz/directory/LV/ HTTP code: 404=Not Found]]>
    </line>
    <line>
      <![CDATA[https://www.facebook.com/biz/directory/LY/ HTTP code: 404=Not Found]]>
    </line>
    <line>
      <![CDATA[https://www.facebook.com/biz/directory/MA/ HTTP code: 404=Not Found]]>
    </line>
    <line>
      <![CDATA[https://www.facebook.com/biz/directory/MC/ HTTP code: 404=Not Found]]>
    </line>
    <line>
      <![CDATA[https://www.facebook.com/biz/directory/MD/ HTTP code: 404=Not Found]]>
    </line>
    <line>
      <![CDATA[https://www.facebook.com/biz/directory/ME/ HTTP code: 404=Not Found]]>
    </line>
    <line>
      <![CDATA[https://www.facebook.com/biz/directory/MF/ HTTP code: 404=Not Found]]>
    </line>
    <line>
      <![CDATA[https://www.facebook.com/biz/directory/MG/ HTTP code: 404=Not Found]]>
    </line>
    <line>
      <![CDATA[https://www.facebook.com/biz/directory/MK/ HTTP code: 404=Not Found]]>
    </line>
    <line>
      <![CDATA[https://www.facebook.com/biz/directory/ML/ HTTP code: 404=Not Found]]>
    </line>
    <line>
      <![CDATA[https://www.facebook.com/biz/directory/MM/ HTTP code: 404=Not Found]]>
    </line>
    <line>
      <![CDATA[https://www.facebook.com/biz/directory/MN/ HTTP code: 404=Not Found]]>
    </line>
    <line>
      <![CDATA[https://www.facebook.com/biz/directory/MO/ HTTP code: 404=Not Found]]>
    </line>
    <line>
      <![CDATA[https://www.facebook.com/biz/directory/MP/ HTTP code: 404=Not Found]]>
    </line>
    <line>
      <![CDATA[https://www.facebook.com/biz/directory/MQ/ HTTP code: 404=Not Found]]>
    </line>
    <line>
      <![CDATA[https://www.facebook.com/biz/directory/MR/ HTTP code: 404=Not Found]]>
    </line>
    <line>
      <![CDATA[https://www.facebook.com/biz/directory/MT/ HTTP code: 404=Not Found]]>
    </line>
    <line>
      <![CDATA[https://www.facebook.com/biz/directory/MU/ HTTP code: 404=Not Found]]>
    </line>
    <line>
      <![CDATA[https://www.facebook.com/biz/directory/MV/ HTTP code: 404=Not Found]]>
    </line>
    <line>
      <![CDATA[https://www.facebook.com/biz/directory/MW/ HTTP code: 404=Not Found]]>
    </line>
    <line>
      <![CDATA[https://www.facebook.com/biz/directory/MX/ HTTP code: 404=Not Found]]>
    </line>
    <line>
      <![CDATA[https://www.facebook.com/biz/directory/MY/ HTTP code: 404=Not Found]]>
    </line>
    <line>
      <![CDATA[https://www.facebook.com/biz/directory/MZ/ HTTP code: 404=Not Found]]>
    </line>
    <line>
      <![CDATA[https://www.facebook.com/biz/directory/NA/ HTTP code: 404=Not Found]]>
    </line>
    <line>
      <![CDATA[https://www.facebook.com/biz/directory/NC/ HTTP code: 404=Not Found]]>
    </line>
    <line>
      <![CDATA[https://www.facebook.com/biz/directory/NE/ HTTP code: 404=Not Found]]>
    </line>
    <line>
      <![CDATA[https://www.facebook.com/biz/directory/NG/ HTTP code: 404=Not Found]]>
    </line>
    <line>
      <![CDATA[https://www.facebook.com/biz/directory/NI/ HTTP code: 404=Not Found]]>
    </line>
    <line>
      <![CDATA[https://www.facebook.com/biz/directory/NL/ HTTP code: 404=Not Found]]>
    </line>
    <line>
      <![CDATA[https://www.facebook.com/biz/directory/NO/ HTTP code: 404=Not Found]]>
    </line>
    <line>
      <![CDATA[https://www.facebook.com/biz/directory/NP/ HTTP code: 404=Not Found]]>
    </line>
    <line>
      <![CDATA[https://www.facebook.com/biz/directory/NZ/ HTTP code: 404=Not Found]]>
    </line>
    <line>
      <![CDATA[https://www.facebook.com/biz/directory/OM/ HTTP code: 404=Not Found]]>
    </line>
    <line>
      <![CDATA[https://www.facebook.com/biz/directory/PA/ HTTP code: 404=Not Found]]>
    </line>
    <line>
      <![CDATA[https://www.facebook.com/biz/directory/PE/ HTTP code: 404=Not Found]]>
    </line>
    <line>
      <![CDATA[https://www.facebook.com/biz/directory/PF/ HTTP code: 404=Not Found]]>
    </line>
    <line>
      <![CDATA[https://www.facebook.com/biz/directory/PG/ HTTP code: 404=Not Found]]>
    </line>
    <line>
      <![CDATA[https://www.facebook.com/biz/directory/PH/ HTTP code: 404=Not Found]]>
    </line>
    <line>
      <![CDATA[https://www.facebook.com/biz/directory/PK/ HTTP code: 404=Not Found]]>
    </line>
    <line>
      <![CDATA[https://www.facebook.com/biz/directory/PL/ HTTP code: 404=Not Found]]>
    </line>
    <line>
      <![CDATA[https://www.facebook.com/biz/directory/PR/ HTTP code: 404=Not Found]]>
    </line>
    <line>
      <![CDATA[https://www.facebook.com/biz/directory/PS/ HTTP code: 404=Not Found]]>
    </line>
    <line>
      <![CDATA[https://www.facebook.com/biz/directory/PT/ HTTP code: 404=Not Found]]>
    </line>
    <line>
      <![CDATA[https://www.facebook.com/biz/directory/PY/ HTTP code: 404=Not Found]]>
    </line>
    <line>
      <![CDATA[https://www.facebook.com/biz/directory/QA/ HTTP code: 404=Not Found]]>
    </line>
    <line>
      <![CDATA[https://www.facebook.com/biz/directory/RE/ HTTP code: 404=Not Found]]>
    </line>
    <line>
      <![CDATA[https://www.facebook.com/biz/directory/RO/ HTTP code: 404=Not Found]]>
    </line>
    <line>
      <![CDATA[https://www.facebook.com/biz/directory/RS/ HTTP code: 404=Not Found]]>
    </line>
    <line>
      <![CDATA[https://www.facebook.com/biz/directory/RU/ HTTP code: 404=Not Found]]>
    </line>
    <line>
      <![CDATA[https://www.facebook.com/biz/directory/RW/ HTTP code: 404=Not Found]]>
    </line>
    <line>
      <![CDATA[https://www.facebook.com/biz/directory/SA/ HTTP code: 404=Not Found]]>
    </line>
    <line>
      <![CDATA[https://www.facebook.com/biz/directory/SB/ HTTP code: 404=Not Found]]>
    </line>
    <line>
      <![CDATA[https://www.facebook.com/biz/directory/SC/ HTTP code: 404=Not Found]]>
    </line>
    <line>
      <![CDATA[https://www.facebook.com/biz/directory/SD/ HTTP code: 404=Not Found]]>
    </line>
    <line>
      <![CDATA[https://www.facebook.com/biz/directory/SE/ HTTP code: 404=Not Found]]>
    </line>
    <line>
      <![CDATA[https://www.facebook.com/biz/directory/SG/ HTTP code: 404=Not Found]]>
    </line>
    <line>
      <![CDATA[https://www.facebook.com/biz/directory/SI/ HTTP code: 404=Not Found]]>
    </line>
    <line>
      <![CDATA[https://www.facebook.com/biz/directory/SK/ HTTP code: 404=Not Found]]>
    </line>
    <line>
      <![CDATA[https://www.facebook.com/biz/directory/SL/ HTTP code: 404=Not Found]]>
    </line>
    <line>
      <![CDATA[https://www.facebook.com/biz/directory/SM/ HTTP code: 404=Not Found]]>
    </line>
    <line>
      <![CDATA[https://www.facebook.com/biz/directory/SN/ HTTP code: 404=Not Found]]>
    </line>
    <line>
      <![CDATA[https://www.facebook.com/biz/directory/SO/ HTTP code: 404=Not Found]]>
    </line>
    <line>
      <![CDATA[https://www.facebook.com/biz/directory/SR/ HTTP code: 404=Not Found]]>
    </line>
    <line>
      <![CDATA[https://www.facebook.com/biz/directory/SS/ HTTP code: 404=Not Found]]>
    </line>
    <line>
      <![CDATA[https://www.facebook.com/biz/directory/SV/ HTTP code: 404=Not Found]]>
    </line>
    <line>
      <![CDATA[https://www.facebook.com/biz/directory/SX/ HTTP code: 404=Not Found]]>
    </line>
    <line>
      <![CDATA[https://www.facebook.com/biz/directory/SY/ HTTP code: 404=Not Found]]>
    </line>
    <line>
      <![CDATA[https://www.facebook.com/biz/directory/SZ/ HTTP code: 404=Not Found]]>
    </line>
    <line>
      <![CDATA[https://www.facebook.com/biz/directory/TC/ HTTP code: 404=Not Found]]>
    </line>
    <line>
      <![CDATA[https://www.facebook.com/biz/directory/TD/ HTTP code: 404=Not Found]]>
    </line>
    <line>
      <![CDATA[https://www.facebook.com/biz/directory/TG/ HTTP code: 404=Not Found]]>
    </line>
    <line>
      <![CDATA[https://www.facebook.com/biz/directory/TH/ HTTP code: 404=Not Found]]>
    </line>
    <line>
      <![CDATA[https://www.facebook.com/biz/directory/TJ/ HTTP code: 404=Not Found]]>
    </line>
    <line>
      <![CDATA[https://www.facebook.com/biz/directory/TL/ HTTP code: 404=Not Found]]>
    </line>
    <line>
      <![CDATA[https://www.facebook.com/biz/directory/TN/ HTTP code: 404=Not Found]]>
    </line>
    <line>
      <![CDATA[https://www.facebook.com/biz/directory/TO/ HTTP code: 404=Not Found]]>
    </line>
    <line>
      <![CDATA[https://www.facebook.com/biz/directory/TR/ HTTP code: 404=Not Found]]>
    </line>
    <line>
      <![CDATA[https://www.facebook.com/biz/directory/TT/ HTTP code: 404=Not Found]]>
    </line>
    <line>
      <![CDATA[https://www.facebook.com/biz/directory/TW/ HTTP code: 404=Not Found]]>
    </line>
    <line>
      <![CDATA[https://www.facebook.com/biz/directory/TZ/ HTTP code: 404=Not Found]]>
    </line>
    <line>
      <![CDATA[https://www.facebook.com/biz/directory/UA/ HTTP code: 404=Not Found]]>
    </line>
    <line>
      <![CDATA[https://www.facebook.com/biz/directory/UG/ HTTP code: 404=Not Found]]>
    </line>
    <line>
      <![CDATA[https://www.facebook.com/biz/directory/US/ HTTP code: 404=Not Found]]>
    </line>
    <line>
      <![CDATA[https://www.facebook.com/biz/directory/UY/ HTTP code: 404=Not Found]]>
    </line>
    <line>
      <![CDATA[https://www.facebook.com/biz/directory/UZ/ HTTP code: 404=Not Found]]>
    </line>
    <line>
      <![CDATA[https://www.facebook.com/biz/directory/VA/ HTTP code: 404=Not Found]]>
    </line>
    <line>
      <![CDATA[https://www.facebook.com/biz/directory/VC/ HTTP code: 404=Not Found]]>
    </line>
    <line>
      <![CDATA[https://www.facebook.com/biz/directory/VE/ HTTP code: 404=Not Found]]>
    </line>
    <line>
      <![CDATA[https://www.facebook.com/biz/directory/VG/ HTTP code: 404=Not Found]]>
    </line>
    <line>
      <![CDATA[https://www.facebook.com/biz/directory/VI/ HTTP code: 404=Not Found]]>
    </line>
    <line>
      <![CDATA[https://www.facebook.com/biz/directory/VN/ HTTP code: 404=Not Found]]>
    </line>
    <line>
      <![CDATA[https://www.facebook.com/biz/directory/VU/ HTTP code: 404=Not Found]]>
    </line>
    <line>
      <![CDATA[https://www.facebook.com/biz/directory/WS/ HTTP code: 404=Not Found]]>
    </line>
    <line>
      <![CDATA[https://www.facebook.com/biz/directory/YE/ HTTP code: 404=Not Found]]>
    </line>
    <line>
      <![CDATA[https://www.facebook.com/biz/directory/YT/ HTTP code: 404=Not Found]]>
    </line>
    <line>
      <![CDATA[https://www.facebook.com/biz/directory/ZA/ HTTP code: 404=Not Found]]>
    </line>
    <line>
      <![CDATA[https://www.facebook.com/biz/directory/ZM/ HTTP code: 404=Not Found]]>
    </line>
    <line>
      <![CDATA[https://www.facebook.com/biz/directory/ZW/ HTTP code: 404=Not Found]]>
    </line>
    <line>
      <![CDATA[-----softare Testing-----]]>
    </line>
    <line>
      <![CDATA[//div[@class='_80gt _2ph_'] , Andorra , United Arab Emirates , Afghanistan , Antigua , Anguilla , Albania , Armenia , Angola , Argentina , Austria , Australia , Aruba , Azerbaijan , Bosnia and Herzegovina , Barbados , Bangladesh , Belgium , Burkina Faso , Bulgaria , Bahrain , Burundi , Benin , Bermuda , Brunei , Bolivia , Bonaire, Saint Eustatius and Saba , Brazil , The Bahamas , Bhutan , Botswana , Belarus , Belize , Canada , Democratic Republic of the Congo , Republic of the Congo , Switzerland , Côte d'Ivoire , Chile , Cameroon , China , Colombia , Costa Rica , Cuba , Cape Verde , Curaçao , Cyprus , Czech Republic , Germany , Djibouti , Denmark , Dominica , Dominican Republic , Algeria , Ecuador , Estonia , Egypt , Spain , Ethiopia , Finland , Fiji , Faroe Islands , France , Gabon , United Kingdom , Grenada , Georgia , French Guiana , Guernsey , Ghana , Gibraltar , The Gambia , Guinea , Guadeloupe , Greece , Guatemala , Guam , Guyana , Hong Kong , Honduras , Croatia , Haiti , Hungary , Indonesia , Ireland , Israel , Isle of Man , India , Iraq , Iran , Iceland , Italy , Jersey , Jamaica , Jordan , Japan , Kenya , Kyrgyzstan , Cambodia , Saint Kitts and Nevis , South Korea , Kuwait , Cayman Islands , Kazakhstan , Laos , Lebanon , St. Lucia , Liechtenstein , Sri Lanka , Liberia , Lesotho , Lithuania , Luxembourg , Latvia , Libya , Morocco , Monaco , Moldova , Montenegro , Saint Martin , Madagascar , North Macedonia , Mali , Myanmar , Mongolia , Macau , Northern Mariana Islands , Martinique , Mauritania , Malta , Mauritius , Maldives , Malawi , Mexico , Malaysia , Mozambique , Namibia , New Caledonia , Niger , Nigeria , Nicaragua , Netherlands , Norway , Nepal , New Zealand , Oman , Panama , Peru , French Polynesia , Papua New Guinea , Philippines , Pakistan , Poland , Puerto Rico , Palestine , Portugal , Paraguay , Qatar , Réunion , Romania , Serbia , Russia , Rwanda , Saudi Arabia , Solomon Islands , Seychelles , Sudan , Sweden , Singapore , Slovenia , Slovakia , Sierra Leone , San Marino , Senegal , Somalia , Suriname , South Sudan , El Salvador , Sint Maarten , Syria , Swaziland , Turks and Caicos Islands , Chad , Togo , Thailand , Tajikistan , Timor-Leste , Tunisia , Tonga , Türkiye , Trinidad and Tobago , Taiwan , Tanzania , Ukraine , Uganda , United States , Uruguay , Uzbekistan , Vatican City , Saint Vincent and the Grenadines , Venezuela , British Virgin Islands , US Virgin Islands , Vietnam , Vanuatu , Samoa , Yemen , Mayotte , South Africa , Zambia , Zimbabwe]]>
    </line>
    <line>
      <![CDATA[count begin start Total links=0]]>
    </line>
    <line>
      <![CDATA[logo found]]>
    </line>
    <line>
      <![CDATA[logo found]]>
    </line>
    <line>
      <![CDATA[Username = achiragpastel@infosystechnologies.com]]>
    </line>
    <line>
      <![CDATA[Password = SoftwareTestingHead]]>
    </line>
    <line>
      <![CDATA[button name = Log In]]>
    </line>
    <line>
      <![CDATA[valdiation message =Wrong username and password combination.]]>
    </line>
    <line>
      <![CDATA[Total links=116]]>
    </line>
    <line>
      <![CDATA[URL :https://www.rediff.com/]]>
    </line>
    <line>
      <![CDATA[URL :https://mail.rediff.com/cgi-bin/login.cgi]]>
    </line>
    <line>
      <![CDATA[URL :https://money.rediff.com/]]>
    </line>
    <line>
      <![CDATA[URL :https://workmail.rediff.com/]]>
    </line>
    <line>
      <![CDATA[URL :https://businessemail.rediff.com/]]>
    </line>
    <line>
      <![CDATA[URL :https://gurus.rediff.com/]]>
    </line>
    <line>
      <![CDATA[URL :https://tv.rediff.com/?utm_source=rediff_home_icon&utm_medium=pc&utm_campaign=redifftv&utm_content=redifftv_rediff_home_icon_pc]]>
    </line>
    <line>
      <![CDATA[URL :https://register.rediff.com/utilities/newforgot/index.php?FormName=showlogin]]>
    </line>
    <line>
      <![CDATA[URL :https://register.rediff.com/register/register.php?FormName=user_details]]>
    </line>
    <line>
      <![CDATA[URL :https://www.rediff.com/news/report/swami-avimukteshwaranand-files-counter-case-against-accuser-under-pocso-act/20260226.htm]]>
    </line>
    <line>
      <![CDATA[URL :https://www.rediff.com/news/report/swami-avimukteshwaranand-files-counter-case-against-accuser-under-pocso-act/20260226.htm]]>
    </line>
    <line>
      <![CDATA[URL :https://www.rediff.com/cricket/report/t20-world-cup-super-8s-play-suryakumar-at-no-3-to-break-left-handers-pattern-chopra/20260226.htm]]>
    </line>
    <line>
      <![CDATA[URL :https://www.rediff.com/cricket/report/t20-world-cup-super-8s-play-suryakumar-at-no-3-to-break-left-handers-pattern-chopra/20260226.htm]]>
    </line>
    <line>
      <![CDATA[URL :https://www.rediff.com/news/report/modi-pays-tribute-to-holocaust-victims-at-yad-vashem-memorial/20260226.htm]]>
    </line>
    <line>
      <![CDATA[URL :https://www.rediff.com/news/report/modi-pays-tribute-to-holocaust-victims-at-yad-vashem-memorial/20260226.htm]]>
    </line>
    <line>
      <![CDATA[URL :https://www.rediff.com/getahead/report/from-india-to-london-with-love-raw-mangos-floral-debut-at-london-fashion-week/20260226.htm]]>
    </line>
    <line>
      <![CDATA[URL :https://www.rediff.com/getahead/report/from-india-to-london-with-love-raw-mangos-floral-debut-at-london-fashion-week/20260226.htm]]>
    </line>
    <line>
      <![CDATA[URL :https://www.rediff.com/cricket/report/ranji-trophy-final-karnataka-vs-jammu-and-kashmir-prasidh-krishna-takes-5-as-jk-lose-early-wickets-on-day-3/20260226.htm]]>
    </line>
    <line>
      <![CDATA[URL :https://www.rediff.com/cricket/report/ranji-trophy-final-karnataka-vs-jammu-and-kashmir-prasidh-krishna-takes-5-as-jk-lose-early-wickets-on-day-3/20260226.htm]]>
    </line>
    <line>
      <![CDATA[URL :https://www.rediff.com/news/report/wont-be-deterred-by-nuclear-threat-says-armys-western-commander/20260226.htm]]>
    </line>
    <line>
      <![CDATA[URL :https://www.rediff.com/news/report/wont-be-deterred-by-nuclear-threat-says-armys-western-commander/20260226.htm]]>
    </line>
    <line>
      <![CDATA[URL :https://www.rediff.com/sports/report/cristiano-ronaldo-secures-25-of-spanish-side-almera/20260226.htm]]>
    </line>
    <line>
      <![CDATA[URL :https://www.rediff.com/sports/report/cristiano-ronaldo-secures-25-of-spanish-side-almera/20260226.htm]]>
    </line>
    <line>
      <![CDATA[URL :https://www.rediff.com/news/column/tarun-vijay-75-years-apart-nehrus-caution-vs-modis-conviction/20260226.htm]]>
    </line>
    <line>
      <![CDATA[URL :https://www.rediff.com/news/column/tarun-vijay-75-years-apart-nehrus-caution-vs-modis-conviction/20260226.htm]]>
    </line>
    <line>
      <![CDATA[URL :https://www.rediff.com/business]]>
    </line>
    <line>
      <![CDATA[URL :https://www.rediff.com/business/report/stock-market-today-sensex-nifty50-end-mixed-in-volatile-trade/20260226.htm]]>
    </line>
    <line>
      <![CDATA[URL :https://www.rediff.com/business/report/stock-market-today-sensex-nifty50-end-mixed-in-volatile-trade/20260226.htm]]>
    </line>
    <line>
      <![CDATA[URL :https://www.rediff.com/business]]>
    </line>
    <line>
      <![CDATA[URL :https://www.rediff.com/news]]>
    </line>
    <line>
      <![CDATA[URL :https://www.rediff.com/news/report/hc-stays-release-of-kerala-story-2/20260226.htm]]>
    </line>
    <line>
      <![CDATA[URL :https://www.rediff.com/news/report/hc-stays-release-of-kerala-story-2/20260226.htm]]>
    </line>
    <line>
      <![CDATA[URL :https://www.rediff.com/news]]>
    </line>
    <line>
      <![CDATA[URL :https://www.rediff.com/news]]>
    </line>
    <line>
      <![CDATA[URL :https://www.rediff.com/news/report/ncert-textbook-row-govt-promises-action-after-sc-ban/20260226.htm]]>
    </line>
    <line>
      <![CDATA[URL :https://www.rediff.com/news/report/ncert-textbook-row-govt-promises-action-after-sc-ban/20260226.htm]]>
    </line>
    <line>
      <![CDATA[URL :https://www.rediff.com/news]]>
    </line>
    <line>
      <![CDATA[URL :https://www.rediff.com/news]]>
    </line>
    <line>
      <![CDATA[URL :https://www.rediff.com/news/report/now-no-charges-for-cancelling-air-ticket-before-48-hrs/20260226.htm]]>
    </line>
    <line>
      <![CDATA[URL :https://www.rediff.com/news/report/now-no-charges-for-cancelling-air-ticket-before-48-hrs/20260226.htm]]>
    </line>
    <line>
      <![CDATA[URL :https://www.rediff.com/news]]>
    </line>
    <line>
      <![CDATA[URL :https://www.rediff.com/news]]>
    </line>
    <line>
      <![CDATA[URL :https://www.rediff.com/news/report/delhi-airport-customs-seize-rs-24-crore-worth-of-marijuana/20260226.htm]]>
    </line>
    <line>
      <![CDATA[URL :https://www.rediff.com/news/report/delhi-airport-customs-seize-rs-24-crore-worth-of-marijuana/20260226.htm]]>
    </line>
    <line>
      <![CDATA[URL :https://www.rediff.com/news]]>
    </line>
    <line>
      <![CDATA[URL :https://www.rediff.com/business]]>
    </line>
    <line>
      <![CDATA[URL :https://www.rediff.com/business/report/ai-ecosystem-opaque-needs-accountability-cci-chairperson/20260226.htm]]>
    </line>
    <line>
      <![CDATA[URL :https://www.rediff.com/business/report/ai-ecosystem-opaque-needs-accountability-cci-chairperson/20260226.htm]]>
    </line>
    <line>
      <![CDATA[URL :https://www.rediff.com/business]]>
    </line>
    <line>
      <![CDATA[URL :https://www.rediff.com/movies]]>
    </line>
    <line>
      <![CDATA[URL :https://www.rediff.com/movies/report/aamir-khan-shares-positive-news-on-salim-khans-health/20260226.htm]]>
    </line>
    <line>
      <![CDATA[URL :https://www.rediff.com/movies/report/aamir-khan-shares-positive-news-on-salim-khans-health/20260226.htm]]>
    </line>
    <line>
      <![CDATA[URL :https://www.rediff.com/movies]]>
    </line>
    <line>
      <![CDATA[URL :https://www.rediff.com/cricket]]>
    </line>
    <line>
      <![CDATA[URL :https://www.rediff.com/cricket/report/santners-spin-army-awaits-brook-as-nz-eye-semi-final-berth-icc-t20-wc/20260226.htm]]>
    </line>
    <line>
      <![CDATA[URL :https://www.rediff.com/cricket/report/santners-spin-army-awaits-brook-as-nz-eye-semi-final-berth-icc-t20-wc/20260226.htm]]>
    </line>
    <line>
      <![CDATA[URL :https://www.rediff.com/cricket]]>
    </line>
    <line>
      <![CDATA[URL :https://www.rediff.com/getahead]]>
    </line>
    <line>
      <![CDATA[URL :https://www.rediff.com/getahead/report/13-must-visit-indian-literary-festivals-travel-lisiticle/20260226.htm]]>
    </line>
    <line>
      <![CDATA[URL :https://www.rediff.com/getahead/report/13-must-visit-indian-literary-festivals-travel-lisiticle/20260226.htm]]>
    </line>
    <line>
      <![CDATA[URL :https://www.rediff.com/getahead]]>
    </line>
    <line>
      <![CDATA[URL :https://www.rediff.com/news]]>
    </line>
    <line>
      <![CDATA[URL :https://www.rediff.com/news/report/maid-orchestrates-fake-ed-raid-at-employers-home-held/20260226.htm]]>
    </line>
    <line>
      <![CDATA[URL :https://www.rediff.com/news/report/maid-orchestrates-fake-ed-raid-at-employers-home-held/20260226.htm]]>
    </line>
    <line>
      <![CDATA[URL :https://www.rediff.com/news]]>
    </line>
    <line>
      <![CDATA[URL :https://www.rediff.com/news]]>
    </line>
    <line>
      <![CDATA[URL :https://www.rediff.com/news/report/president-murmu-to-fly-in-indigenous-combat-helicopter-prachand/20260226.htm]]>
    </line>
    <line>
      <![CDATA[URL :https://www.rediff.com/news/report/president-murmu-to-fly-in-indigenous-combat-helicopter-prachand/20260226.htm]]>
    </line>
    <line>
      <![CDATA[URL :https://www.rediff.com/news]]>
    </line>
    <line>
      <![CDATA[URL :https://www.rediff.com/news]]>
    </line>
    <line>
      <![CDATA[URL :https://www.rediff.com/news/report/fissures-in-mva-after-sena-ubt-cong-claims-rs-seat/20260226.htm]]>
    </line>
    <line>
      <![CDATA[URL :https://www.rediff.com/news/report/fissures-in-mva-after-sena-ubt-cong-claims-rs-seat/20260226.htm]]>
    </line>
    <line>
      <![CDATA[URL :https://www.rediff.com/news]]>
    </line>
    <line>
      <![CDATA[URL :https://www.rediff.com/news]]>
    </line>
    <line>
      <![CDATA[URL :https://www.rediff.com/news/interview/bhuvan-ribh-child-marriage-is-nothing-but-child-rape/20260226.htm]]>
    </line>
    <line>
      <![CDATA[URL :https://www.rediff.com/news/interview/bhuvan-ribh-child-marriage-is-nothing-but-child-rape/20260226.htm]]>
    </line>
    <line>
      <![CDATA[URL :https://www.rediff.com/news]]>
    </line>
    <line>
      <![CDATA[URL :https://www.rediff.com/news]]>
    </line>
    <line>
      <![CDATA[URL :https://www.rediff.com/news/report/gangtok-police-use-drones-for-traffic-management/20260226.htm]]>
    </line>
    <line>
      <![CDATA[URL :https://www.rediff.com/news/report/gangtok-police-use-drones-for-traffic-management/20260226.htm]]>
    </line>
    <line>
      <![CDATA[URL :https://www.rediff.com/news]]>
    </line>
    <line>
      <![CDATA[URL :https://www.rediff.com/business]]>
    </line>
    <line>
      <![CDATA[URL :https://www.rediff.com/business/report/us-announces-126-duty-on-imports-of-indian/20260226.htm]]>
    </line>
    <line>
      <![CDATA[URL :https://www.rediff.com/business/report/us-announces-126-duty-on-imports-of-indian/20260226.htm]]>
    </line>
    <line>
      <![CDATA[URL :https://www.rediff.com/business]]>
    </line>
    <line>
      <![CDATA[URL :https://www.rediff.com/news]]>
    </line>
    <line>
      <![CDATA[URL :https://www.rediff.com/news/report/undermines-judiciary-heads-must-roll-sc-bans-ncert-textbook/20260226.htm]]>
    </line>
    <line>
      <![CDATA[URL :https://www.rediff.com/news/report/undermines-judiciary-heads-must-roll-sc-bans-ncert-textbook/20260226.htm]]>
    </line>
    <line>
      <![CDATA[URL :https://www.rediff.com/news]]>
    </line>
    <line>
      <![CDATA[URL :https://www.rediff.com/movies]]>
    </line>
    <line>
      <![CDATA[URL :https://www.rediff.com/movies/report/rashmika-mandanna-vijay-deverakonda-are-married/20260226.htm]]>
    </line>
    <line>
      <![CDATA[URL :https://www.rediff.com/movies/report/rashmika-mandanna-vijay-deverakonda-are-married/20260226.htm]]>
    </line>
    <line>
      <![CDATA[URL :https://www.rediff.com/movies]]>
    </line>
    <line>
      <![CDATA[URL :https://www.rediff.com/getahead]]>
    </line>
    <line>
      <![CDATA[URL :https://www.rediff.com/getahead/report/i-was-laid-off-due-to-ai/20260226.htm]]>
    </line>
    <line>
      <![CDATA[URL :https://www.rediff.com/getahead/report/i-was-laid-off-due-to-ai/20260226.htm]]>
    </line>
    <line>
      <![CDATA[URL :https://www.rediff.com/getahead]]>
    </line>
    <line>
      <![CDATA[URL :https://www.rediff.com/movies]]>
    </line>
    <line>
      <![CDATA[URL :https://www.rediff.com/movies/review/why-rental-family-is-a-feel-good-watch/20260226.htm]]>
    </line>
    <line>
      <![CDATA[URL :https://www.rediff.com/movies/review/why-rental-family-is-a-feel-good-watch/20260226.htm]]>
    </line>
    <line>
      <![CDATA[URL :https://www.rediff.com/movies]]>
    </line>
    <line>
      <![CDATA[URL :https://www.rediff.com/business]]>
    </line>
    <line>
      <![CDATA[URL :https://www.rediff.com/business/report/india-must-use-current-geopolitical-churn-to-build-manufacturing-scale-at-home-amitabh-kant/20260226.htm]]>
    </line>
    <line>
      <![CDATA[URL :https://www.rediff.com/business/report/india-must-use-current-geopolitical-churn-to-build-manufacturing-scale-at-home-amitabh-kant/20260226.htm]]>
    </line>
    <line>
      <![CDATA[URL :https://www.rediff.com/business]]>
    </line>
    <line>
      <![CDATA[URL :https://www.rediff.com/cricket]]>
    </line>
    <line>
      <![CDATA[URL :https://www.rediff.com/cricket/report/t20-world-cup-santner-makes-you-feel-10-feet-tall-and-bulletproof-rachin-ravindra/20260226.htm]]>
    </line>
    <line>
      <![CDATA[URL :https://www.rediff.com/cricket/report/t20-world-cup-santner-makes-you-feel-10-feet-tall-and-bulletproof-rachin-ravindra/20260226.htm]]>
    </line>
    <line>
      <![CDATA[URL :https://www.rediff.com/cricket]]>
    </line>
    <line>
      <![CDATA[URL :https://www.rediff.com/movies]]>
    </line>
    <line>
      <![CDATA[URL :https://www.rediff.com/movies/report/at-rashmika-mandanna-vijay-deverakondas-haldi-ceremony/20260226.htm]]>
    </line>
    <line>
      <![CDATA[URL :https://www.rediff.com/movies/report/at-rashmika-mandanna-vijay-deverakondas-haldi-ceremony/20260226.htm]]>
    </line>
    <line>
      <![CDATA[URL :https://www.rediff.com/movies]]>
    </line>
    <line>
      <![CDATA[URL :http://in.rediff.com/disclaim.htm]]>
    </line>
    <line>
      <![CDATA[URL :http://www.rediff.com/w3c/policy.html]]>
    </line>
  </reporter-output>
  <suite started-at="2026-02-26T17:41:06 IST" name="Suite" finished-at="2026-02-26T17:44:56 IST" duration-ms="230434">
    <groups>
    </groups>
    <test started-at="2026-02-26T17:41:06 IST" name="Test" finished-at="2026-02-26T17:44:56 IST" duration-ms="230434">
      <class name="test.JobTest">
        <test-method is-config="true" signature="c()[pri:0, instance:test.JobTest@13b6aecc]" started-at="2026-02-26T17:41:06 IST" name="c" finished-at="2026-02-26T17:41:06 IST" duration-ms="15" status="PASS">
          <reporter-output>
          </reporter-output>
        </test-method> <!-- c -->
        <test-method is-config="true" signature="e()[pri:0, instance:test.JobTest@13b6aecc]" started-at="2026-02-26T17:44:15 IST" name="e" finished-at="2026-02-26T17:44:15 IST" duration-ms="0" status="PASS">
          <reporter-output>
          </reporter-output>
        </test-method> <!-- e -->
        <test-method is-config="true" signature="b()[pri:0, instance:test.JobTest@13b6aecc]" started-at="2026-02-26T17:44:15 IST" name="b" finished-at="2026-02-26T17:44:15 IST" duration-ms="1" status="PASS">
          <reporter-output>
          </reporter-output>
        </test-method> <!-- b -->
        <test-method is-config="true" signature="d()[pri:0, instance:test.JobTest@13b6aecc]" started-at="2026-02-26T17:44:15 IST" name="d" finished-at="2026-02-26T17:44:15 IST" duration-ms="2" status="PASS">
          <reporter-output>
          </reporter-output>
        </test-method> <!-- d -->
        <test-method signature="a1()[pri:0, instance:test.JobTest@13b6aecc]" started-at="2026-02-26T17:44:15 IST" name="a1" finished-at="2026-02-26T17:44:15 IST" duration-ms="1" status="PASS">
          <reporter-output>
          </reporter-output>
        </test-method> <!-- a1 -->
        <test-method is-config="true" signature="da()[pri:0, instance:test.JobTest@13b6aecc]" started-at="2026-02-26T17:44:15 IST" name="da" finished-at="2026-02-26T17:44:15 IST" duration-ms="1" status="PASS">
          <reporter-output>
          </reporter-output>
        </test-method> <!-- da -->
        <test-method is-config="true" signature="b()[pri:0, instance:test.JobTest@13b6aecc]" started-at="2026-02-26T17:44:15 IST" name="b" finished-at="2026-02-26T17:44:15 IST" duration-ms="1" status="PASS">
          <reporter-output>
          </reporter-output>
        </test-method> <!-- b -->
        <test-method is-config="true" signature="d()[pri:0, instance:test.JobTest@13b6aecc]" started-at="2026-02-26T17:44:15 IST" name="d" finished-at="2026-02-26T17:44:15 IST" duration-ms="1" status="PASS">
          <reporter-output>
          </reporter-output>
        </test-method> <!-- d -->
        <test-method signature="a2()[pri:0, instance:test.JobTest@13b6aecc]" started-at="2026-02-26T17:44:15 IST" name="a2" finished-at="2026-02-26T17:44:15 IST" duration-ms="1" status="PASS">
          <reporter-output>
          </reporter-output>
        </test-method> <!-- a2 -->
        <test-method is-config="true" signature="da()[pri:0, instance:test.JobTest@13b6aecc]" started-at="2026-02-26T17:44:15 IST" name="da" finished-at="2026-02-26T17:44:15 IST" duration-ms="1" status="PASS">
          <reporter-output>
          </reporter-output>
        </test-method> <!-- da -->
        <test-method is-config="true" signature="ea()[pri:0, instance:test.JobTest@13b6aecc]" started-at="2026-02-26T17:44:56 IST" name="ea" finished-at="2026-02-26T17:44:56 IST" duration-ms="1" status="PASS">
          <reporter-output>
          </reporter-output>
        </test-method> <!-- ea -->
        <test-method is-config="true" signature="ef()[pri:0, instance:test.JobTest@13b6aecc]" started-at="2026-02-26T17:44:56 IST" name="ef" finished-at="2026-02-26T17:44:56 IST" duration-ms="0" status="PASS">
          <reporter-output>
          </reporter-output>
        </test-method> <!-- ef -->
        <test-method is-config="true" signature="ca()[pri:0, instance:test.JobTest@13b6aecc]" started-at="2026-02-26T17:45:02 IST" name="ca" finished-at="2026-02-26T17:45:02 IST" duration-ms="0" status="PASS">
          <reporter-output>
          </reporter-output>
        </test-method> <!-- ca -->
      </class> <!-- test.JobTest -->
      <class name="test.Flipkart">
        <test-method is-config="true" signature="setUp()[pri:0, instance:test.Flipkart@4009e306]" started-at="2026-02-26T17:43:54 IST" name="setUp" finished-at="2026-02-26T17:43:55 IST" duration-ms="1196" status="PASS">
          <reporter-output>
          </reporter-output>
        </test-method> <!-- setUp -->
        <test-method signature="Menul_Links()[pri:0, instance:test.Flipkart@4009e306]" started-at="2026-02-26T17:43:55 IST" name="Menul_Links" finished-at="2026-02-26T17:44:06 IST" duration-ms="11121" status="PASS">
          <reporter-output>
            <line>
              <![CDATA[count begin start Total links=0]]>
            </line>
          </reporter-output>
        </test-method> <!-- Menul_Links -->
        <test-method is-config="true" signature="tearDown()[pri:0, instance:test.Flipkart@4009e306]" started-at="2026-02-26T17:44:06 IST" name="tearDown" finished-at="2026-02-26T17:44:06 IST" duration-ms="254" status="PASS">
          <reporter-output>
          </reporter-output>
        </test-method> <!-- tearDown -->
      </class> <!-- test.Flipkart -->
      <class name="test.DataProviderTest">
        <test-method signature="validLogin(java.lang.String,java.lang.String)[pri:0, instance:test.DataProviderTest@69453e37]" started-at="2026-02-26T17:41:33 IST" name="validLogin" data-provider="dp" finished-at="2026-02-26T17:41:33 IST" duration-ms="3" status="PASS">
          <params>
            <param index="0">
              <value>
                <![CDATA[chrome]]>
              </value>
            </param>
            <param index="1">
              <value>
                <![CDATA[https://www.facebook.com]]>
              </value>
            </param>
          </params>
          <reporter-output>
            <line>
              <![CDATA[Browser =chrome]]>
            </line>
            <line>
              <![CDATA[Passowrd =https://www.facebook.com]]>
            </line>
          </reporter-output>
        </test-method> <!-- validLogin -->
      </class> <!-- test.DataProviderTest -->
      <class name="test.Assertions_Test">
        <test-method is-config="true" signature="afterTest()[pri:0, instance:test.Assertions_Test@38afe297]" started-at="2026-02-26T17:44:57 IST" name="afterTest" finished-at="2026-02-26T17:45:02 IST" duration-ms="5221" status="PASS">
          <reporter-output>
          </reporter-output>
        </test-method> <!-- afterTest -->
      </class> <!-- test.Assertions_Test -->
      <class name="test.Facebook_BrokenLink">
        <test-method is-config="true" signature="setUp()[pri:0, instance:test.Facebook_BrokenLink@7dc0f706]" started-at="2026-02-26T17:41:48 IST" name="setUp" finished-at="2026-02-26T17:41:49 IST" duration-ms="1148" status="PASS">
          <reporter-output>
          </reporter-output>
        </test-method> <!-- setUp -->
        <test-method signature="FbServiceDirectory()[pri:0, instance:test.Facebook_BrokenLink@7dc0f706]" started-at="2026-02-26T17:41:49 IST" name="FbServiceDirectory" finished-at="2026-02-26T17:43:54 IST" duration-ms="124901" status="PASS">
          <reporter-output>
            <line>
              <![CDATA[Facebook services directory]]>
            </line>
            <line>
              <![CDATA[count begin start Total links=210]]>
            </line>
            <line>
              <![CDATA[https://www.facebook.com/biz/directory/AD/ HTTP code: 404=Not Found]]>
            </line>
            <line>
              <![CDATA[https://www.facebook.com/biz/directory/AE/ HTTP code: 404=Not Found]]>
            </line>
            <line>
              <![CDATA[https://www.facebook.com/biz/directory/AF/ HTTP code: 404=Not Found]]>
            </line>
            <line>
              <![CDATA[https://www.facebook.com/biz/directory/AG/ HTTP code: 404=Not Found]]>
            </line>
            <line>
              <![CDATA[https://www.facebook.com/biz/directory/AI/ HTTP code: 404=Not Found]]>
            </line>
            <line>
              <![CDATA[https://www.facebook.com/biz/directory/AL/ HTTP code: 404=Not Found]]>
            </line>
            <line>
              <![CDATA[https://www.facebook.com/biz/directory/AM/ HTTP code: 404=Not Found]]>
            </line>
            <line>
              <![CDATA[https://www.facebook.com/biz/directory/AO/ HTTP code: 404=Not Found]]>
            </line>
            <line>
              <![CDATA[https://www.facebook.com/biz/directory/AR/ HTTP code: 404=Not Found]]>
            </line>
            <line>
              <![CDATA[https://www.facebook.com/biz/directory/AT/ HTTP code: 404=Not Found]]>
            </line>
            <line>
              <![CDATA[https://www.facebook.com/biz/directory/AU/ HTTP code: 404=Not Found]]>
            </line>
            <line>
              <![CDATA[https://www.facebook.com/biz/directory/AW/ HTTP code: 404=Not Found]]>
            </line>
            <line>
              <![CDATA[https://www.facebook.com/biz/directory/AZ/ HTTP code: 404=Not Found]]>
            </line>
            <line>
              <![CDATA[https://www.facebook.com/biz/directory/BA/ HTTP code: 404=Not Found]]>
            </line>
            <line>
              <![CDATA[https://www.facebook.com/biz/directory/BB/ HTTP code: 404=Not Found]]>
            </line>
            <line>
              <![CDATA[https://www.facebook.com/biz/directory/BD/ HTTP code: 404=Not Found]]>
            </line>
            <line>
              <![CDATA[https://www.facebook.com/biz/directory/BE/ HTTP code: 404=Not Found]]>
            </line>
            <line>
              <![CDATA[https://www.facebook.com/biz/directory/BF/ HTTP code: 404=Not Found]]>
            </line>
            <line>
              <![CDATA[https://www.facebook.com/biz/directory/BG/ HTTP code: 404=Not Found]]>
            </line>
            <line>
              <![CDATA[https://www.facebook.com/biz/directory/BH/ HTTP code: 404=Not Found]]>
            </line>
            <line>
              <![CDATA[https://www.facebook.com/biz/directory/BI/ HTTP code: 404=Not Found]]>
            </line>
            <line>
              <![CDATA[https://www.facebook.com/biz/directory/BJ/ HTTP code: 404=Not Found]]>
            </line>
            <line>
              <![CDATA[https://www.facebook.com/biz/directory/BM/ HTTP code: 404=Not Found]]>
            </line>
            <line>
              <![CDATA[https://www.facebook.com/biz/directory/BN/ HTTP code: 404=Not Found]]>
            </line>
            <line>
              <![CDATA[https://www.facebook.com/biz/directory/BO/ HTTP code: 404=Not Found]]>
            </line>
            <line>
              <![CDATA[https://www.facebook.com/biz/directory/BQ/ HTTP code: 404=Not Found]]>
            </line>
            <line>
              <![CDATA[https://www.facebook.com/biz/directory/BR/ HTTP code: 404=Not Found]]>
            </line>
            <line>
              <![CDATA[https://www.facebook.com/biz/directory/BS/ HTTP code: 404=Not Found]]>
            </line>
            <line>
              <![CDATA[https://www.facebook.com/biz/directory/BT/ HTTP code: 404=Not Found]]>
            </line>
            <line>
              <![CDATA[https://www.facebook.com/biz/directory/BW/ HTTP code: 404=Not Found]]>
            </line>
            <line>
              <![CDATA[https://www.facebook.com/biz/directory/BY/ HTTP code: 404=Not Found]]>
            </line>
            <line>
              <![CDATA[https://www.facebook.com/biz/directory/BZ/ HTTP code: 404=Not Found]]>
            </line>
            <line>
              <![CDATA[https://www.facebook.com/biz/directory/CA/ HTTP code: 404=Not Found]]>
            </line>
            <line>
              <![CDATA[https://www.facebook.com/biz/directory/CD/ HTTP code: 404=Not Found]]>
            </line>
            <line>
              <![CDATA[https://www.facebook.com/biz/directory/CG/ HTTP code: 404=Not Found]]>
            </line>
            <line>
              <![CDATA[https://www.facebook.com/biz/directory/CH/ HTTP code: 404=Not Found]]>
            </line>
            <line>
              <![CDATA[https://www.facebook.com/biz/directory/CI/ HTTP code: 404=Not Found]]>
            </line>
            <line>
              <![CDATA[https://www.facebook.com/biz/directory/CL/ HTTP code: 404=Not Found]]>
            </line>
            <line>
              <![CDATA[https://www.facebook.com/biz/directory/CM/ HTTP code: 404=Not Found]]>
            </line>
            <line>
              <![CDATA[https://www.facebook.com/biz/directory/CN/ HTTP code: 404=Not Found]]>
            </line>
            <line>
              <![CDATA[https://www.facebook.com/biz/directory/CO/ HTTP code: 404=Not Found]]>
            </line>
            <line>
              <![CDATA[https://www.facebook.com/biz/directory/CR/ HTTP code: 404=Not Found]]>
            </line>
            <line>
              <![CDATA[https://www.facebook.com/biz/directory/CU/ HTTP code: 404=Not Found]]>
            </line>
            <line>
              <![CDATA[https://www.facebook.com/biz/directory/CV/ HTTP code: 404=Not Found]]>
            </line>
            <line>
              <![CDATA[https://www.facebook.com/biz/directory/CW/ HTTP code: 404=Not Found]]>
            </line>
            <line>
              <![CDATA[https://www.facebook.com/biz/directory/CY/ HTTP code: 404=Not Found]]>
            </line>
            <line>
              <![CDATA[https://www.facebook.com/biz/directory/CZ/ HTTP code: 404=Not Found]]>
            </line>
            <line>
              <![CDATA[https://www.facebook.com/biz/directory/DE/ HTTP code: 404=Not Found]]>
            </line>
            <line>
              <![CDATA[https://www.facebook.com/biz/directory/DJ/ HTTP code: 404=Not Found]]>
            </line>
            <line>
              <![CDATA[https://www.facebook.com/biz/directory/DK/ HTTP code: 404=Not Found]]>
            </line>
            <line>
              <![CDATA[https://www.facebook.com/biz/directory/DM/ HTTP code: 404=Not Found]]>
            </line>
            <line>
              <![CDATA[https://www.facebook.com/biz/directory/DO/ HTTP code: 404=Not Found]]>
            </line>
            <line>
              <![CDATA[https://www.facebook.com/biz/directory/DZ/ HTTP code: 404=Not Found]]>
            </line>
            <line>
              <![CDATA[https://www.facebook.com/biz/directory/EC/ HTTP code: 404=Not Found]]>
            </line>
            <line>
              <![CDATA[https://www.facebook.com/biz/directory/EE/ HTTP code: 404=Not Found]]>
            </line>
            <line>
              <![CDATA[https://www.facebook.com/biz/directory/EG/ HTTP code: 404=Not Found]]>
            </line>
            <line>
              <![CDATA[https://www.facebook.com/biz/directory/ES/ HTTP code: 404=Not Found]]>
            </line>
            <line>
              <![CDATA[https://www.facebook.com/biz/directory/ET/ HTTP code: 404=Not Found]]>
            </line>
            <line>
              <![CDATA[https://www.facebook.com/biz/directory/FI/ HTTP code: 404=Not Found]]>
            </line>
            <line>
              <![CDATA[https://www.facebook.com/biz/directory/FJ/ HTTP code: 404=Not Found]]>
            </line>
            <line>
              <![CDATA[https://www.facebook.com/biz/directory/FO/ HTTP code: 404=Not Found]]>
            </line>
            <line>
              <![CDATA[https://www.facebook.com/biz/directory/FR/ HTTP code: 404=Not Found]]>
            </line>
            <line>
              <![CDATA[https://www.facebook.com/biz/directory/GA/ HTTP code: 404=Not Found]]>
            </line>
            <line>
              <![CDATA[https://www.facebook.com/biz/directory/GB/ HTTP code: 404=Not Found]]>
            </line>
            <line>
              <![CDATA[https://www.facebook.com/biz/directory/GD/ HTTP code: 404=Not Found]]>
            </line>
            <line>
              <![CDATA[https://www.facebook.com/biz/directory/GE/ HTTP code: 404=Not Found]]>
            </line>
            <line>
              <![CDATA[https://www.facebook.com/biz/directory/GF/ HTTP code: 404=Not Found]]>
            </line>
            <line>
              <![CDATA[https://www.facebook.com/biz/directory/GG/ HTTP code: 404=Not Found]]>
            </line>
            <line>
              <![CDATA[https://www.facebook.com/biz/directory/GH/ HTTP code: 404=Not Found]]>
            </line>
            <line>
              <![CDATA[https://www.facebook.com/biz/directory/GI/ HTTP code: 404=Not Found]]>
            </line>
            <line>
              <![CDATA[https://www.facebook.com/biz/directory/GM/ HTTP code: 404=Not Found]]>
            </line>
            <line>
              <![CDATA[https://www.facebook.com/biz/directory/GN/ HTTP code: 404=Not Found]]>
            </line>
            <line>
              <![CDATA[https://www.facebook.com/biz/directory/GP/ HTTP code: 404=Not Found]]>
            </line>
            <line>
              <![CDATA[https://www.facebook.com/biz/directory/GR/ HTTP code: 404=Not Found]]>
            </line>
            <line>
              <![CDATA[https://www.facebook.com/biz/directory/GT/ HTTP code: 404=Not Found]]>
            </line>
            <line>
              <![CDATA[https://www.facebook.com/biz/directory/GU/ HTTP code: 404=Not Found]]>
            </line>
            <line>
              <![CDATA[https://www.facebook.com/biz/directory/GY/ HTTP code: 404=Not Found]]>
            </line>
            <line>
              <![CDATA[https://www.facebook.com/biz/directory/HK/ HTTP code: 404=Not Found]]>
            </line>
            <line>
              <![CDATA[https://www.facebook.com/biz/directory/HN/ HTTP code: 404=Not Found]]>
            </line>
            <line>
              <![CDATA[https://www.facebook.com/biz/directory/HR/ HTTP code: 404=Not Found]]>
            </line>
            <line>
              <![CDATA[https://www.facebook.com/biz/directory/HT/ HTTP code: 404=Not Found]]>
            </line>
            <line>
              <![CDATA[https://www.facebook.com/biz/directory/HU/ HTTP code: 404=Not Found]]>
            </line>
            <line>
              <![CDATA[https://www.facebook.com/biz/directory/ID/ HTTP code: 404=Not Found]]>
            </line>
            <line>
              <![CDATA[https://www.facebook.com/biz/directory/IE/ HTTP code: 404=Not Found]]>
            </line>
            <line>
              <![CDATA[https://www.facebook.com/biz/directory/IL/ HTTP code: 404=Not Found]]>
            </line>
            <line>
              <![CDATA[https://www.facebook.com/biz/directory/IM/ HTTP code: 404=Not Found]]>
            </line>
            <line>
              <![CDATA[https://www.facebook.com/biz/directory/IN/ HTTP code: 404=Not Found]]>
            </line>
            <line>
              <![CDATA[https://www.facebook.com/biz/directory/IQ/ HTTP code: 404=Not Found]]>
            </line>
            <line>
              <![CDATA[https://www.facebook.com/biz/directory/IR/ HTTP code: 404=Not Found]]>
            </line>
            <line>
              <![CDATA[https://www.facebook.com/biz/directory/IS/ HTTP code: 404=Not Found]]>
            </line>
            <line>
              <![CDATA[https://www.facebook.com/biz/directory/IT/ HTTP code: 404=Not Found]]>
            </line>
            <line>
              <![CDATA[https://www.facebook.com/biz/directory/JE/ HTTP code: 404=Not Found]]>
            </line>
            <line>
              <![CDATA[https://www.facebook.com/biz/directory/JM/ HTTP code: 404=Not Found]]>
            </line>
            <line>
              <![CDATA[https://www.facebook.com/biz/directory/JO/ HTTP code: 404=Not Found]]>
            </line>
            <line>
              <![CDATA[https://www.facebook.com/biz/directory/JP/ HTTP code: 404=Not Found]]>
            </line>
            <line>
              <![CDATA[https://www.facebook.com/biz/directory/KE/ HTTP code: 404=Not Found]]>
            </line>
            <line>
              <![CDATA[https://www.facebook.com/biz/directory/KG/ HTTP code: 404=Not Found]]>
            </line>
            <line>
              <![CDATA[https://www.facebook.com/biz/directory/KH/ HTTP code: 404=Not Found]]>
            </line>
            <line>
              <![CDATA[https://www.facebook.com/biz/directory/KN/ HTTP code: 404=Not Found]]>
            </line>
            <line>
              <![CDATA[https://www.facebook.com/biz/directory/KR/ HTTP code: 404=Not Found]]>
            </line>
            <line>
              <![CDATA[https://www.facebook.com/biz/directory/KW/ HTTP code: 404=Not Found]]>
            </line>
            <line>
              <![CDATA[https://www.facebook.com/biz/directory/KY/ HTTP code: 404=Not Found]]>
            </line>
            <line>
              <![CDATA[https://www.facebook.com/biz/directory/KZ/ HTTP code: 404=Not Found]]>
            </line>
            <line>
              <![CDATA[https://www.facebook.com/biz/directory/LA/ HTTP code: 404=Not Found]]>
            </line>
            <line>
              <![CDATA[https://www.facebook.com/biz/directory/LB/ HTTP code: 404=Not Found]]>
            </line>
            <line>
              <![CDATA[https://www.facebook.com/biz/directory/LC/ HTTP code: 404=Not Found]]>
            </line>
            <line>
              <![CDATA[https://www.facebook.com/biz/directory/LI/ HTTP code: 404=Not Found]]>
            </line>
            <line>
              <![CDATA[https://www.facebook.com/biz/directory/LK/ HTTP code: 404=Not Found]]>
            </line>
            <line>
              <![CDATA[https://www.facebook.com/biz/directory/LR/ HTTP code: 404=Not Found]]>
            </line>
            <line>
              <![CDATA[https://www.facebook.com/biz/directory/LS/ HTTP code: 404=Not Found]]>
            </line>
            <line>
              <![CDATA[https://www.facebook.com/biz/directory/LT/ HTTP code: 404=Not Found]]>
            </line>
            <line>
              <![CDATA[https://www.facebook.com/biz/directory/LU/ HTTP code: 404=Not Found]]>
            </line>
            <line>
              <![CDATA[https://www.facebook.com/biz/directory/LV/ HTTP code: 404=Not Found]]>
            </line>
            <line>
              <![CDATA[https://www.facebook.com/biz/directory/LY/ HTTP code: 404=Not Found]]>
            </line>
            <line>
              <![CDATA[https://www.facebook.com/biz/directory/MA/ HTTP code: 404=Not Found]]>
            </line>
            <line>
              <![CDATA[https://www.facebook.com/biz/directory/MC/ HTTP code: 404=Not Found]]>
            </line>
            <line>
              <![CDATA[https://www.facebook.com/biz/directory/MD/ HTTP code: 404=Not Found]]>
            </line>
            <line>
              <![CDATA[https://www.facebook.com/biz/directory/ME/ HTTP code: 404=Not Found]]>
            </line>
            <line>
              <![CDATA[https://www.facebook.com/biz/directory/MF/ HTTP code: 404=Not Found]]>
            </line>
            <line>
              <![CDATA[https://www.facebook.com/biz/directory/MG/ HTTP code: 404=Not Found]]>
            </line>
            <line>
              <![CDATA[https://www.facebook.com/biz/directory/MK/ HTTP code: 404=Not Found]]>
            </line>
            <line>
              <![CDATA[https://www.facebook.com/biz/directory/ML/ HTTP code: 404=Not Found]]>
            </line>
            <line>
              <![CDATA[https://www.facebook.com/biz/directory/MM/ HTTP code: 404=Not Found]]>
            </line>
            <line>
              <![CDATA[https://www.facebook.com/biz/directory/MN/ HTTP code: 404=Not Found]]>
            </line>
            <line>
              <![CDATA[https://www.facebook.com/biz/directory/MO/ HTTP code: 404=Not Found]]>
            </line>
            <line>
              <![CDATA[https://www.facebook.com/biz/directory/MP/ HTTP code: 404=Not Found]]>
            </line>
            <line>
              <![CDATA[https://www.facebook.com/biz/directory/MQ/ HTTP code: 404=Not Found]]>
            </line>
            <line>
              <![CDATA[https://www.facebook.com/biz/directory/MR/ HTTP code: 404=Not Found]]>
            </line>
            <line>
              <![CDATA[https://www.facebook.com/biz/directory/MT/ HTTP code: 404=Not Found]]>
            </line>
            <line>
              <![CDATA[https://www.facebook.com/biz/directory/MU/ HTTP code: 404=Not Found]]>
            </line>
            <line>
              <![CDATA[https://www.facebook.com/biz/directory/MV/ HTTP code: 404=Not Found]]>
            </line>
            <line>
              <![CDATA[https://www.facebook.com/biz/directory/MW/ HTTP code: 404=Not Found]]>
            </line>
            <line>
              <![CDATA[https://www.facebook.com/biz/directory/MX/ HTTP code: 404=Not Found]]>
            </line>
            <line>
              <![CDATA[https://www.facebook.com/biz/directory/MY/ HTTP code: 404=Not Found]]>
            </line>
            <line>
              <![CDATA[https://www.facebook.com/biz/directory/MZ/ HTTP code: 404=Not Found]]>
            </line>
            <line>
              <![CDATA[https://www.facebook.com/biz/directory/NA/ HTTP code: 404=Not Found]]>
            </line>
            <line>
              <![CDATA[https://www.facebook.com/biz/directory/NC/ HTTP code: 404=Not Found]]>
            </line>
            <line>
              <![CDATA[https://www.facebook.com/biz/directory/NE/ HTTP code: 404=Not Found]]>
            </line>
            <line>
              <![CDATA[https://www.facebook.com/biz/directory/NG/ HTTP code: 404=Not Found]]>
            </line>
            <line>
              <![CDATA[https://www.facebook.com/biz/directory/NI/ HTTP code: 404=Not Found]]>
            </line>
            <line>
              <![CDATA[https://www.facebook.com/biz/directory/NL/ HTTP code: 404=Not Found]]>
            </line>
            <line>
              <![CDATA[https://www.facebook.com/biz/directory/NO/ HTTP code: 404=Not Found]]>
            </line>
            <line>
              <![CDATA[https://www.facebook.com/biz/directory/NP/ HTTP code: 404=Not Found]]>
            </line>
            <line>
              <![CDATA[https://www.facebook.com/biz/directory/NZ/ HTTP code: 404=Not Found]]>
            </line>
            <line>
              <![CDATA[https://www.facebook.com/biz/directory/OM/ HTTP code: 404=Not Found]]>
            </line>
            <line>
              <![CDATA[https://www.facebook.com/biz/directory/PA/ HTTP code: 404=Not Found]]>
            </line>
            <line>
              <![CDATA[https://www.facebook.com/biz/directory/PE/ HTTP code: 404=Not Found]]>
            </line>
            <line>
              <![CDATA[https://www.facebook.com/biz/directory/PF/ HTTP code: 404=Not Found]]>
            </line>
            <line>
              <![CDATA[https://www.facebook.com/biz/directory/PG/ HTTP code: 404=Not Found]]>
            </line>
            <line>
              <![CDATA[https://www.facebook.com/biz/directory/PH/ HTTP code: 404=Not Found]]>
            </line>
            <line>
              <![CDATA[https://www.facebook.com/biz/directory/PK/ HTTP code: 404=Not Found]]>
            </line>
            <line>
              <![CDATA[https://www.facebook.com/biz/directory/PL/ HTTP code: 404=Not Found]]>
            </line>
            <line>
              <![CDATA[https://www.facebook.com/biz/directory/PR/ HTTP code: 404=Not Found]]>
            </line>
            <line>
              <![CDATA[https://www.facebook.com/biz/directory/PS/ HTTP code: 404=Not Found]]>
            </line>
            <line>
              <![CDATA[https://www.facebook.com/biz/directory/PT/ HTTP code: 404=Not Found]]>
            </line>
            <line>
              <![CDATA[https://www.facebook.com/biz/directory/PY/ HTTP code: 404=Not Found]]>
            </line>
            <line>
              <![CDATA[https://www.facebook.com/biz/directory/QA/ HTTP code: 404=Not Found]]>
            </line>
            <line>
              <![CDATA[https://www.facebook.com/biz/directory/RE/ HTTP code: 404=Not Found]]>
            </line>
            <line>
              <![CDATA[https://www.facebook.com/biz/directory/RO/ HTTP code: 404=Not Found]]>
            </line>
            <line>
              <![CDATA[https://www.facebook.com/biz/directory/RS/ HTTP code: 404=Not Found]]>
            </line>
            <line>
              <![CDATA[https://www.facebook.com/biz/directory/RU/ HTTP code: 404=Not Found]]>
            </line>
            <line>
              <![CDATA[https://www.facebook.com/biz/directory/RW/ HTTP code: 404=Not Found]]>
            </line>
            <line>
              <![CDATA[https://www.facebook.com/biz/directory/SA/ HTTP code: 404=Not Found]]>
            </line>
            <line>
              <![CDATA[https://www.facebook.com/biz/directory/SB/ HTTP code: 404=Not Found]]>
            </line>
            <line>
              <![CDATA[https://www.facebook.com/biz/directory/SC/ HTTP code: 404=Not Found]]>
            </line>
            <line>
              <![CDATA[https://www.facebook.com/biz/directory/SD/ HTTP code: 404=Not Found]]>
            </line>
            <line>
              <![CDATA[https://www.facebook.com/biz/directory/SE/ HTTP code: 404=Not Found]]>
            </line>
            <line>
              <![CDATA[https://www.facebook.com/biz/directory/SG/ HTTP code: 404=Not Found]]>
            </line>
            <line>
              <![CDATA[https://www.facebook.com/biz/directory/SI/ HTTP code: 404=Not Found]]>
            </line>
            <line>
              <![CDATA[https://www.facebook.com/biz/directory/SK/ HTTP code: 404=Not Found]]>
            </line>
            <line>
              <![CDATA[https://www.facebook.com/biz/directory/SL/ HTTP code: 404=Not Found]]>
            </line>
            <line>
              <![CDATA[https://www.facebook.com/biz/directory/SM/ HTTP code: 404=Not Found]]>
            </line>
            <line>
              <![CDATA[https://www.facebook.com/biz/directory/SN/ HTTP code: 404=Not Found]]>
            </line>
            <line>
              <![CDATA[https://www.facebook.com/biz/directory/SO/ HTTP code: 404=Not Found]]>
            </line>
            <line>
              <![CDATA[https://www.facebook.com/biz/directory/SR/ HTTP code: 404=Not Found]]>
            </line>
            <line>
              <![CDATA[https://www.facebook.com/biz/directory/SS/ HTTP code: 404=Not Found]]>
            </line>
            <line>
              <![CDATA[https://www.facebook.com/biz/directory/SV/ HTTP code: 404=Not Found]]>
            </line>
            <line>
              <![CDATA[https://www.facebook.com/biz/directory/SX/ HTTP code: 404=Not Found]]>
            </line>
            <line>
              <![CDATA[https://www.facebook.com/biz/directory/SY/ HTTP code: 404=Not Found]]>
            </line>
            <line>
              <![CDATA[https://www.facebook.com/biz/directory/SZ/ HTTP code: 404=Not Found]]>
            </line>
            <line>
              <![CDATA[https://www.facebook.com/biz/directory/TC/ HTTP code: 404=Not Found]]>
            </line>
            <line>
              <![CDATA[https://www.facebook.com/biz/directory/TD/ HTTP code: 404=Not Found]]>
            </line>
            <line>
              <![CDATA[https://www.facebook.com/biz/directory/TG/ HTTP code: 404=Not Found]]>
            </line>
            <line>
              <![CDATA[https://www.facebook.com/biz/directory/TH/ HTTP code: 404=Not Found]]>
            </line>
            <line>
              <![CDATA[https://www.facebook.com/biz/directory/TJ/ HTTP code: 404=Not Found]]>
            </line>
            <line>
              <![CDATA[https://www.facebook.com/biz/directory/TL/ HTTP code: 404=Not Found]]>
            </line>
            <line>
[...]
            </line>
            <line>
              <![CDATA[URL :https://www.rediff.com/business]]>
            </line>
            <line>
              <![CDATA[URL :https://www.rediff.com/movies]]>
            </line>
            <line>
              <![CDATA[URL :https://www.rediff.com/movies/report/aamir-khan-shares-positive-news-on-salim-khans-health/20260226.htm]]>
            </line>
            <line>
              <![CDATA[URL :https://www.rediff.com/movies/report/aamir-khan-shares-positive-news-on-salim-khans-health/20260226.htm]]>
            </line>
            <line>
              <![CDATA[URL :https://www.rediff.com/movies]]>
            </line>
            <line>
              <![CDATA[URL :https://www.rediff.com/cricket]]>
            </line>
            <line>
              <![CDATA[URL :https://www.rediff.com/cricket/report/santners-spin-army-awaits-brook-as-nz-eye-semi-final-berth-icc-t20-wc/20260226.htm]]>
            </line>
            <line>
              <![CDATA[URL :https://www.rediff.com/cricket/report/santners-spin-army-awaits-brook-as-nz-eye-semi-final-berth-icc-t20-wc/20260226.htm]]>
            </line>
            <line>
              <![CDATA[URL :https://www.rediff.com/cricket]]>
            </line>
            <line>
              <![CDATA[URL :https://www.rediff.com/getahead]]>
            </line>
            <line>
              <![CDATA[URL :https://www.rediff.com/getahead/report/13-must-visit-indian-literary-festivals-travel-lisiticle/20260226.htm]]>
            </line>
            <line>
              <![CDATA[URL :https://www.rediff.com/getahead/report/13-must-visit-indian-literary-festivals-travel-lisiticle/20260226.htm]]>
            </line>
            <line>
              <![CDATA[URL :https://www.rediff.com/getahead]]>
            </line>
            <line>
              <![CDATA[URL :https://www.rediff.com/news]]>
            </line>
            <line>
              <![CDATA[URL :https://www.rediff.com/news/report/maid-orchestrates-fake-ed-raid-at-employers-home-held/20260226.htm]]>
            </line>
            <line>
              <![CDATA[URL :https://www.rediff.com/news/report/maid-orchestrates-fake-ed-raid-at-employers-home-held/20260226.htm]]>
            </line>
            <line>
              <![CDATA[URL :https://www.rediff.com/news]]>
            </line>
            <line>
              <![CDATA[URL :https://www.rediff.com/news]]>
            </line>
            <line>
              <![CDATA[URL :https://www.rediff.com/news/report/president-murmu-to-fly-in-indigenous-combat-helicopter-prachand/20260226.htm]]>
            </line>
            <line>
              <![CDATA[URL :https://www.rediff.com/news/report/president-murmu-to-fly-in-indigenous-combat-helicopter-prachand/20260226.htm]]>
            </line>
            <line>
              <![CDATA[URL :https://www.rediff.com/news]]>
            </line>
            <line>
              <![CDATA[URL :https://www.rediff.com/news]]>
            </line>
            <line>
              <![CDATA[URL :https://www.rediff.com/news/report/fissures-in-mva-after-sena-ubt-cong-claims-rs-seat/20260226.htm]]>
            </line>
            <line>
              <![CDATA[URL :https://www.rediff.com/news/report/fissures-in-mva-after-sena-ubt-cong-claims-rs-seat/20260226.htm]]>
            </line>
            <line>
              <![CDATA[URL :https://www.rediff.com/news]]>
            </line>
            <line>
              <![CDATA[URL :https://www.rediff.com/news]]>
            </line>
            <line>
              <![CDATA[URL :https://www.rediff.com/news/interview/bhuvan-ribh-child-marriage-is-nothing-but-child-rape/20260226.htm]]>
            </line>
            <line>
              <![CDATA[URL :https://www.rediff.com/news/interview/bhuvan-ribh-child-marriage-is-nothing-but-child-rape/20260226.htm]]>
            </line>
            <line>
              <![CDATA[URL :https://www.rediff.com/news]]>
            </line>
            <line>
              <![CDATA[URL :https://www.rediff.com/news]]>
            </line>
            <line>
              <![CDATA[URL :https://www.rediff.com/news/report/gangtok-police-use-drones-for-traffic-management/20260226.htm]]>
            </line>
            <line>
              <![CDATA[URL :https://www.rediff.com/news/report/gangtok-police-use-drones-for-traffic-management/20260226.htm]]>
            </line>
            <line>
              <![CDATA[URL :https://www.rediff.com/news]]>
            </line>
            <line>
              <![CDATA[URL :https://www.rediff.com/business]]>
            </line>
            <line>
              <![CDATA[URL :https://www.rediff.com/business/report/us-announces-126-duty-on-imports-of-indian/20260226.htm]]>
            </line>
            <line>
              <![CDATA[URL :https://www.rediff.com/business/report/us-announces-126-duty-on-imports-of-indian/20260226.htm]]>
            </line>
            <line>
              <![CDATA[URL :https://www.rediff.com/business]]>
            </line>
            <line>
              <![CDATA[URL :https://www.rediff.com/news]]>
            </line>
            <line>
              <![CDATA[URL :https://www.rediff.com/news/report/undermines-judiciary-heads-must-roll-sc-bans-ncert-textbook/20260226.htm]]>
            </line>
            <line>
              <![CDATA[URL :https://www.rediff.com/news/report/undermines-judiciary-heads-must-roll-sc-bans-ncert-textbook/20260226.htm]]>
            </line>
            <line>
              <![CDATA[URL :https://www.rediff.com/news]]>
            </line>
            <line>
              <![CDATA[URL :https://www.rediff.com/movies]]>
            </line>
            <line>
              <![CDATA[URL :https://www.rediff.com/movies/report/rashmika-mandanna-vijay-deverakonda-are-married/20260226.htm]]>
            </line>
            <line>
              <![CDATA[URL :https://www.rediff.com/movies/report/rashmika-mandanna-vijay-deverakonda-are-married/20260226.htm]]>
            </line>
            <line>
              <![CDATA[URL :https://www.rediff.com/movies]]>
            </line>
            <line>
              <![CDATA[URL :https://www.rediff.com/getahead]]>
            </line>
            <line>
              <![CDATA[URL :https://www.rediff.com/getahead/report/i-was-laid-off-due-to-ai/20260226.htm]]>
            </line>
            <line>
              <![CDATA[URL :https://www.rediff.com/getahead/report/i-was-laid-off-due-to-ai/20260226.htm]]>
            </line>
            <line>
              <![CDATA[URL :https://www.rediff.com/getahead]]>
            </line>
            <line>
              <![CDATA[URL :https://www.rediff.com/movies]]>
            </line>
            <line>
              <![CDATA[URL :https://www.rediff.com/movies/review/why-rental-family-is-a-feel-good-watch/20260226.htm]]>
            </line>
            <line>
              <![CDATA[URL :https://www.rediff.com/movies/review/why-rental-family-is-a-feel-good-watch/20260226.htm]]>
            </line>
            <line>
              <![CDATA[URL :https://www.rediff.com/movies]]>
            </line>
            <line>
              <![CDATA[URL :https://www.rediff.com/business]]>
            </line>
            <line>
              <![CDATA[URL :https://www.rediff.com/business/report/india-must-use-current-geopolitical-churn-to-build-manufacturing-scale-at-home-amitabh-kant/20260226.htm]]>
            </line>
            <line>
              <![CDATA[URL :https://www.rediff.com/business/report/india-must-use-current-geopolitical-churn-to-build-manufacturing-scale-at-home-amitabh-kant/20260226.htm]]>
            </line>
            <line>
              <![CDATA[URL :https://www.rediff.com/business]]>
            </line>
            <line>
              <![CDATA[URL :https://www.rediff.com/cricket]]>
            </line>
            <line>
              <![CDATA[URL :https://www.rediff.com/cricket/report/t20-world-cup-santner-makes-you-feel-10-feet-tall-and-bulletproof-rachin-ravindra/20260226.htm]]>
            </line>
            <line>
              <![CDATA[URL :https://www.rediff.com/cricket/report/t20-world-cup-santner-makes-you-feel-10-feet-tall-and-bulletproof-rachin-ravindra/20260226.htm]]>
            </line>
            <line>
              <![CDATA[URL :https://www.rediff.com/cricket]]>
            </line>
            <line>
              <![CDATA[URL :https://www.rediff.com/movies]]>
            </line>
            <line>
              <![CDATA[URL :https://www.rediff.com/movies/report/at-rashmika-mandanna-vijay-deverakondas-haldi-ceremony/20260226.htm]]>
            </line>
            <line>
              <![CDATA[URL :https://www.rediff.com/movies/report/at-rashmika-mandanna-vijay-deverakondas-haldi-ceremony/20260226.htm]]>
            </line>
            <line>
              <![CDATA[URL :https://www.rediff.com/movies]]>
            </line>
            <line>
              <![CDATA[URL :http://in.rediff.com/disclaim.htm]]>
            </line>
            <line>
              <![CDATA[URL :http://www.rediff.com/w3c/policy.html]]>
            </line>
          </reporter-output>
        </test-method> <!-- Redfflogin -->
        <test-method is-config="true" signature="tearDown()[pri:0, instance:test.RediffValidation@79d8407f]" started-at="2026-02-26T17:44:52 IST" name="tearDown" finished-at="2026-02-26T17:44:52 IST" duration-ms="204" status="PASS">
          <reporter-output>
          </reporter-output>
        </test-method> <!-- tearDown -->
      </class> <!-- test.RediffValidation -->
      <class name="test.TestNG4">
        <test-method signature="a()[pri:0, instance:test.TestNG4@1e66f1f5]" started-at="2026-02-26T17:44:56 IST" name="a" finished-at="2026-02-26T17:44:56 IST" duration-ms="0" status="PASS">
          <reporter-output>
          </reporter-output>
        </test-method> <!-- a -->
        <test-method signature="c()[pri:0, instance:test.TestNG4@1e66f1f5]" started-at="2026-02-26T17:44:56 IST" name="c" finished-at="2026-02-26T17:44:56 IST" duration-ms="0" status="PASS">
          <reporter-output>
          </reporter-output>
        </test-method> <!-- c -->
        <test-method signature="d()[pri:0, instance:test.TestNG4@1e66f1f5]" started-at="2026-02-26T17:44:56 IST" name="d" finished-at="2026-02-26T17:44:56 IST" duration-ms="0" status="PASS">
          <reporter-output>
          </reporter-output>
        </test-method> <!-- d -->
        <test-method signature="d()[pri:0, instance:test.TestNG4@1e66f1f5]" started-at="2026-02-26T17:44:56 IST" name="d" finished-at="2026-02-26T17:44:56 IST" duration-ms="0" status="PASS">
          <reporter-output>
          </reporter-output>
        </test-method> <!-- d -->
        <test-method signature="f()[pri:0, instance:test.TestNG4@1e66f1f5]" started-at="2026-02-26T17:44:56 IST" name="f" finished-at="2026-02-26T17:44:56 IST" duration-ms="2" status="SKIP">
          <exception class="org.testng.SkipException">
            <message>
              <![CDATA[skipping F test method]]>
            </message>
            <full-stacktrace>
              <![CDATA[org.testng.SkipException: skipping F test method
at test.TestNG4.f(TestNG4.java:32)
at java.base/jdk.internal.reflect.DirectMethodHandleAccessor.invoke(DirectMethodHandleAccessor.java:103)
at java.base/java.lang.reflect.Method.invoke(Method.java:580)
at org.testng.internal.invokers.MethodInvocationHelper.invokeMethod(MethodInvocationHelper.java:141)
at org.testng.internal.invokers.TestInvoker.invokeMethod(TestInvoker.java:687)
at org.testng.internal.invokers.TestInvoker.invokeTestMethod(TestInvoker.java:230)
at org.testng.internal.invokers.MethodRunner.runInSequence(MethodRunner.java:63)
at org.testng.internal.invokers.TestInvoker$MethodInvocationAgent.invoke(TestInvoker.java:995)
at org.testng.internal.invokers.TestInvoker.invokeTestMethods(TestInvoker.java:203)
at org.testng.internal.invokers.TestMethodWorker.invokeTestMethods(TestMethodWorker.java:154)
at org.testng.internal.invokers.TestMethodWorker.run(TestMethodWorker.java:134)
at java.base/java.util.ArrayList.forEach(ArrayList.java:1596)
at org.testng.TestRunner.privateRun(TestRunner.java:741)
at org.testng.TestRunner.run(TestRunner.java:616)
at org.testng.SuiteRunner.runTest(SuiteRunner.java:421)
at org.testng.SuiteRunner.runSequentially(SuiteRunner.java:413)
at org.testng.SuiteRunner.privateRun(SuiteRunner.java:373)
at org.testng.SuiteRunner.run(SuiteRunner.java:312)
at org.testng.SuiteRunnerWorker.runSuite(SuiteRunnerWorker.java:52)
at org.testng.SuiteRunnerWorker.run(SuiteRunnerWorker.java:95)
at org.testng.TestNG.runSuitesSequentially(TestNG.java:1274)
at org.testng.TestNG.runSuitesLocally(TestNG.java:1208)
at org.testng.TestNG.runSuites(TestNG.java:1112)
at org.testng.TestNG.run(TestNG.java:1079)
at org.apache.maven.surefire.testng.TestNGExecutor.run(TestNGExecutor.java:308)
at org.apache.maven.surefire.testng.TestNGXmlTestSuite.execute(TestNGXmlTestSuite.java:71)
at org.apache.maven.surefire.testng.TestNGProvider.invoke(TestNGProvider.java:113)
at org.apache.maven.surefire.booter.ForkedBooter.runSuitesInProcess(ForkedBooter.java:385)
at org.apache.maven.surefire.booter.ForkedBooter.execute(ForkedBooter.java:162)
at org.apache.maven.surefire.booter.ForkedBooter.run(ForkedBooter.java:507)
at org.apache.maven.surefire.booter.ForkedBooter.main(ForkedBooter.java:495)
]]>
            </full-stacktrace>
          </exception> <!-- org.testng.SkipException -->
          <reporter-output>
          </reporter-output>
        </test-method> <!-- f -->
      </class> <!-- test.TestNG4 -->
      <class name="test.StaleElement_Exp">
        <test-method is-config="true" signature="setUp()[pri:0, instance:test.StaleElement_Exp@5fbe4146]" started-at="2026-02-26T17:44:52 IST" name="setUp" finished-at="2026-02-26T17:44:53 IST" duration-ms="1244" status="PASS">
          <reporter-output>
          </reporter-output>
        </test-method> <!-- setUp -->
        <test-method signature="handleStaleElement()[pri:0, instance:test.StaleElement_Exp@5fbe4146]" started-at="2026-02-26T17:44:53 IST" name="handleStaleElement" finished-at="2026-02-26T17:44:56 IST" duration-ms="2865" status="PASS">
          <reporter-output>
          </reporter-output>
        </test-method> <!-- handleStaleElement -->
        <test-method is-config="true" signature="tearDown()[pri:0, instance:test.StaleElement_Exp@5fbe4146]" started-at="2026-02-26T17:44:56 IST" name="tearDown" finished-at="2026-02-26T17:44:56 IST" duration-ms="235" status="PASS">
          <reporter-output>
          </reporter-output>
        </test-method> <!-- tearDown -->
      </class> <!-- test.StaleElement_Exp -->
      <class name="test.LocatorsExample">
        <test-method is-config="true" signature="setUp()[pri:0, instance:test.LocatorsExample@158a8276]" started-at="2026-02-26T17:44:15 IST" name="setUp" finished-at="2026-02-26T17:44:17 IST" duration-ms="1142" status="PASS">
          <reporter-output>
          </reporter-output>
        </test-method> <!-- setUp -->
        <test-method signature="GooglelocatorDemo()[pri:0, instance:test.LocatorsExample@158a8276]" started-at="2026-02-26T17:44:17 IST" name="GooglelocatorDemo" finished-at="2026-02-26T17:44:19 IST" duration-ms="2682" status="PASS">
          <reporter-output>
            <line>
              <![CDATA[logo found]]>
            </line>
            <line>
              <![CDATA[logo found]]>
            </line>
          </reporter-output>
        </test-method> <!-- GooglelocatorDemo -->
        <test-method is-config="true" signature="tearDown()[pri:0, instance:test.LocatorsExample@158a8276]" started-at="2026-02-26T17:44:19 IST" name="tearDown" finished-at="2026-02-26T17:44:20 IST" duration-ms="219" status="PASS">
          <reporter-output>
          </reporter-output>
        </test-method> <!-- tearDown -->
      </class> <!-- test.LocatorsExample -->
      <class name="test.Exa_Checkbox">
        <test-method is-config="true" signature="setUp()[pri:0, instance:test.Exa_Checkbox@3d34d211]" started-at="2026-02-26T17:41:37 IST" name="setUp" finished-at="2026-02-26T17:41:39 IST" duration-ms="1082" status="PASS">
          <reporter-output>
          </reporter-output>
        </test-method> <!-- setUp -->
        <test-method signature="Testcheckbox()[pri:0, instance:test.Exa_Checkbox@3d34d211]" started-at="2026-02-26T17:41:39 IST" name="Testcheckbox" finished-at="2026-02-26T17:41:47 IST" duration-ms="8819" status="PASS">
          <reporter-output>
            <line>
              <![CDATA[[[[[ChromeDriver: chrome on windows (b897e0d40bd8847d54d3f3afa25c8337)] -> xpath: //span[@class='rc-tree-switcher rc-tree-switcher_close']]] -> xpath: //span[@class='rc-tree-checkbox']]]]>
            </line>
            <line>
              <![CDATA[[[[[ChromeDriver: chrome on windows (b897e0d40bd8847d54d3f3afa25c8337)] -> xpath: //span[@class='rc-tree-switcher rc-tree-switcher_close']]] -> xpath: //span[@class='rc-tree-checkbox']]]]>
            </line>
            <line>
              <![CDATA[[[[[ChromeDriver: chrome on windows (b897e0d40bd8847d54d3f3afa25c8337)] -> xpath: //span[@class='rc-tree-switcher rc-tree-switcher_close']]] -> xpath: //span[@class='rc-tree-checkbox']]]]>
            </line>
          </reporter-output>
        </test-method> <!-- Testcheckbox -->
        <test-method is-config="true" signature="tearDown()[pri:0, instance:test.Exa_Checkbox@3d34d211]" started-at="2026-02-26T17:41:47 IST" name="tearDown" finished-at="2026-02-26T17:41:48 IST" duration-ms="217" status="PASS">
          <reporter-output>
          </reporter-output>
        </test-method> <!-- tearDown -->
      </class> <!-- test.Exa_Checkbox -->
      <class name="test.GoogleTest">
        <test-method is-config="true" signature="setUp()[pri:0, instance:test.GoogleTest@43c1b556]" started-at="2026-02-26T17:44:06 IST" name="setUp" finished-at="2026-02-26T17:44:08 IST" duration-ms="1185" status="PASS">
          <reporter-output>
          </reporter-output>
        </test-method> <!-- setUp -->
        <test-method signature="verifyTitle()[pri:0, instance:test.GoogleTest@43c1b556]" started-at="2026-02-26T17:44:08 IST" name="verifyTitle" finished-at="2026-02-26T17:44:15 IST" duration-ms="7549" status="PASS">
          <reporter-output>
          </reporter-output>
        </test-method> <!-- verifyTitle -->
        <test-method is-config="true" signature="tearDown()[pri:0, instance:test.GoogleTest@43c1b556]" started-at="2026-02-26T17:44:15 IST" name="tearDown" finished-at="2026-02-26T17:44:15 IST" duration-ms="271" status="PASS">
          <reporter-output>
          </reporter-output>
        </test-method> <!-- tearDown -->
      </class> <!-- test.GoogleTest -->
      <class name="test.EdurekaLogin">
        <test-method is-config="true" signature="setUp()[pri:0, instance:test.EdurekaLogin@ae13544]" started-at="2026-02-26T17:41:33 IST" name="setUp" finished-at="2026-02-26T17:41:34 IST" duration-ms="912" status="PASS">
          <reporter-output>
          </reporter-output>
        </test-method> <!-- setUp -->
        <test-method signature="EdurekaLogin()[pri:0, instance:test.EdurekaLogin@ae13544]" started-at="2026-02-26T17:41:34 IST" name="EdurekaLogin" finished-at="2026-02-26T17:41:37 IST" duration-ms="3345" status="PASS">
          <reporter-output>
          </reporter-output>
        </test-method> <!-- EdurekaLogin -->
        <test-method is-config="true" signature="tearDown()[pri:0, instance:test.EdurekaLogin@ae13544]" started-at="2026-02-26T17:41:37 IST" name="tearDown" finished-at="2026-02-26T17:41:37 IST" duration-ms="239" status="PASS">
          <reporter-output>
          </reporter-output>
        </test-method> <!-- tearDown -->
      </class> <!-- test.EdurekaLogin -->
    </test> <!-- Test -->
  </suite> <!-- Suite -->
</testng-results>
