<?xml version="1.0" encoding="UTF-8"?>
<testng-results ignored="0" total="13" passed="11" failed="2" skipped="0">
  <reporter-output>
    <line>
      <![CDATA[Accessibility Violations:]]>
    </line>
    <line>
      <![CDATA[Violation ID: aria-allowed-role]]>
    </line>
    <line>
      <![CDATA[Description: Ensures role attribute has an appropriate value for the element]]>
    </line>
    <line>
      <![CDATA[Impact: minor]]>
    </line>
    <line>
      <![CDATA[Elements:]]>
    </line>
    <line>
      <![CDATA[ - [figure[aria-label="Footer\ Logo"]]]]>
    </line>
    <line>
      <![CDATA[Violation ID: aria-roles]]>
    </line>
    <line>
      <![CDATA[Description: Ensures all elements with a role attribute use a valid value]]>
    </line>
    <line>
      <![CDATA[Impact: serious]]>
    </line>
    <line>
      <![CDATA[Elements:]]>
    </line>
    <line>
      <![CDATA[ - [.logo-white]]]>
    </line>
    <line>
      <![CDATA[Violation ID: color-contrast]]>
    </line>
    <line>
      <![CDATA[Description: Ensures the contrast between foreground and background colors meets WCAG 2 AA contrast ratio thresholds]]>
    </line>
    <line>
      <![CDATA[Impact: serious]]>
    </line>
    <line>
      <![CDATA[Elements:]]>
    </line>
    <line>
      <![CDATA[ - [#ExternalWebContentExternalIFrame, #Snapshot2]]]>
    </line>
    <line>
      <![CDATA[ - [#ExternalWebContentExternalIFrame, #price]]]>
    </line>
    <line>
      <![CDATA[ - [#ExternalWebContentExternalIFrame, #Instrument1]]]>
    </line>
    <line>
      <![CDATA[ - [#ExternalWebContentExternalIFrame, #SnapshotDifference2 > .positive]]]>
    </line>
    <line>
      <![CDATA[ - [#ExternalWebContentExternalIFrame, #SnapshotDifference1 > .positive]]]>
    </line>
    <line>
      <![CDATA[Violation ID: definition-list]]>
    </line>
    <line>
      <![CDATA[Description: Ensures <dl> elements are structured correctly]]>
    </line>
    <line>
      <![CDATA[Impact: serious]]>
    </line>
    <line>
      <![CDATA[Elements:]]>
    </line>
    <line>
      <![CDATA[ - [#ExternalWebContentExternalIFrame, .datetime]]]>
    </line>
    <line>
      <![CDATA[ - [#ExternalWebContentExternalIFrame, .price]]]>
    </line>
    <line>
      <![CDATA[ - [#ExternalWebContentExternalIFrame, .change_value_percentage]]]>
    </line>
    <line>
      <![CDATA[Violation ID: duplicate-id]]>
    </line>
    <line>
      <![CDATA[Description: Ensures every id attribute value is unique]]>
    </line>
    <line>
      <![CDATA[Impact: minor]]>
    </line>
    <line>
      <![CDATA[Elements:]]>
    </line>
    <line>
      <![CDATA[ - [.res-language-dropdown > .language_swticher.dropdown_wrapper > .hide.dropdown_content.p_abs]]]>
    </line>
    <line>
      <![CDATA[ - [#mobinav-section-about-level2 > .mm-listview > .level2:nth-child(13)]]]>
    </line>
    <line>
      <![CDATA[ - [#mobinav-section-about-level2 > .mm-listview > .last.level2]]]>
    </line>
    <line>
      <![CDATA[ - [.level3:nth-child(30)]]]>
    </line>
    <line>
      <![CDATA[ - [#about > .nav-container > .container > .row > .sub-nav-col.col-md-4 > .second-sub-nav > .main-bottom-nav.d-flex > .main-nav-level-2.level2:nth-child(2)]]]>
    </line>
    <line>
      <![CDATA[ - [.main-bottom-nav.d-flex > .main-nav-level-2.level2:nth-child(7)]]]>
    </line>
    <line>
      <![CDATA[ - [.main-nav-level-2.haschildren.level2:nth-child(8) > .last-sub-nav > .main-bottom-nav.d-flex > .main-nav-level-3.first.level3]]]>
    </line>
    <line>
      <![CDATA[Violation ID: heading-order]]>
    </line>
    <line>
      <![CDATA[Description: Ensures the order of headings is semantically correct]]>
    </line>
    <line>
      <![CDATA[Impact: moderate]]>
    </line>
    <line>
      <![CDATA[Elements:]]>
    </line>
    <line>
      <![CDATA[ - [div[data-id="building--places"] > .vt-text-article--wrapper > .row > .col-xl-5.col-lg-6.col-md-6 > .single-vt-article--wrapper > .single-vt-article--slider.slick-initialized.slick-slider > .slick-list.draggable > .slick-track > .single-vt-article--wrapper--item.slick-slide.slick-current > .single-vt-article-content--wrapper > .content-wrapper > h5]]]>
    </line>
    <line>
      <![CDATA[Violation ID: link-name]]>
    </line>
    <line>
      <![CDATA[Description: Ensures links have discernible text]]>
    </line>
    <line>
      <![CDATA[Impact: serious]]>
    </line>
    <line>
      <![CDATA[Elements:]]>
    </line>
    <line>
      <![CDATA[ - [#about > .nav-container > .container > .close-menu > .local-link[href="javascript\:void\(0\)\;"][target="_self"]]]]>
    </line>
    <line>
      <![CDATA[ - [#engineering-better-future > .nav-container > .container > .close-menu > .local-link[href="javascript\:void\(0\)\;"][target="_self"]]]]>
    </line>
    <line>
      <![CDATA[ - [div[data-market="Housed"] > .ms-level-4 > .ms-menu-4 > .nav-font.main-top-nav-item[target="_self"]]]]>
    </line>
    <line>
      <![CDATA[ - [div[data-market="Housed"] > .ms-level-4 > .ms-level-5 > .ms-menu-5.level5.first > .nav-font.main-top-nav-item[target="_self"]]]]>
    </line>
    <line>
      <![CDATA[ - [div[data-market="Housed"] > .ms-level-4 > .ms-level-5 > .ms-menu-5.level5:nth-child(2) > .nav-font.main-top-nav-item[target="_self"]]]]>
    </line>
    <line>
      <![CDATA[ - [div[data-market="Housed"] > .ms-level-4 > .ms-level-5 > .ms-menu-5.level5:nth-child(3) > .nav-font.main-top-nav-item[target="_self"]]]]>
    </line>
    <line>
      <![CDATA[ - [div[data-market="Housed"] > .ms-level-4 > .ms-level-5 > .ms-menu-5.level5.last > .nav-font.main-top-nav-item[target="_self"]]]]>
    </line>
    <line>
      <![CDATA[ - [.ms-menu-3.haschildren[data-market="Connected"]:nth-child(1) > .ms-level-4 > .ms-menu-4 > .nav-font.main-top-nav-item[target="_self"]]]]>
    </line>
    <line>
      <![CDATA[ - [.ms-menu-3.haschildren[data-market="Connected"]:nth-child(1) > .ms-level-4 > .ms-level-5 > .ms-menu-5.level5.first > .nav-font.main-top-nav-item[target="_self"]]]]>
    </line>
    <line>
      <![CDATA[ - [.ms-menu-3.haschildren[data-market="Connected"]:nth-child(1) > .ms-level-4 > .ms-level-5 > .ms-menu-5.level5:nth-child(2) > .nav-font.main-top-nav-item[target="_self"]]]]>
    </line>
    <line>
      <![CDATA[ - [.ms-menu-3.haschildren[data-market="Connected"]:nth-child(1) > .ms-level-4 > .ms-level-5 > .ms-menu-5.level5:nth-child(3) > .nav-font.main-top-nav-item[target="_self"]]]]>
    </line>
    <line>
      <![CDATA[ - [.ms-menu-3.haschildren[data-market="Connected"]:nth-child(1) > .ms-level-4 > .ms-level-5 > .ms-menu-5.level5.last > .nav-font.main-top-nav-item[target="_self"]]]]>
    </line>
    <line>
      <![CDATA[ - [.ms-menu-3.haschildren[data-market="Connected"]:nth-child(2) > .ms-level-4 > .ms-menu-4 > .nav-font.main-top-nav-item[target="_self"]]]]>
    </line>
    <line>
      <![CDATA[ - [.ms-menu-3.haschildren[data-market="Connected"]:nth-child(2) > .ms-level-4 > .ms-level-5 > .ms-menu-5.level5.first > .nav-font.main-top-nav-item[target="_self"]]]]>
    </line>
    <line>
      <![CDATA[ - [.ms-menu-3.haschildren[data-market="Connected"]:nth-child(2) > .ms-level-4 > .ms-level-5 > .ms-menu-5.level5.last > .nav-font.main-top-nav-item[target="_self"]]]]>
    </line>
    <line>
      <![CDATA[ - [.ms-menu-3.haschildren[data-market="Powered"]:nth-child(1) > .ms-level-4 > .ms-menu-4 > .nav-font.main-top-nav-item[target="_self"]]]]>
    </line>
    <line>
      <![CDATA[ - [.ms-menu-3.haschildren[data-market="Powered"]:nth-child(1) > .ms-level-4 > .ms-level-5 > .ms-menu-5.level5.first > .nav-font.main-top-nav-item[target="_self"]]]]>
    </line>
    <line>
      <![CDATA[ - [.ms-menu-3.haschildren[data-market="Powered"]:nth-child(1) > .ms-level-4 > .ms-level-5 > .ms-menu-5.level5:nth-child(2) > .nav-font.main-top-nav-item[target="_self"]]]]>
    </line>
    <line>
      <![CDATA[ - [.ms-menu-3.haschildren[data-market="Powered"]:nth-child(1) > .ms-level-4 > .ms-level-5 > .ms-menu-5.level5.last > .nav-font.main-top-nav-item[target="_self"]]]]>
    </line>
    <line>
      <![CDATA[ - [.ms-menu-3.haschildren[data-market="Powered"]:nth-child(2) > .ms-level-4 > .ms-menu-4 > .nav-font.main-top-nav-item[target="_self"]]]]>
    </line>
    <line>
      <![CDATA[ - [.ms-menu-3.haschildren[data-market="Powered"]:nth-child(2) > .ms-level-4 > .ms-level-5 > .ms-menu-5.level5.first > .nav-font.main-top-nav-item[target="_self"]]]]>
    </line>
    <line>
      <![CDATA[ - [.ms-menu-3.haschildren[data-market="Powered"]:nth-child(2) > .ms-level-4 > .ms-level-5 > .ms-menu-5.level5:nth-child(2) > .nav-font.main-top-nav-item[target="_self"]]]]>
    </line>
    <line>
      <![CDATA[ - [.ms-menu-3.haschildren[data-market="Powered"]:nth-child(2) > .ms-level-4 > .ms-level-5 > .ms-menu-5.level5.last > .nav-font.main-top-nav-item[target="_self"]]]]>
    </line>
    <line>
      <![CDATA[ - [.ms-menu-3.haschildren[data-market="Protected"]:nth-child(1) > .ms-level-4 > .ms-menu-4 > .nav-font.main-top-nav-item[target="_self"]]]]>
    </line>
    <line>
      <![CDATA[ - [.ms-menu-3.haschildren[data-market="Protected"]:nth-child(1) > .ms-level-4 > .ms-level-5 > .ms-menu-5.level5.first > .nav-font.main-top-nav-item[target="_self"]]]]>
    </line>
    <line>
      <![CDATA[ - [.ms-menu-3.haschildren[data-market="Protected"]:nth-child(1) > .ms-level-4 > .ms-level-5 > .ms-menu-5.level5:nth-child(2) > .nav-font.main-top-nav-item[target="_self"]]]]>
    </line>
    <line>
      <![CDATA[ - [.ms-menu-3.haschildren[data-market="Protected"]:nth-child(1) > .ms-level-4 > .ms-level-5 > .ms-menu-5.level5.last > .nav-font.main-top-nav-item[target="_self"]]]]>
    </line>
    <line>
      <![CDATA[ - [.ms-menu-3.haschildren[data-market="Protected"]:nth-child(2) > .ms-level-4 > .ms-menu-4 > .nav-font.main-top-nav-item[target="_self"]]]]>
    </line>
    <line>
      <![CDATA[ - [.ms-menu-3.haschildren[data-market="Protected"]:nth-child(2) > .ms-level-4 > .ms-level-5 > .ms-menu-5.level5.first > .nav-font.main-top-nav-item[target="_self"]]]]>
    </line>
    <line>
      <![CDATA[ - [.ms-menu-3.last[data-market="Protected"] > .ms-level-4 > .ms-menu-4 > .nav-font.main-top-nav-item[target="_self"]]]]>
    </line>
    <line>
      <![CDATA[ - [.ms-menu-3.last[data-market="Protected"] > .ms-level-4 > .ms-level-5 > .ms-menu-5.level5.first > .nav-font.main-top-nav-item[target="_self"]]]]>
    </line>
    <line>
      <![CDATA[ - [.ms-menu-3.last[data-market="Protected"] > .ms-level-4 > .ms-level-5 > .ms-menu-5.level5.last > .nav-font.main-top-nav-item[target="_self"]]]]>
    </line>
    <line>
      <![CDATA[ - [.ms-menu-3.first.level3 > .nav-font.main-top-nav-item[target="_self"]]]]>
    </line>
    <line>
      <![CDATA[ - [.ms-menu-3.level3:nth-child(2) > .nav-font.main-top-nav-item[target="_self"]]]]>
    </line>
    <line>
      <![CDATA[ - [.ms-menu-3.level3:nth-child(3) > .nav-font.main-top-nav-item[target="_self"]]]]>
    </line>
    <line>
      <![CDATA[ - [.ms-menu-3.level3:nth-child(4) > .nav-font.main-top-nav-item[target="_self"]]]]>
    </line>
    <line>
      <![CDATA[ - [.ms-menu-3.level3:nth-child(5) > .nav-font.main-top-nav-item[target="_self"]]]]>
    </line>
    <line>
      <![CDATA[ - [.ms-menu-3.level3:nth-child(6) > .nav-font.main-top-nav-item[target="_self"]]]]>
    </line>
    <line>
      <![CDATA[ - [.ms-menu-3.last.level3 > .nav-font.main-top-nav-item[target="_self"]]]]>
    </line>
    <line>
      <![CDATA[ - [#markets-and-services > .nav-container > .container > .close-menu > .local-link[href="javascript\:\;"][target="_self"]]]]>
    </line>
    <line>
      <![CDATA[ - [.align-items-end.main-nav-level-1.level1:nth-child(1) > .nav-container > .container > .close-menu > .local-link[href="javascript\:\;"][target="_self"]]]]>
    </line>
    <line>
      <![CDATA[ - [.align-items-end.main-nav-level-1.level1:nth-child(2) > .nav-container > .container > .close-menu > .local-link[href="javascript\:\;"][target="_self"]]]]>
    </line>
    <line>
      <![CDATA[ - [.align-items-end.main-nav-level-1.level1:nth-child(4) > .nav-container > .container > .close-menu > .local-link[href="javascript\:\;"][target="_self"]]]]>
    </line>
    <line>
      <![CDATA[Violation ID: meta-viewport]]>
    </line>
    <line>
      <![CDATA[Description: Ensures <meta name="viewport"> does not disable text scaling and zooming]]>
    </line>
    <line>
      <![CDATA[Impact: critical]]>
    </line>
    <line>
      <![CDATA[Elements:]]>
    </line>
    <line>
      <![CDATA[ - [#ExternalWebContentExternalIFrame, meta[name="viewport"]]]]>
    </line>
    <line>
      <![CDATA[Violation ID: region]]>
    </line>
    <line>
      <![CDATA[Description: Ensures all page content is contained by landmarks]]>
    </line>
    <line>
      <![CDATA[Impact: moderate]]>
    </line>
    <line>
      <![CDATA[Elements:]]>
    </line>
    <line>
      <![CDATA[ - [#ExternalWebContentExternalIFrame, .snapData]]]>
    </line>
    <line>
      <![CDATA[Violation ID: role-img-alt]]>
    </line>
    <line>
      <![CDATA[Description: Ensures [role='img'] elements have alternate text]]>
    </line>
    <line>
      <![CDATA[Impact: serious]]>
    </line>
    <line>
      <![CDATA[Elements:]]>
    </line>
    <line>
      <![CDATA[ - [.language-dropdown > .language_swticher.dropdown_wrapper > .ddl_selected.noPsudeo.mono1 > .icon-right-arrow[role="img"][aria-hidden="false"]]]]>
    </line>
    <line>
      <![CDATA[Facebook services directory]]>
    </line>
    <line>
      <![CDATA[Total links   first=210]]>
    </line>
    <line>
      <![CDATA[Text: Andorra - Link: https://www.facebook.com/biz/directory/AD/]]>
    </line>
    <line>
      <![CDATA[Text: United Arab Emirates - Link: https://www.facebook.com/biz/directory/AE/]]>
    </line>
    <line>
      <![CDATA[Text: Afghanistan - Link: https://www.facebook.com/biz/directory/AF/]]>
    </line>
    <line>
      <![CDATA[Text: Antigua - Link: https://www.facebook.com/biz/directory/AG/]]>
    </line>
    <line>
      <![CDATA[Text: Anguilla - Link: https://www.facebook.com/biz/directory/AI/]]>
    </line>
    <line>
      <![CDATA[Text: Albania - Link: https://www.facebook.com/biz/directory/AL/]]>
    </line>
    <line>
      <![CDATA[Text: Armenia - Link: https://www.facebook.com/biz/directory/AM/]]>
    </line>
    <line>
      <![CDATA[Text: Angola - Link: https://www.facebook.com/biz/directory/AO/]]>
    </line>
    <line>
      <![CDATA[Text: Argentina - Link: https://www.facebook.com/biz/directory/AR/]]>
    </line>
    <line>
      <![CDATA[Text: Austria - Link: https://www.facebook.com/biz/directory/AT/]]>
    </line>
    <line>
      <![CDATA[Text: Australia - Link: https://www.facebook.com/biz/directory/AU/]]>
    </line>
    <line>
      <![CDATA[Text: Aruba - Link: https://www.facebook.com/biz/directory/AW/]]>
    </line>
    <line>
      <![CDATA[Text: Azerbaijan - Link: https://www.facebook.com/biz/directory/AZ/]]>
    </line>
    <line>
      <![CDATA[Text: Bosnia and Herzegovina - Link: https://www.facebook.com/biz/directory/BA/]]>
    </line>
    <line>
      <![CDATA[Text: Barbados - Link: https://www.facebook.com/biz/directory/BB/]]>
    </line>
    <line>
      <![CDATA[Text: Bangladesh - Link: https://www.facebook.com/biz/directory/BD/]]>
    </line>
    <line>
      <![CDATA[Text: Belgium - Link: https://www.facebook.com/biz/directory/BE/]]>
    </line>
    <line>
      <![CDATA[Text: Burkina Faso - Link: https://www.facebook.com/biz/directory/BF/]]>
    </line>
    <line>
      <![CDATA[Text: Bulgaria - Link: https://www.facebook.com/biz/directory/BG/]]>
    </line>
    <line>
      <![CDATA[Text: Bahrain - Link: https://www.facebook.com/biz/directory/BH/]]>
    </line>
    <line>
      <![CDATA[Text: Burundi - Link: https://www.facebook.com/biz/directory/BI/]]>
    </line>
    <line>
      <![CDATA[Text: Benin - Link: https://www.facebook.com/biz/directory/BJ/]]>
    </line>
    <line>
      <![CDATA[Text: Bermuda - Link: https://www.facebook.com/biz/directory/BM/]]>
    </line>
    <line>
      <![CDATA[Text: Brunei - Link: https://www.facebook.com/biz/directory/BN/]]>
    </line>
    <line>
      <![CDATA[Text: Bolivia - Link: https://www.facebook.com/biz/directory/BO/]]>
    </line>
    <line>
      <![CDATA[Text: Bonaire, Saint Eustatius and Saba - Link: https://www.facebook.com/biz/directory/BQ/]]>
    </line>
    <line>
      <![CDATA[Text: Brazil - Link: https://www.facebook.com/biz/directory/BR/]]>
    </line>
    <line>
      <![CDATA[Text: The Bahamas - Link: https://www.facebook.com/biz/directory/BS/]]>
    </line>
    <line>
      <![CDATA[Text: Bhutan - Link: https://www.facebook.com/biz/directory/BT/]]>
    </line>
    <line>
      <![CDATA[Text: Botswana - Link: https://www.facebook.com/biz/directory/BW/]]>
    </line>
    <line>
      <![CDATA[Text: Belarus - Link: https://www.facebook.com/biz/directory/BY/]]>
    </line>
    <line>
      <![CDATA[Text: Belize - Link: https://www.facebook.com/biz/directory/BZ/]]>
    </line>
    <line>
      <![CDATA[Text: Canada - Link: https://www.facebook.com/biz/directory/CA/]]>
    </line>
    <line>
      <![CDATA[Text: Democratic Republic of the Congo - Link: https://www.facebook.com/biz/directory/CD/]]>
    </line>
    <line>
      <![CDATA[Text: Republic of the Congo - Link: https://www.facebook.com/biz/directory/CG/]]>
    </line>
    <line>
      <![CDATA[Text: Switzerland - Link: https://www.facebook.com/biz/directory/CH/]]>
    </line>
    <line>
      <![CDATA[Text: Côte d'Ivoire - Link: https://www.facebook.com/biz/directory/CI/]]>
    </line>
    <line>
      <![CDATA[Text: Chile - Link: https://www.facebook.com/biz/directory/CL/]]>
    </line>
    <line>
      <![CDATA[Text: Cameroon - Link: https://www.facebook.com/biz/directory/CM/]]>
    </line>
    <line>
      <![CDATA[Text: China - Link: https://www.facebook.com/biz/directory/CN/]]>
    </line>
    <line>
      <![CDATA[Text: Colombia - Link: https://www.facebook.com/biz/directory/CO/]]>
    </line>
    <line>
      <![CDATA[Text: Costa Rica - Link: https://www.facebook.com/biz/directory/CR/]]>
    </line>
    <line>
      <![CDATA[Text: Cuba - Link: https://www.facebook.com/biz/directory/CU/]]>
    </line>
    <line>
      <![CDATA[Text: Cape Verde - Link: https://www.facebook.com/biz/directory/CV/]]>
    </line>
    <line>
      <![CDATA[Text: Curaçao - Link: https://www.facebook.com/biz/directory/CW/]]>
    </line>
    <line>
      <![CDATA[Text: Cyprus - Link: https://www.facebook.com/biz/directory/CY/]]>
    </line>
    <line>
      <![CDATA[Text: Czech Republic - Link: https://www.facebook.com/biz/directory/CZ/]]>
    </line>
    <line>
      <![CDATA[Text: Germany - Link: https://www.facebook.com/biz/directory/DE/]]>
    </line>
    <line>
      <![CDATA[Text: Djibouti - Link: https://www.facebook.com/biz/directory/DJ/]]>
    </line>
    <line>
      <![CDATA[Text: Denmark - Link: https://www.facebook.com/biz/directory/DK/]]>
    </line>
    <line>
      <![CDATA[Text: Dominica - Link: https://www.facebook.com/biz/directory/DM/]]>
    </line>
    <line>
      <![CDATA[Text: Dominican Republic - Link: https://www.facebook.com/biz/directory/DO/]]>
    </line>
    <line>
      <![CDATA[Text: Algeria - Link: https://www.facebook.com/biz/directory/DZ/]]>
    </line>
    <line>
      <![CDATA[Text: Ecuador - Link: https://www.facebook.com/biz/directory/EC/]]>
    </line>
    <line>
      <![CDATA[Text: Estonia - Link: https://www.facebook.com/biz/directory/EE/]]>
    </line>
    <line>
      <![CDATA[Text: Egypt - Link: https://www.facebook.com/biz/directory/EG/]]>
    </line>
    <line>
      <![CDATA[Text: Spain - Link: https://www.facebook.com/biz/directory/ES/]]>
    </line>
    <line>
      <![CDATA[Text: Ethiopia - Link: https://www.facebook.com/biz/directory/ET/]]>
    </line>
    <line>
      <![CDATA[Text: Finland - Link: https://www.facebook.com/biz/directory/FI/]]>
    </line>
    <line>
      <![CDATA[Text: Fiji - Link: https://www.facebook.com/biz/directory/FJ/]]>
    </line>
    <line>
      <![CDATA[Text: Faroe Islands - Link: https://www.facebook.com/biz/directory/FO/]]>
    </line>
    <line>
      <![CDATA[Text: France - Link: https://www.facebook.com/biz/directory/FR/]]>
    </line>
    <line>
      <![CDATA[Text: Gabon - Link: https://www.facebook.com/biz/directory/GA/]]>
    </line>
    <line>
      <![CDATA[Text: United Kingdom - Link: https://www.facebook.com/biz/directory/GB/]]>
    </line>
    <line>
      <![CDATA[Text: Grenada - Link: https://www.facebook.com/biz/directory/GD/]]>
    </line>
    <line>
      <![CDATA[Text: Georgia - Link: https://www.facebook.com/biz/directory/GE/]]>
    </line>
    <line>
      <![CDATA[Text: French Guiana - Link: https://www.facebook.com/biz/directory/GF/]]>
    </line>
    <line>
      <![CDATA[Text: Guernsey - Link: https://www.facebook.com/biz/directory/GG/]]>
    </line>
    <line>
      <![CDATA[Text: Ghana - Link: https://www.facebook.com/biz/directory/GH/]]>
    </line>
    <line>
      <![CDATA[Text: Gibraltar - Link: https://www.facebook.com/biz/directory/GI/]]>
    </line>
    <line>
      <![CDATA[Text: The Gambia - Link: https://www.facebook.com/biz/directory/GM/]]>
    </line>
    <line>
      <![CDATA[Text: Guinea - Link: https://www.facebook.com/biz/directory/GN/]]>
    </line>
    <line>
      <![CDATA[Text: Guadeloupe - Link: https://www.facebook.com/biz/directory/GP/]]>
    </line>
    <line>
      <![CDATA[Text: Greece - Link: https://www.facebook.com/biz/directory/GR/]]>
    </line>
    <line>
      <![CDATA[Text: Guatemala - Link: https://www.facebook.com/biz/directory/GT/]]>
    </line>
    <line>
      <![CDATA[Text: Guam - Link: https://www.facebook.com/biz/directory/GU/]]>
    </line>
    <line>
      <![CDATA[Text: Guyana - Link: https://www.facebook.com/biz/directory/GY/]]>
    </line>
    <line>
      <![CDATA[Text: Hong Kong - Link: https://www.facebook.com/biz/directory/HK/]]>
    </line>
    <line>
      <![CDATA[Text: Honduras - Link: https://www.facebook.com/biz/directory/HN/]]>
    </line>
    <line>
      <![CDATA[Text: Croatia - Link: https://www.facebook.com/biz/directory/HR/]]>
    </line>
    <line>
      <![CDATA[Text: Haiti - Link: https://www.facebook.com/biz/directory/HT/]]>
    </line>
    <line>
      <![CDATA[Text: Hungary - Link: https://www.facebook.com/biz/directory/HU/]]>
    </line>
    <line>
      <![CDATA[Text: Indonesia - Link: https://www.facebook.com/biz/directory/ID/]]>
    </line>
    <line>
      <![CDATA[Text: Ireland - Link: https://www.facebook.com/biz/directory/IE/]]>
    </line>
    <line>
      <![CDATA[Text: Israel - Link: https://www.facebook.com/biz/directory/IL/]]>
    </line>
    <line>
      <![CDATA[Text: Isle of Man - Link: https://www.facebook.com/biz/directory/IM/]]>
    </line>
    <line>
      <![CDATA[Text: India - Link: https://www.facebook.com/biz/directory/IN/]]>
    </line>
    <line>
      <![CDATA[Text: Iraq - Link: https://www.facebook.com/biz/directory/IQ/]]>
    </line>
    <line>
      <![CDATA[Text: Iran - Link: https://www.facebook.com/biz/directory/IR/]]>
    </line>
    <line>
      <![CDATA[Text: Iceland - Link: https://www.facebook.com/biz/directory/IS/]]>
    </line>
    <line>
      <![CDATA[Text: Italy - Link: https://www.facebook.com/biz/directory/IT/]]>
    </line>
    <line>
      <![CDATA[Text: Jersey - Link: https://www.facebook.com/biz/directory/JE/]]>
    </line>
    <line>
      <![CDATA[Text: Jamaica - Link: https://www.facebook.com/biz/directory/JM/]]>
    </line>
    <line>
      <![CDATA[Text: Jordan - Link: https://www.facebook.com/biz/directory/JO/]]>
    </line>
    <line>
      <![CDATA[Text: Japan - Link: https://www.facebook.com/biz/directory/JP/]]>
    </line>
    <line>
      <![CDATA[Text: Kenya - Link: https://www.facebook.com/biz/directory/KE/]]>
    </line>
    <line>
      <![CDATA[Text: Kyrgyzstan - Link: https://www.facebook.com/biz/directory/KG/]]>
    </line>
    <line>
      <![CDATA[Text: Cambodia - Link: https://www.facebook.com/biz/directory/KH/]]>
    </line>
    <line>
      <![CDATA[Text: Saint Kitts and Nevis - Link: https://www.facebook.com/biz/directory/KN/]]>
    </line>
    <line>
      <![CDATA[Text: South Korea - Link: https://www.facebook.com/biz/directory/KR/]]>
    </line>
    <line>
      <![CDATA[Text: Kuwait - Link: https://www.facebook.com/biz/directory/KW/]]>
    </line>
    <line>
      <![CDATA[Text: Cayman Islands - Link: https://www.facebook.com/biz/directory/KY/]]>
    </line>
    <line>
      <![CDATA[Text: Kazakhstan - Link: https://www.facebook.com/biz/directory/KZ/]]>
    </line>
    <line>
      <![CDATA[Text: Laos - Link: https://www.facebook.com/biz/directory/LA/]]>
    </line>
    <line>
      <![CDATA[Text: Lebanon - Link: https://www.facebook.com/biz/directory/LB/]]>
    </line>
    <line>
      <![CDATA[Text: St. Lucia - Link: https://www.facebook.com/biz/directory/LC/]]>
    </line>
    <line>
      <![CDATA[Text: Liechtenstein - Link: https://www.facebook.com/biz/directory/LI/]]>
    </line>
    <line>
      <![CDATA[Text: Sri Lanka - Link: https://www.facebook.com/biz/directory/LK/]]>
    </line>
    <line>
      <![CDATA[Text: Liberia - Link: https://www.facebook.com/biz/directory/LR/]]>
    </line>
    <line>
      <![CDATA[Text: Lesotho - Link: https://www.facebook.com/biz/directory/LS/]]>
    </line>
    <line>
      <![CDATA[Text: Lithuania - Link: https://www.facebook.com/biz/directory/LT/]]>
    </line>
    <line>
      <![CDATA[Text: Luxembourg - Link: https://www.facebook.com/biz/directory/LU/]]>
    </line>
    <line>
      <![CDATA[Text: Latvia - Link: https://www.facebook.com/biz/directory/LV/]]>
    </line>
    <line>
      <![CDATA[Text: Libya - Link: https://www.facebook.com/biz/directory/LY/]]>
    </line>
    <line>
      <![CDATA[Text: Morocco - Link: https://www.facebook.com/biz/directory/MA/]]>
    </line>
    <line>
      <![CDATA[Text: Monaco - Link: https://www.facebook.com/biz/directory/MC/]]>
    </line>
    <line>
      <![CDATA[Text: Moldova - Link: https://www.facebook.com/biz/directory/MD/]]>
    </line>
    <line>
      <![CDATA[Text: Montenegro - Link: https://www.facebook.com/biz/directory/ME/]]>
    </line>
    <line>
      <![CDATA[Text: Saint Martin - Link: https://www.facebook.com/biz/directory/MF/]]>
    </line>
    <line>
      <![CDATA[Text: Madagascar - Link: https://www.facebook.com/biz/directory/MG/]]>
    </line>
    <line>
      <![CDATA[Text: North Macedonia - Link: https://www.facebook.com/biz/directory/MK/]]>
    </line>
    <line>
      <![CDATA[Text: Mali - Link: https://www.facebook.com/biz/directory/ML/]]>
    </line>
    <line>
      <![CDATA[Text: Myanmar - Link: https://www.facebook.com/biz/directory/MM/]]>
    </line>
    <line>
      <![CDATA[Text: Mongolia - Link: https://www.facebook.com/biz/directory/MN/]]>
    </line>
    <line>
      <![CDATA[Text: Macau - Link: https://www.facebook.com/biz/directory/MO/]]>
    </line>
    <line>
      <![CDATA[Text: Northern Mariana Islands - Link: https://www.facebook.com/biz/directory/MP/]]>
    </line>
    <line>
      <![CDATA[Text: Martinique - Link: https://www.facebook.com/biz/directory/MQ/]]>
    </line>
    <line>
      <![CDATA[Text: Mauritania - Link: https://www.facebook.com/biz/directory/MR/]]>
    </line>
    <line>
      <![CDATA[Text: Malta - Link: https://www.facebook.com/biz/directory/MT/]]>
    </line>
    <line>
      <![CDATA[Text: Mauritius - Link: https://www.facebook.com/biz/directory/MU/]]>
    </line>
    <line>
      <![CDATA[Text: Maldives - Link: https://www.facebook.com/biz/directory/MV/]]>
    </line>
    <line>
      <![CDATA[Text: Malawi - Link: https://www.facebook.com/biz/directory/MW/]]>
    </line>
    <line>
      <![CDATA[Text: Mexico - Link: https://www.facebook.com/biz/directory/MX/]]>
    </line>
    <line>
      <![CDATA[Text: Malaysia - Link: https://www.facebook.com/biz/directory/MY/]]>
    </line>
    <line>
      <![CDATA[Text: Mozambique - Link: https://www.facebook.com/biz/directory/MZ/]]>
    </line>
    <line>
      <![CDATA[Text: Namibia - Link: https://www.facebook.com/biz/directory/NA/]]>
    </line>
    <line>
      <![CDATA[Text: New Caledonia - Link: https://www.facebook.com/biz/directory/NC/]]>
    </line>
    <line>
      <![CDATA[Text: Niger - Link: https://www.facebook.com/biz/directory/NE/]]>
    </line>
    <line>
      <![CDATA[Text: Nigeria - Link: https://www.facebook.com/biz/directory/NG/]]>
    </line>
    <line>
      <![CDATA[Text: Nicaragua - Link: https://www.facebook.com/biz/directory/NI/]]>
    </line>
    <line>
      <![CDATA[Text: Netherlands - Link: https://www.facebook.com/biz/directory/NL/]]>
    </line>
    <line>
      <![CDATA[Text: Norway - Link: https://www.facebook.com/biz/directory/NO/]]>
    </line>
    <line>
      <![CDATA[Text: Nepal - Link: https://www.facebook.com/biz/directory/NP/]]>
    </line>
    <line>
      <![CDATA[Text: New Zealand - Link: https://www.facebook.com/biz/directory/NZ/]]>
    </line>
    <line>
      <![CDATA[Text: Oman - Link: https://www.facebook.com/biz/directory/OM/]]>
    </line>
    <line>
      <![CDATA[Text: Panama - Link: https://www.facebook.com/biz/directory/PA/]]>
    </line>
    <line>
      <![CDATA[Text: Peru - Link: https://www.facebook.com/biz/directory/PE/]]>
    </line>
    <line>
      <![CDATA[Text: French Polynesia - Link: https://www.facebook.com/biz/directory/PF/]]>
    </line>
    <line>
      <![CDATA[Text: Papua New Guinea - Link: https://www.facebook.com/biz/directory/PG/]]>
    </line>
    <line>
      <![CDATA[Text: Philippines - Link: https://www.facebook.com/biz/directory/PH/]]>
    </line>
    <line>
      <![CDATA[Text: Pakistan - Link: https://www.facebook.com/biz/directory/PK/]]>
    </line>
    <line>
      <![CDATA[Text: Poland - Link: https://www.facebook.com/biz/directory/PL/]]>
    </line>
    <line>
      <![CDATA[Text: Puerto Rico - Link: https://www.facebook.com/biz/directory/PR/]]>
    </line>
    <line>
      <![CDATA[Text: Palestine - Link: https://www.facebook.com/biz/directory/PS/]]>
    </line>
    <line>
      <![CDATA[Text: Portugal - Link: https://www.facebook.com/biz/directory/PT/]]>
    </line>
    <line>
      <![CDATA[Text: Paraguay - Link: https://www.facebook.com/biz/directory/PY/]]>
    </line>
    <line>
      <![CDATA[Text: Qatar - Link: https://www.facebook.com/biz/directory/QA/]]>
    </line>
    <line>
      <![CDATA[Text: Réunion - Link: https://www.facebook.com/biz/directory/RE/]]>
    </line>
    <line>
      <![CDATA[Text: Romania - Link: https://www.facebook.com/biz/directory/RO/]]>
    </line>
    <line>
      <![CDATA[Text: Serbia - Link: https://www.facebook.com/biz/directory/RS/]]>
    </line>
    <line>
      <![CDATA[Text: Russia - Link: https://www.facebook.com/biz/directory/RU/]]>
    </line>
    <line>
      <![CDATA[Text: Rwanda - Link: https://www.facebook.com/biz/directory/RW/]]>
    </line>
    <line>
      <![CDATA[Text: Saudi Arabia - Link: https://www.facebook.com/biz/directory/SA/]]>
    </line>
    <line>
      <![CDATA[Text: Solomon Islands - Link: https://www.facebook.com/biz/directory/SB/]]>
    </line>
    <line>
      <![CDATA[Text: Seychelles - Link: https://www.facebook.com/biz/directory/SC/]]>
    </line>
    <line>
      <![CDATA[Text: Sudan - Link: https://www.facebook.com/biz/directory/SD/]]>
    </line>
    <line>
      <![CDATA[Text: Sweden - Link: https://www.facebook.com/biz/directory/SE/]]>
    </line>
    <line>
      <![CDATA[Text: Singapore - Link: https://www.facebook.com/biz/directory/SG/]]>
    </line>
    <line>
      <![CDATA[Text: Slovenia - Link: https://www.facebook.com/biz/directory/SI/]]>
    </line>
    <line>
      <![CDATA[Text: Slovakia - Link: https://www.facebook.com/biz/directory/SK/]]>
    </line>
    <line>
      <![CDATA[Text: Sierra Leone - Link: https://www.facebook.com/biz/directory/SL/]]>
    </line>
    <line>
      <![CDATA[Text: San Marino - Link: https://www.facebook.com/biz/directory/SM/]]>
    </line>
    <line>
      <![CDATA[Text: Senegal - Link: https://www.facebook.com/biz/directory/SN/]]>
    </line>
    <line>
      <![CDATA[Text: Somalia - Link: https://www.facebook.com/biz/directory/SO/]]>
    </line>
    <line>
      <![CDATA[Text: Suriname - Link: https://www.facebook.com/biz/directory/SR/]]>
    </line>
    <line>
      <![CDATA[Text: South Sudan - Link: https://www.facebook.com/biz/directory/SS/]]>
    </line>
    <line>
      <![CDATA[Text: El Salvador - Link: https://www.facebook.com/biz/directory/SV/]]>
    </line>
    <line>
      <![CDATA[Text: Sint Maarten - Link: https://www.facebook.com/biz/directory/SX/]]>
    </line>
    <line>
      <![CDATA[Text: Syria - Link: https://www.facebook.com/biz/directory/SY/]]>
    </line>
    <line>
      <![CDATA[Text: Swaziland - Link: https://www.facebook.com/biz/directory/SZ/]]>
    </line>
    <line>
      <![CDATA[Text: Turks and Caicos Islands - Link: https://www.facebook.com/biz/directory/TC/]]>
    </line>
    <line>
      <![CDATA[Text: Chad - Link: https://www.facebook.com/biz/directory/TD/]]>
    </line>
    <line>
      <![CDATA[Text: Togo - Link: https://www.facebook.com/biz/directory/TG/]]>
    </line>
    <line>
      <![CDATA[Text: Thailand - Link: https://www.facebook.com/biz/directory/TH/]]>
    </line>
    <line>
      <![CDATA[Text: Tajikistan - Link: https://www.facebook.com/biz/directory/TJ/]]>
    </line>
    <line>
      <![CDATA[Text: Timor-Leste - Link: https://www.facebook.com/biz/directory/TL/]]>
    </line>
    <line>
      <![CDATA[Text: Tunisia - Link: https://www.facebook.com/biz/directory/TN/]]>
    </line>
    <line>
      <![CDATA[Text: Tonga - Link: https://www.facebook.com/biz/directory/TO/]]>
    </line>
    <line>
      <![CDATA[Text: Türkiye - Link: https://www.facebook.com/biz/directory/TR/]]>
    </line>
    <line>
      <![CDATA[Text: Trinidad and Tobago - Link: https://www.facebook.com/biz/directory/TT/]]>
    </line>
    <line>
      <![CDATA[Text: Taiwan - Link: https://www.facebook.com/biz/directory/TW/]]>
    </line>
    <line>
      <![CDATA[Text: Tanzania - Link: https://www.facebook.com/biz/directory/TZ/]]>
    </line>
    <line>
      <![CDATA[Text: Ukraine - Link: https://www.facebook.com/biz/directory/UA/]]>
    </line>
    <line>
      <![CDATA[Text: Uganda - Link: https://www.facebook.com/biz/directory/UG/]]>
    </line>
    <line>
      <![CDATA[Text: United States - Link: https://www.facebook.com/biz/directory/US/]]>
    </line>
    <line>
      <![CDATA[Text: Uruguay - Link: https://www.facebook.com/biz/directory/UY/]]>
    </line>
    <line>
      <![CDATA[Text: Uzbekistan - Link: https://www.facebook.com/biz/directory/UZ/]]>
    </line>
    <line>
      <![CDATA[Text: Vatican City - Link: https://www.facebook.com/biz/directory/VA/]]>
    </line>
    <line>
      <![CDATA[Text: Saint Vincent and the Grenadines - Link: https://www.facebook.com/biz/directory/VC/]]>
    </line>
    <line>
      <![CDATA[Text: Venezuela - Link: https://www.facebook.com/biz/directory/VE/]]>
    </line>
    <line>
      <![CDATA[Text: British Virgin Islands - Link: https://www.facebook.com/biz/directory/VG/]]>
    </line>
    <line>
      <![CDATA[Text: US Virgin Islands - Link: https://www.facebook.com/biz/directory/VI/]]>
    </line>
    <line>
      <![CDATA[Text: Vietnam - Link: https://www.facebook.com/biz/directory/VN/]]>
    </line>
    <line>
      <![CDATA[Text: Vanuatu - Link: https://www.facebook.com/biz/directory/VU/]]>
    </line>
    <line>
      <![CDATA[Text: Samoa - Link: https://www.facebook.com/biz/directory/WS/]]>
    </line>
    <line>
      <![CDATA[Text: Yemen - Link: https://www.facebook.com/biz/directory/YE/]]>
    </line>
    <line>
      <![CDATA[Text: Mayotte - Link: https://www.facebook.com/biz/directory/YT/]]>
    </line>
    <line>
      <![CDATA[Text: South Africa - Link: https://www.facebook.com/biz/directory/ZA/]]>
    </line>
    <line>
      <![CDATA[Text: Zambia - Link: https://www.facebook.com/biz/directory/ZM/]]>
    </line>
    <line>
      <![CDATA[Text: Zimbabwe - Link: https://www.facebook.com/biz/directory/ZW/]]>
    </line>
    <line>
      <![CDATA[-----softare Testing-----]]>
    </line>
    <line>
      <![CDATA[Browser =chrome]]>
    </line>
    <line>
      <![CDATA[Passowrd =https://www.facebook.com]]>
    </line>
    <line>
      <![CDATA[[[[[ChromeDriver: chrome on windows (e36b83b474627b1bdf6439ae5654bd9f)] -> xpath: //button[@aria-label='Toggle']]] -> xpath: //span[@class='rct-checkbox']]]]>
    </line>
    <line>
      <![CDATA[[[[[ChromeDriver: chrome on windows (e36b83b474627b1bdf6439ae5654bd9f)] -> xpath: //button[@aria-label='Toggle']]] -> xpath: //span[@class='rct-checkbox']]]]>
    </line>
    <line>
      <![CDATA[[[[[ChromeDriver: chrome on windows (e36b83b474627b1bdf6439ae5654bd9f)] -> xpath: //button[@aria-label='Toggle']]] -> xpath: //span[@class='rct-checkbox']]]]>
    </line>
    <line>
      <![CDATA[Username = chiragpatel@infosystechnologies.com]]>
    </line>
    <line>
      <![CDATA[Password = SoftwareTestingHead]]>
    </line>
    <line>
      <![CDATA[button name = Log In]]>
    </line>
  </reporter-output>
  <suite started-at="2025-09-12T09:34:20 IST" name="Suite" finished-at="2025-09-12T09:35:49 IST" duration-ms="88833">
    <groups>
    </groups>
    <test started-at="2025-09-12T09:34:20 IST" name="Test" finished-at="2025-09-12T09:35:49 IST" duration-ms="88833">
      <class name="test.RediffValidation">
        <test-method is-config="true" signature="setUp()[pri:0, instance:test.RediffValidation@31edaa7d]" started-at="2025-09-12T09:35:17 IST" name="setUp" finished-at="2025-09-12T09:35:18 IST" duration-ms="1202" status="PASS">
          <reporter-output>
          </reporter-output>
        </test-method> <!-- setUp -->
        <test-method signature="Redfflogin()[pri:0, instance:test.RediffValidation@31edaa7d]" started-at="2025-09-12T09:35:18 IST" name="Redfflogin" finished-at="2025-09-12T09:35:23 IST" duration-ms="5458" status="PASS">
          <reporter-output>
            <line>
              <![CDATA[Username = chiragpatel@infosystechnologies.com]]>
            </line>
            <line>
              <![CDATA[Password = SoftwareTestingHead]]>
            </line>
            <line>
              <![CDATA[button name = Log In]]>
            </line>
          </reporter-output>
        </test-method> <!-- Redfflogin -->
        <test-method is-config="true" signature="tearDown()[pri:0, instance:test.RediffValidation@31edaa7d]" started-at="2025-09-12T09:35:23 IST" name="tearDown" finished-at="2025-09-12T09:35:23 IST" duration-ms="223" status="PASS">
          <reporter-output>
          </reporter-output>
        </test-method> <!-- tearDown -->
      </class> <!-- test.RediffValidation -->
      <class name="test.Flipkart">
        <test-method is-config="true" signature="setUp()[pri:0, instance:test.Flipkart@1890516e]" started-at="2025-09-12T09:35:01 IST" name="setUp" finished-at="2025-09-12T09:35:02 IST" duration-ms="1092" status="PASS">
          <reporter-output>
          </reporter-output>
        </test-method> <!-- setUp -->
        <test-method signature="software()[pri:0, instance:test.Flipkart@1890516e]" started-at="2025-09-12T09:35:02 IST" name="software" finished-at="2025-09-12T09:35:06 IST" duration-ms="3991" status="PASS">
          <reporter-output>
          </reporter-output>
        </test-method> <!-- software -->
        <test-method is-config="true" signature="tearDown()[pri:0, instance:test.Flipkart@1890516e]" started-at="2025-09-12T09:35:06 IST" name="tearDown" finished-at="2025-09-12T09:35:06 IST" duration-ms="214" status="PASS">
          <reporter-output>
          </reporter-output>
        </test-method> <!-- tearDown -->
      </class> <!-- test.Flipkart -->
      <class name="test.DataProviderTest">
        <test-method signature="validLogin(java.lang.String,java.lang.String)[pri:0, instance:test.DataProviderTest@93081b6]" started-at="2025-09-12T09:34:47 IST" name="validLogin" data-provider="dp" finished-at="2025-09-12T09:34:47 IST" duration-ms="12" status="PASS">
          <params>
            <param index="0">
              <value>
                <![CDATA[chrome]]>
              </value>
            </param>
            <param index="1">
              <value>
                <![CDATA[https://www.facebook.com]]>
              </value>
            </param>
          </params>
          <reporter-output>
            <line>
              <![CDATA[Browser =chrome]]>
            </line>
            <line>
              <![CDATA[Passowrd =https://www.facebook.com]]>
            </line>
          </reporter-output>
        </test-method> <!-- validLogin -->
      </class> <!-- test.DataProviderTest -->
      <class name="test.StaleElement_Exp">
        <test-method signature="handleStaleElement()[pri:0, instance:test.StaleElement_Exp@26adfd2d]" started-at="2025-09-12T09:35:23 IST" name="handleStaleElement" finished-at="2025-09-12T09:35:49 IST" duration-ms="25665" status="PASS">
          <reporter-output>
          </reporter-output>
        </test-method> <!-- handleStaleElement -->
      </class> <!-- test.StaleElement_Exp -->
      <class name="test.LocatorsExample">
        <test-method is-config="true" signature="setUp()[pri:0, instance:test.LocatorsExample@16c069df]" started-at="2025-09-12T09:35:09 IST" name="setUp" finished-at="2025-09-12T09:35:10 IST" duration-ms="1222" status="PASS">
          <reporter-output>
          </reporter-output>
        </test-method> <!-- setUp -->
        <test-method signature="locatorDemo()[pri:0, instance:test.LocatorsExample@16c069df]" started-at="2025-09-12T09:35:10 IST" name="locatorDemo" finished-at="2025-09-12T09:35:16 IST" duration-ms="6169" status="PASS">
          <reporter-output>
          </reporter-output>
        </test-method> <!-- locatorDemo -->
        <test-method is-config="true" signature="tearDown()[pri:0, instance:test.LocatorsExample@16c069df]" started-at="2025-09-12T09:35:16 IST" name="tearDown" finished-at="2025-09-12T09:35:17 IST" duration-ms="258" status="PASS">
          <reporter-output>
          </reporter-output>
        </test-method> <!-- tearDown -->
      </class> <!-- test.LocatorsExample -->
      <class name="test.Exa_Checkbox">
        <test-method is-config="true" signature="setUp()[pri:0, instance:test.Exa_Checkbox@7ba8c737]" started-at="2025-09-12T09:34:54 IST" name="setUp" finished-at="2025-09-12T09:34:55 IST" duration-ms="1329" status="PASS">
          <reporter-output>
          </reporter-output>
        </test-method> <!-- setUp -->
        <test-method signature="Testcheckbox()[pri:0, instance:test.Exa_Checkbox@7ba8c737]" started-at="2025-09-12T09:34:55 IST" name="Testcheckbox" finished-at="2025-09-12T09:35:00 IST" duration-ms="5325" status="PASS">
          <reporter-output>
            <line>
              <![CDATA[[[[[ChromeDriver: chrome on windows (e36b83b474627b1bdf6439ae5654bd9f)] -> xpath: //button[@aria-label='Toggle']]] -> xpath: //span[@class='rct-checkbox']]]]>
            </line>
            <line>
              <![CDATA[[[[[ChromeDriver: chrome on windows (e36b83b474627b1bdf6439ae5654bd9f)] -> xpath: //button[@aria-label='Toggle']]] -> xpath: //span[@class='rct-checkbox']]]]>
            </line>
            <line>
              <![CDATA[[[[[ChromeDriver: chrome on windows (e36b83b474627b1bdf6439ae5654bd9f)] -> xpath: //button[@aria-label='Toggle']]] -> xpath: //span[@class='rct-checkbox']]]]>
            </line>
          </reporter-output>
        </test-method> <!-- Testcheckbox -->
        <test-method is-config="true" signature="tearDown()[pri:0, instance:test.Exa_Checkbox@7ba8c737]" started-at="2025-09-12T09:35:01 IST" name="tearDown" finished-at="2025-09-12T09:35:01 IST" duration-ms="259" status="PASS">
          <reporter-output>
          </reporter-output>
        </test-method> <!-- tearDown -->
      </class> <!-- test.Exa_Checkbox -->
      <class name="test.GoogleTest">
        <test-method is-config="true" signature="setUp()[pri:0, instance:test.GoogleTest@15a04efb]" started-at="2025-09-12T09:35:06 IST" name="setUp" finished-at="2025-09-12T09:35:07 IST" duration-ms="1110" status="PASS">
          <reporter-output>
          </reporter-output>
        </test-method> <!-- setUp -->
        <test-method signature="verifyTitle()[pri:0, instance:test.GoogleTest@15a04efb]" started-at="2025-09-12T09:35:07 IST" name="verifyTitle" finished-at="2025-09-12T09:35:09 IST" duration-ms="1486" status="PASS">
          <reporter-output>
          </reporter-output>
        </test-method> <!-- verifyTitle -->
        <test-method is-config="true" signature="tearDown()[pri:0, instance:test.GoogleTest@15a04efb]" started-at="2025-09-12T09:35:09 IST" name="tearDown" finished-at="2025-09-12T09:35:09 IST" duration-ms="202" status="PASS">
          <reporter-output>
          </reporter-output>
        </test-method> <!-- tearDown -->
      </class> <!-- test.GoogleTest -->
      <class name="test.Assertions_Test">
        <test-method signature="HardAssert()[pri:0, instance:test.Assertions_Test@2415fc55]" started-at="2025-09-12T09:34:38 IST" name="HardAssert" finished-at="2025-09-12T09:34:38 IST" duration-ms="27" status="FAIL">
          <exception class="java.lang.AssertionError">
            <message>
              <![CDATA[expected [true] but found [false]]]>
            </message>
            <full-stacktrace>
              <![CDATA[java.lang.AssertionError: expected [true] but found [false]
at org.testng.Assert.fail(Assert.java:111)
at org.testng.Assert.failNotEquals(Assert.java:1590)
at org.testng.Assert.assertEqualsImpl(Assert.java:150)
at org.testng.Assert.assertEquals(Assert.java:132)
at org.testng.Assert.assertEquals(Assert.java:1079)
at org.testng.Assert.assertEquals(Assert.java:1043)
at org.testng.Assert.assertEquals(Assert.java:1089)
at test.Assertions_Test.HardAssert(Assertions_Test.java:17)
at java.base/jdk.internal.reflect.DirectMethodHandleAccessor.invoke(DirectMethodHandleAccessor.java:103)
at java.base/java.lang.reflect.Method.invoke(Method.java:580)
at org.testng.internal.invokers.MethodInvocationHelper.invokeMethod(MethodInvocationHelper.java:141)
at org.testng.internal.invokers.TestInvoker.invokeMethod(TestInvoker.java:687)
at org.testng.internal.invokers.TestInvoker.invokeTestMethod(TestInvoker.java:230)
at org.testng.internal.invokers.MethodRunner.runInSequence(MethodRunner.java:63)
at org.testng.internal.invokers.TestInvoker$MethodInvocationAgent.invoke(TestInvoker.java:995)
at org.testng.internal.invokers.TestInvoker.invokeTestMethods(TestInvoker.java:203)
at org.testng.internal.invokers.TestMethodWorker.invokeTestMethods(TestMethodWorker.java:154)
at org.testng.internal.invokers.TestMethodWorker.run(TestMethodWorker.java:134)
at java.base/java.util.ArrayList.forEach(ArrayList.java:1596)
at org.testng.TestRunner.privateRun(TestRunner.java:741)
at org.testng.TestRunner.run(TestRunner.java:616)
at org.testng.SuiteRunner.runTest(SuiteRunner.java:421)
at org.testng.SuiteRunner.runSequentially(SuiteRunner.java:413)
at org.testng.SuiteRunner.privateRun(SuiteRunner.java:373)
at org.testng.SuiteRunner.run(SuiteRunner.java:312)
at org.testng.SuiteRunnerWorker.runSuite(SuiteRunnerWorker.java:52)
at org.testng.SuiteRunnerWorker.run(SuiteRunnerWorker.java:95)
at org.testng.TestNG.runSuitesSequentially(TestNG.java:1274)
at org.testng.TestNG.runSuitesLocally(TestNG.java:1208)
at org.testng.TestNG.runSuites(TestNG.java:1112)
at org.testng.TestNG.run(TestNG.java:1079)
at org.testng.remote.AbstractRemoteTestNG.run(AbstractRemoteTestNG.java:115)
at org.testng.remote.RemoteTestNG.initAndRun(RemoteTestNG.java:293)
at org.testng.remote.RemoteTestNG.main(RemoteTestNG.java:91)
]]>
            </full-stacktrace>
          </exception> <!-- java.lang.AssertionError -->
          <reporter-output>
          </reporter-output>
        </test-method> <!-- HardAssert -->
        <test-method signature="SoftAss()[pri:0, instance:test.Assertions_Test@2415fc55]" started-at="2025-09-12T09:34:38 IST" name="SoftAss" finished-at="2025-09-12T09:34:38 IST" duration-ms="8" status="FAIL">
          <exception class="java.lang.AssertionError">
            <message>
              <![CDATA[The following asserts failed:
expected [true] but found [false]]]>
            </message>
            <full-stacktrace>
              <![CDATA[java.lang.AssertionError: The following asserts failed:
expected [true] but found [false]
at org.testng.asserts.SoftAssert.assertAll(SoftAssert.java:46)
at org.testng.asserts.SoftAssert.assertAll(SoftAssert.java:30)
at test.Assertions_Test.SoftAss(Assertions_Test.java:13)
at java.base/jdk.internal.reflect.DirectMethodHandleAccessor.invoke(DirectMethodHandleAccessor.java:103)
at java.base/java.lang.reflect.Method.invoke(Method.java:580)
at org.testng.internal.invokers.MethodInvocationHelper.invokeMethod(MethodInvocationHelper.java:141)
at org.testng.internal.invokers.TestInvoker.invokeMethod(TestInvoker.java:687)
at org.testng.internal.invokers.TestInvoker.invokeTestMethod(TestInvoker.java:230)
at org.testng.internal.invokers.MethodRunner.runInSequence(MethodRunner.java:63)
at org.testng.internal.invokers.TestInvoker$MethodInvocationAgent.invoke(TestInvoker.java:995)
at org.testng.internal.invokers.TestInvoker.invokeTestMethods(TestInvoker.java:203)
at org.testng.internal.invokers.TestMethodWorker.invokeTestMethods(TestMethodWorker.java:154)
at org.testng.internal.invokers.TestMethodWorker.run(TestMethodWorker.java:134)
at java.base/java.util.ArrayList.forEach(ArrayList.java:1596)
at org.testng.TestRunner.privateRun(TestRunner.java:741)
at org.testng.TestRunner.run(TestRunner.java:616)
at org.testng.SuiteRunner.runTest(SuiteRunner.java:421)
at org.testng.SuiteRunner.runSequentially(SuiteRunner.java:413)
at org.testng.SuiteRunner.privateRun(SuiteRunner.java:373)
at org.testng.SuiteRunner.run(SuiteRunner.java:312)
at org.testng.SuiteRunnerWorker.runSuite(SuiteRunnerWorker.java:52)
at org.testng.SuiteRunnerWorker.run(SuiteRunnerWorker.java:95)
at org.testng.TestNG.runSuitesSequentially(TestNG.java:1274)
at org.testng.TestNG.runSuitesLocally(TestNG.java:1208)
at org.testng.TestNG.runSuites(TestNG.java:1112)
at org.testng.TestNG.run(TestNG.java:1079)
at org.testng.remote.AbstractRemoteTestNG.run(AbstractRemoteTestNG.java:115)
at org.testng.remote.RemoteTestNG.initAndRun(RemoteTestNG.java:293)
at org.testng.remote.RemoteTestNG.main(RemoteTestNG.java:91)
]]>
            </full-stacktrace>
          </exception> <!-- java.lang.AssertionError -->
          <reporter-output>
          </reporter-output>
        </test-method> <!-- SoftAss -->
      </class> <!-- test.Assertions_Test -->
      <class name="test.EdurekaLogin">
        <test-method is-config="true" signature="setUp()[pri:0, instance:test.EdurekaLogin@cd1e646]" started-at="2025-09-12T09:34:47 IST" name="setUp" finished-at="2025-09-12T09:34:48 IST" duration-ms="1038" status="PASS">
          <reporter-output>
          </reporter-output>
        </test-method> <!-- setUp -->
        <test-method signature="Edureka()[pri:0, instance:test.EdurekaLogin@cd1e646]" started-at="2025-09-12T09:34:48 IST" name="Edureka" finished-at="2025-09-12T09:34:54 IST" duration-ms="5219" status="PASS">
          <reporter-output>
          </reporter-output>
        </test-method> <!-- Edureka -->
        <test-method is-config="true" signature="tearDown()[pri:0, instance:test.EdurekaLogin@cd1e646]" started-at="2025-09-12T09:34:54 IST" name="tearDown" finished-at="2025-09-12T09:34:54 IST" duration-ms="239" status="PASS">
          <reporter-output>
          </reporter-output>
        </test-method> <!-- tearDown -->
      </class> <!-- test.EdurekaLogin -->
      <class name="test.CountCountry">
        <test-method is-config="true" signature="setUp()[pri:0, instance:test.CountCountry@24c22fe]" started-at="2025-09-12T09:34:38 IST" name="setUp" finished-at="2025-09-12T09:34:39 IST" duration-ms="930" status="PASS">
          <reporter-output>
          </reporter-output>
        </test-method> <!-- setUp -->
        <test-method signature="FbServiceDirectory()[pri:0, instance:test.CountCountry@24c22fe]" started-at="2025-09-12T09:34:39 IST" name="FbServiceDirectory" finished-at="2025-09-12T09:34:47 IST" duration-ms="8539" status="PASS">
          <reporter-output>
            <line>
              <![CDATA[Facebook services directory]]>
            </line>
            <line>
              <![CDATA[Total links   first=210]]>
            </line>
            <line>
              <![CDATA[Text: Andorra - Link: https://www.facebook.com/biz/directory/AD/]]>
            </line>
            <line>
              <![CDATA[Text: United Arab Emirates - Link: https://www.facebook.com/biz/directory/AE/]]>
            </line>
            <line>
              <![CDATA[Text: Afghanistan - Link: https://www.facebook.com/biz/directory/AF/]]>
            </line>
            <line>
              <![CDATA[Text: Antigua - Link: https://www.facebook.com/biz/directory/AG/]]>
            </line>
            <line>
              <![CDATA[Text: Anguilla - Link: https://www.facebook.com/biz/directory/AI/]]>
            </line>
            <line>
              <![CDATA[Text: Albania - Link: https://www.facebook.com/biz/directory/AL/]]>
            </line>
            <line>
              <![CDATA[Text: Armenia - Link: https://www.facebook.com/biz/directory/AM/]]>
            </line>
            <line>
              <![CDATA[Text: Angola - Link: https://www.facebook.com/biz/directory/AO/]]>
            </line>
            <line>
              <![CDATA[Text: Argentina - Link: https://www.facebook.com/biz/directory/AR/]]>
            </line>
            <line>
              <![CDATA[Text: Austria - Link: https://www.facebook.com/biz/directory/AT/]]>
            </line>
            <line>
              <![CDATA[Text: Australia - Link: https://www.facebook.com/biz/directory/AU/]]>
            </line>
            <line>
              <![CDATA[Text: Aruba - Link: https://www.facebook.com/biz/directory/AW/]]>
            </line>
            <line>
              <![CDATA[Text: Azerbaijan - Link: https://www.facebook.com/biz/directory/AZ/]]>
            </line>
            <line>
              <![CDATA[Text: Bosnia and Herzegovina - Link: https://www.facebook.com/biz/directory/BA/]]>
            </line>
            <line>
              <![CDATA[Text: Barbados - Link: https://www.facebook.com/biz/directory/BB/]]>
            </line>
            <line>
              <![CDATA[Text: Bangladesh - Link: https://www.facebook.com/biz/directory/BD/]]>
            </line>
            <line>
              <![CDATA[Text: Belgium - Link: https://www.facebook.com/biz/directory/BE/]]>
            </line>
            <line>
              <![CDATA[Text: Burkina Faso - Link: https://www.facebook.com/biz/directory/BF/]]>
            </line>
            <line>
              <![CDATA[Text: Bulgaria - Link: https://www.facebook.com/biz/directory/BG/]]>
            </line>
            <line>
              <![CDATA[Text: Bahrain - Link: https://www.facebook.com/biz/directory/BH/]]>
            </line>
            <line>
              <![CDATA[Text: Burundi - Link: https://www.facebook.com/biz/directory/BI/]]>
            </line>
            <line>
              <![CDATA[Text: Benin - Link: https://www.facebook.com/biz/directory/BJ/]]>
            </line>
            <line>
              <![CDATA[Text: Bermuda - Link: https://www.facebook.com/biz/directory/BM/]]>
            </line>
            <line>
              <![CDATA[Text: Brunei - Link: https://www.facebook.com/biz/directory/BN/]]>
            </line>
            <line>
              <![CDATA[Text: Bolivia - Link: https://www.facebook.com/biz/directory/BO/]]>
            </line>
            <line>
              <![CDATA[Text: Bonaire, Saint Eustatius and Saba - Link: https://www.facebook.com/biz/directory/BQ/]]>
            </line>
            <line>
              <![CDATA[Text: Brazil - Link: https://www.facebook.com/biz/directory/BR/]]>
            </line>
            <line>
              <![CDATA[Text: The Bahamas - Link: https://www.facebook.com/biz/directory/BS/]]>
            </line>
            <line>
              <![CDATA[Text: Bhutan - Link: https://www.facebook.com/biz/directory/BT/]]>
            </line>
            <line>
              <![CDATA[Text: Botswana - Link: https://www.facebook.com/biz/directory/BW/]]>
            </line>
            <line>
              <![CDATA[Text: Belarus - Link: https://www.facebook.com/biz/directory/BY/]]>
            </line>
            <line>
              <![CDATA[Text: Belize - Link: https://www.facebook.com/biz/directory/BZ/]]>
            </line>
            <line>
              <![CDATA[Text: Canada - Link: https://www.facebook.com/biz/directory/CA/]]>
            </line>
            <line>
              <![CDATA[Text: Democratic Republic of the Congo - Link: https://www.facebook.com/biz/directory/CD/]]>
            </line>
            <line>
              <![CDATA[Text: Republic of the Congo - Link: https://www.facebook.com/biz/directory/CG/]]>
            </line>
            <line>
              <![CDATA[Text: Switzerland - Link: https://www.facebook.com/biz/directory/CH/]]>
            </line>
            <line>
              <![CDATA[Text: Côte d'Ivoire - Link: https://www.facebook.com/biz/directory/CI/]]>
            </line>
            <line>
              <![CDATA[Text: Chile - Link: https://www.facebook.com/biz/directory/CL/]]>
            </line>
            <line>
              <![CDATA[Text: Cameroon - Link: https://www.facebook.com/biz/directory/CM/]]>
            </line>
            <line>
              <![CDATA[Text: China - Link: https://www.facebook.com/biz/directory/CN/]]>
            </line>
            <line>
              <![CDATA[Text: Colombia - Link: https://www.facebook.com/biz/directory/CO/]]>
            </line>
            <line>
              <![CDATA[Text: Costa Rica - Link: https://www.facebook.com/biz/directory/CR/]]>
            </line>
            <line>
              <![CDATA[Text: Cuba - Link: https://www.facebook.com/biz/directory/CU/]]>
            </line>
            <line>
              <![CDATA[Text: Cape Verde - Link: https://www.facebook.com/biz/directory/CV/]]>
            </line>
            <line>
              <![CDATA[Text: Curaçao - Link: https://www.facebook.com/biz/directory/CW/]]>
            </line>
            <line>
              <![CDATA[Text: Cyprus - Link: https://www.facebook.com/biz/directory/CY/]]>
            </line>
            <line>
              <![CDATA[Text: Czech Republic - Link: https://www.facebook.com/biz/directory/CZ/]]>
            </line>
            <line>
              <![CDATA[Text: Germany - Link: https://www.facebook.com/biz/directory/DE/]]>
            </line>
            <line>
              <![CDATA[Text: Djibouti - Link: https://www.facebook.com/biz/directory/DJ/]]>
            </line>
            <line>
              <![CDATA[Text: Denmark - Link: https://www.facebook.com/biz/directory/DK/]]>
            </line>
            <line>
              <![CDATA[Text: Dominica - Link: https://www.facebook.com/biz/directory/DM/]]>
            </line>
            <line>
              <![CDATA[Text: Dominican Republic - Link: https://www.facebook.com/biz/directory/DO/]]>
            </line>
            <line>
              <![CDATA[Text: Algeria - Link: https://www.facebook.com/biz/directory/DZ/]]>
            </line>
            <line>
              <![CDATA[Text: Ecuador - Link: https://www.facebook.com/biz/directory/EC/]]>
            </line>
            <line>
              <![CDATA[Text: Estonia - Link: https://www.facebook.com/biz/directory/EE/]]>
            </line>
            <line>
              <![CDATA[Text: Egypt - Link: https://www.facebook.com/biz/directory/EG/]]>
            </line>
            <line>
              <![CDATA[Text: Spain - Link: https://www.facebook.com/biz/directory/ES/]]>
            </line>
            <line>
              <![CDATA[Text: Ethiopia - Link: https://www.facebook.com/biz/directory/ET/]]>
            </line>
            <line>
              <![CDATA[Text: Finland - Link: https://www.facebook.com/biz/directory/FI/]]>
            </line>
            <line>
              <![CDATA[Text: Fiji - Link: https://www.facebook.com/biz/directory/FJ/]]>
            </line>
            <line>
              <![CDATA[Text: Faroe Islands - Link: https://www.facebook.com/biz/directory/FO/]]>
            </line>
            <line>
              <![CDATA[Text: France - Link: https://www.facebook.com/biz/directory/FR/]]>
            </line>
            <line>
              <![CDATA[Text: Gabon - Link: https://www.facebook.com/biz/directory/GA/]]>
            </line>
            <line>
              <![CDATA[Text: United Kingdom - Link: https://www.facebook.com/biz/directory/GB/]]>
            </line>
            <line>
              <![CDATA[Text: Grenada - Link: https://www.facebook.com/biz/directory/GD/]]>
            </line>
            <line>
              <![CDATA[Text: Georgia - Link: https://www.facebook.com/biz/directory/GE/]]>
            </line>
            <line>
              <![CDATA[Text: French Guiana - Link: https://www.facebook.com/biz/directory/GF/]]>
            </line>
            <line>
              <![CDATA[Text: Guernsey - Link: https://www.facebook.com/biz/directory/GG/]]>
            </line>
            <line>
              <![CDATA[Text: Ghana - Link: https://www.facebook.com/biz/directory/GH/]]>
            </line>
            <line>
              <![CDATA[Text: Gibraltar - Link: https://www.facebook.com/biz/directory/GI/]]>
            </line>
            <line>
              <![CDATA[Text: The Gambia - Link: https://www.facebook.com/biz/directory/GM/]]>
            </line>
            <line>
              <![CDATA[Text: Guinea - Link: https://www.facebook.com/biz/directory/GN/]]>
            </line>
            <line>
              <![CDATA[Text: Guadeloupe - Link: https://www.facebook.com/biz/directory/GP/]]>
            </line>
            <line>
              <![CDATA[Text: Greece - Link: https://www.facebook.com/biz/directory/GR/]]>
            </line>
            <line>
              <![CDATA[Text: Guatemala - Link: https://www.facebook.com/biz/directory/GT/]]>
            </line>
            <line>
              <![CDATA[Text: Guam - Link: https://www.facebook.com/biz/directory/GU/]]>
            </line>
            <line>
              <![CDATA[Text: Guyana - Link: https://www.facebook.com/biz/directory/GY/]]>
            </line>
            <line>
              <![CDATA[Text: Hong Kong - Link: https://www.facebook.com/biz/directory/HK/]]>
            </line>
            <line>
              <![CDATA[Text: Honduras - Link: https://www.facebook.com/biz/directory/HN/]]>
            </line>
            <line>
              <![CDATA[Text: Croatia - Link: https://www.facebook.com/biz/directory/HR/]]>
            </line>
            <line>
              <![CDATA[Text: Haiti - Link: https://www.facebook.com/biz/directory/HT/]]>
            </line>
            <line>
              <![CDATA[Text: Hungary - Link: https://www.facebook.com/biz/directory/HU/]]>
            </line>
            <line>
              <![CDATA[Text: Indonesia - Link: https://www.facebook.com/biz/directory/ID/]]>
            </line>
            <line>
              <![CDATA[Text: Ireland - Link: https://www.facebook.com/biz/directory/IE/]]>
            </line>
            <line>
              <![CDATA[Text: Israel - Link: https://www.facebook.com/biz/directory/IL/]]>
            </line>
            <line>
              <![CDATA[Text: Isle of Man - Link: https://www.facebook.com/biz/directory/IM/]]>
            </line>
            <line>
              <![CDATA[Text: India - Link: https://www.facebook.com/biz/directory/IN/]]>
            </line>
            <line>
              <![CDATA[Text: Iraq - Link: https://www.facebook.com/biz/directory/IQ/]]>
            </line>
            <line>
              <![CDATA[Text: Iran - Link: https://www.facebook.com/biz/directory/IR/]]>
            </line>
            <line>
              <![CDATA[Text: Iceland - Link: https://www.facebook.com/biz/directory/IS/]]>
            </line>
            <line>
              <![CDATA[Text: Italy - Link: https://www.facebook.com/biz/directory/IT/]]>
            </line>
            <line>
              <![CDATA[Text: Jersey - Link: https://www.facebook.com/biz/directory/JE/]]>
            </line>
            <line>
              <![CDATA[Text: Jamaica - Link: https://www.facebook.com/biz/directory/JM/]]>
            </line>
            <line>
              <![CDATA[Text: Jordan - Link: https://www.facebook.com/biz/directory/JO/]]>
            </line>
            <line>
              <![CDATA[Text: Japan - Link: https://www.facebook.com/biz/directory/JP/]]>
            </line>
            <line>
              <![CDATA[Text: Kenya - Link: https://www.facebook.com/biz/directory/KE/]]>
            </line>
            <line>
              <![CDATA[Text: Kyrgyzstan - Link: https://www.facebook.com/biz/directory/KG/]]>
            </line>
            <line>
              <![CDATA[Text: Cambodia - Link: https://www.facebook.com/biz/directory/KH/]]>
            </line>
            <line>
              <![CDATA[Text: Saint Kitts and Nevis - Link: https://www.facebook.com/biz/directory/KN/]]>
            </line>
            <line>
              <![CDATA[Text: South Korea - Link: https://www.facebook.com/biz/directory/KR/]]>
            </line>
            <line>
              <![CDATA[Text: Kuwait - Link: https://www.facebook.com/biz/directory/KW/]]>
            </line>
            <line>
              <![CDATA[Text: Cayman Islands - Link: https://www.facebook.com/biz/directory/KY/]]>
            </line>
            <line>
              <![CDATA[Text: Kazakhstan - Link: https://www.facebook.com/biz/directory/KZ/]]>
            </line>
            <line>
              <![CDATA[Text: Laos - Link: https://www.facebook.com/biz/directory/LA/]]>
            </line>
            <line>
              <![CDATA[Text: Lebanon - Link: https://www.facebook.com/biz/directory/LB/]]>
            </line>
            <line>
              <![CDATA[Text: St. Lucia - Link: https://www.facebook.com/biz/directory/LC/]]>
            </line>
            <line>
              <![CDATA[Text: Liechtenstein - Link: https://www.facebook.com/biz/directory/LI/]]>
            </line>
            <line>
              <![CDATA[Text: Sri Lanka - Link: https://www.facebook.com/biz/directory/LK/]]>
            </line>
            <line>
              <![CDATA[Text: Liberia - Link: https://www.facebook.com/biz/directory/LR/]]>
            </line>
            <line>
              <![CDATA[Text: Lesotho - Link: https://www.facebook.com/biz/directory/LS/]]>
            </line>
            <line>
              <![CDATA[Text: Lithuania - Link: https://www.facebook.com/biz/directory/LT/]]>
            </line>
            <line>
              <![CDATA[Text: Luxembourg - Link: https://www.facebook.com/biz/directory/LU/]]>
            </line>
            <line>
              <![CDATA[Text: Latvia - Link: https://www.facebook.com/biz/directory/LV/]]>
            </line>
            <line>
              <![CDATA[Text: Libya - Link: https://www.facebook.com/biz/directory/LY/]]>
            </line>
            <line>
              <![CDATA[Text: Morocco - Link: https://www.facebook.com/biz/directory/MA/]]>
            </line>
            <line>
              <![CDATA[Text: Monaco - Link: https://www.facebook.com/biz/directory/MC/]]>
            </line>
            <line>
              <![CDATA[Text: Moldova - Link: https://www.facebook.com/biz/directory/MD/]]>
            </line>
            <line>
              <![CDATA[Text: Montenegro - Link: https://www.facebook.com/biz/directory/ME/]]>
            </line>
            <line>
              <![CDATA[Text: Saint Martin - Link: https://www.facebook.com/biz/directory/MF/]]>
            </line>
            <line>
              <![CDATA[Text: Madagascar - Link: https://www.facebook.com/biz/directory/MG/]]>
            </line>
            <line>
              <![CDATA[Text: North Macedonia - Link: https://www.facebook.com/biz/directory/MK/]]>
            </line>
            <line>
              <![CDATA[Text: Mali - Link: https://www.facebook.com/biz/directory/ML/]]>
            </line>
            <line>
              <![CDATA[Text: Myanmar - Link: https://www.facebook.com/biz/directory/MM/]]>
            </line>
            <line>
              <![CDATA[Text: Mongolia - Link: https://www.facebook.com/biz/directory/MN/]]>
            </line>
            <line>
              <![CDATA[Text: Macau - Link: https://www.facebook.com/biz/directory/MO/]]>
            </line>
            <line>
              <![CDATA[Text: Northern Mariana Islands - Link: https://www.facebook.com/biz/directory/MP/]]>
            </line>
            <line>
              <![CDATA[Text: Martinique - Link: https://www.facebook.com/biz/directory/MQ/]]>
            </line>
            <line>
              <![CDATA[Text: Mauritania - Link: https://www.facebook.com/biz/directory/MR/]]>
            </line>
            <line>
              <![CDATA[Text: Malta - Link: https://www.facebook.com/biz/directory/MT/]]>
            </line>
            <line>
              <![CDATA[Text: Mauritius - Link: https://www.facebook.com/biz/directory/MU/]]>
            </line>
            <line>
              <![CDATA[Text: Maldives - Link: https://www.facebook.com/biz/directory/MV/]]>
            </line>
            <line>
              <![CDATA[Text: Malawi - Link: https://www.facebook.com/biz/directory/MW/]]>
            </line>
            <line>
              <![CDATA[Text: Mexico - Link: https://www.facebook.com/biz/directory/MX/]]>
            </line>
            <line>
              <![CDATA[Text: Malaysia - Link: https://www.facebook.com/biz/directory/MY/]]>
            </line>
            <line>
              <![CDATA[Text: Mozambique - Link: https://www.facebook.com/biz/directory/MZ/]]>
            </line>
            <line>
              <![CDATA[Text: Namibia - Link: https://www.facebook.com/biz/directory/NA/]]>
            </line>
            <line>
              <![CDATA[Text: New Caledonia - Link: https://www.facebook.com/biz/directory/NC/]]>
            </line>
            <line>
              <![CDATA[Text: Niger - Link: https://www.facebook.com/biz/directory/NE/]]>
            </line>
            <line>
              <![CDATA[Text: Nigeria - Link: https://www.facebook.com/biz/directory/NG/]]>
            </line>
            <line>
              <![CDATA[Text: Nicaragua - Link: https://www.facebook.com/biz/directory/NI/]]>
            </line>
            <line>
              <![CDATA[Text: Netherlands - Link: https://www.facebook.com/biz/directory/NL/]]>
            </line>
            <line>
              <![CDATA[Text: Norway - Link: https://www.facebook.com/biz/directory/NO/]]>
            </line>
            <line>
              <![CDATA[Text: Nepal - Link: https://www.facebook.com/biz/directory/NP/]]>
            </line>
            <line>
              <![CDATA[Text: New Zealand - Link: https://www.facebook.com/biz/directory/NZ/]]>
            </line>
            <line>
              <![CDATA[Text: Oman - Link: https://www.facebook.com/biz/directory/OM/]]>
            </line>
            <line>
              <![CDATA[Text: Panama - Link: https://www.facebook.com/biz/directory/PA/]]>
            </line>
            <line>
              <![CDATA[Text: Peru - Link: https://www.facebook.com/biz/directory/PE/]]>
            </line>
            <line>
              <![CDATA[Text: French Polynesia - Link: https://www.facebook.com/biz/directory/PF/]]>
            </line>
            <line>
              <![CDATA[Text: Papua New Guinea - Link: https://www.facebook.com/biz/directory/PG/]]>
            </line>
            <line>
              <![CDATA[Text: Philippines - Link: https://www.facebook.com/biz/directory/PH/]]>
            </line>
            <line>
              <![CDATA[Text: Pakistan - Link: https://www.facebook.com/biz/directory/PK/]]>
            </line>
            <line>
              <![CDATA[Text: Poland - Link: https://www.facebook.com/biz/directory/PL/]]>
            </line>
            <line>
              <![CDATA[Text: Puerto Rico - Link: https://www.facebook.com/biz/directory/PR/]]>
            </line>
            <line>
              <![CDATA[Text: Palestine - Link: https://www.facebook.com/biz/directory/PS/]]>
            </line>
            <line>
              <![CDATA[Text: Portugal - Link: https://www.facebook.com/biz/directory/PT/]]>
            </line>
            <line>
              <![CDATA[Text: Paraguay - Link: https://www.facebook.com/biz/directory/PY/]]>
            </line>
            <line>
              <![CDATA[Text: Qatar - Link: https://www.facebook.com/biz/directory/QA/]]>
            </line>
            <line>
              <![CDATA[Text: Réunion - Link: https://www.facebook.com/biz/directory/RE/]]>
            </line>
            <line>
              <![CDATA[Text: Romania - Link: https://www.facebook.com/biz/directory/RO/]]>
            </line>
            <line>
              <![CDATA[Text: Serbia - Link: https://www.facebook.com/biz/directory/RS/]]>
            </line>
            <line>
              <![CDATA[Text: Russia - Link: https://www.facebook.com/biz/directory/RU/]]>
            </line>
            <line>
              <![CDATA[Text: Rwanda - Link: https://www.facebook.com/biz/directory/RW/]]>
            </line>
            <line>
              <![CDATA[Text: Saudi Arabia - Link: https://www.facebook.com/biz/directory/SA/]]>
            </line>
            <line>
              <![CDATA[Text: Solomon Islands - Link: https://www.facebook.com/biz/directory/SB/]]>
            </line>
            <line>
              <![CDATA[Text: Seychelles - Link: https://www.facebook.com/biz/directory/SC/]]>
            </line>
            <line>
              <![CDATA[Text: Sudan - Link: https://www.facebook.com/biz/directory/SD/]]>
            </line>
            <line>
              <![CDATA[Text: Sweden - Link: https://www.facebook.com/biz/directory/SE/]]>
            </line>
            <line>
              <![CDATA[Text: Singapore - Link: https://www.facebook.com/biz/directory/SG/]]>
            </line>
            <line>
              <![CDATA[Text: Slovenia - Link: https://www.facebook.com/biz/directory/SI/]]>
            </line>
            <line>
              <![CDATA[Text: Slovakia - Link: https://www.facebook.com/biz/directory/SK/]]>
            </line>
            <line>
              <![CDATA[Text: Sierra Leone - Link: https://www.facebook.com/biz/directory/SL/]]>
            </line>
            <line>
              <![CDATA[Text: San Marino - Link: https://www.facebook.com/biz/directory/SM/]]>
            </line>
            <line>
              <![CDATA[Text: Senegal - Link: https://www.facebook.com/biz/directory/SN/]]>
            </line>
            <line>
              <![CDATA[Text: Somalia - Link: https://www.facebook.com/biz/directory/SO/]]>
            </line>
            <line>
              <![CDATA[Text: Suriname - Link: https://www.facebook.com/biz/directory/SR/]]>
            </line>
            <line>
              <![CDATA[Text: South Sudan - Link: https://www.facebook.com/biz/directory/SS/]]>
            </line>
            <line>
              <![CDATA[Text: El Salvador - Link: https://www.facebook.com/biz/directory/SV/]]>
            </line>
            <line>
              <![CDATA[Text: Sint Maarten - Link: https://www.facebook.com/biz/directory/SX/]]>
            </line>
            <line>
              <![CDATA[Text: Syria - Link: https://www.facebook.com/biz/directory/SY/]]>
            </line>
            <line>
              <![CDATA[Text: Swaziland - Link: https://www.facebook.com/biz/directory/SZ/]]>
            </line>
            <line>
              <![CDATA[Text: Turks and Caicos Islands - Link: https://www.facebook.com/biz/directory/TC/]]>
            </line>
            <line>
              <![CDATA[Text: Chad - Link: https://www.facebook.com/biz/directory/TD/]]>
            </line>
            <line>
              <![CDATA[Text: Togo - Link: https://www.facebook.com/biz/directory/TG/]]>
            </line>
            <line>
              <![CDATA[Text: Thailand - Link: https://www.facebook.com/biz/directory/TH/]]>
            </line>
            <line>
              <![CDATA[Text: Tajikistan - Link: https://www.facebook.com/biz/directory/TJ/]]>
            </line>
            <line>
              <![CDATA[Text: Timor-Leste - Link: https://www.facebook.com/biz/directory/TL/]]>
            </line>
            <line>
              <![CDATA[Text: Tunisia - Link: https://www.facebook.com/biz/directory/TN/]]>
            </line>
            <line>
              <![CDATA[Text: Tonga - Link: https://www.facebook.com/biz/directory/TO/]]>
            </line>
            <line>
              <![CDATA[Text: Türkiye - Link: https://www.facebook.com/biz/directory/TR/]]>
            </line>
            <line>
              <![CDATA[Text: Trinidad and Tobago - Link: https://www.facebook.com/biz/directory/TT/]]>
            </line>
            <line>
              <![CDATA[Text: Taiwan - Link: https://www.facebook.com/biz/directory/TW/]]>
            </line>
            <line>
              <![CDATA[Text: Tanzania - Link: https://www.facebook.com/biz/directory/TZ/]]>
            </line>
            <line>
              <![CDATA[Text: Ukraine - Link: https://www.facebook.com/biz/directory/UA/]]>
            </line>
            <line>
              <![CDATA[Text: Uganda - Link: https://www.facebook.com/biz/directory/UG/]]>
            </line>
            <line>
              <![CDATA[Text: United States - Link: https://www.facebook.com/biz/directory/US/]]>
            </line>
            <line>
              <![CDATA[Text: Uruguay - Link: https://www.facebook.com/biz/directory/UY/]]>
            </line>
            <line>
              <![CDATA[Text: Uzbekistan - Link: https://www.facebook.com/biz/directory/UZ/]]>
            </line>
            <line>
              <![CDATA[Text: Vatican City - Link: https://www.facebook.com/biz/directory/VA/]]>
            </line>
            <line>
              <![CDATA[Text: Saint Vincent and the Grenadines - Link: https://www.facebook.com/biz/directory/VC/]]>
            </line>
            <line>
              <![CDATA[Text: Venezuela - Link: https://www.facebook.com/biz/directory/VE/]]>
            </line>
            <line>
              <![CDATA[Text: British Virgin Islands - Link: https://www.facebook.com/biz/directory/VG/]]>
            </line>
            <line>
              <![CDATA[Text: US Virgin Islands - Link: https://www.facebook.com/biz/directory/VI/]]>
            </line>
            <line>
              <![CDATA[Text: Vietnam - Link: https://www.facebook.com/biz/directory/VN/]]>
            </line>
            <line>
              <![CDATA[Text: Vanuatu - Link: https://www.facebook.com/biz/directory/VU/]]>
            </line>
            <line>
              <![CDATA[Text: Samoa - Link: https://www.facebook.com/biz/directory/WS/]]>
            </line>
            <line>
              <![CDATA[Text: Yemen - Link: https://www.facebook.com/biz/directory/YE/]]>
            </line>
            <line>
              <![CDATA[Text: Mayotte - Link: https://www.facebook.com/biz/directory/YT/]]>
            </line>
            <line>
              <![CDATA[Text: South Africa - Link: https://www.facebook.com/biz/directory/ZA/]]>
            </line>
            <line>
              <![CDATA[Text: Zambia - Link: https://www.facebook.com/biz/directory/ZM/]]>
            </line>
            <line>
              <![CDATA[Text: Zimbabwe - Link: https://www.facebook.com/biz/directory/ZW/]]>
            </line>
            <line>
              <![CDATA[-----softare Testing-----]]>
            </line>
          </reporter-output>
        </test-method> <!-- FbServiceDirectory -->
        <test-method is-config="true" signature="tearDown()[pri:0, instance:test.CountCountry@24c22fe]" started-at="2025-09-12T09:34:47 IST" name="tearDown" finished-at="2025-09-12T09:34:47 IST" duration-ms="217" status="PASS">
          <reporter-output>
          </reporter-output>
        </test-method> <!-- tearDown -->
      </class> <!-- test.CountCountry -->
      <class name="test.AccessibilityTest">
        <test-method is-config="true" signature="setUp()[pri:0, instance:test.AccessibilityTest@34b9f960]" started-at="2025-09-12T09:34:20 IST" name="setUp" finished-at="2025-09-12T09:34:22 IST" duration-ms="2151" status="PASS">
          <reporter-output>
          </reporter-output>
        </test-method> <!-- setUp -->
        <test-method signature="AccessibilityCheck()[pri:0, instance:test.AccessibilityTest@34b9f960]" started-at="2025-09-12T09:34:23 IST" name="AccessibilityCheck" finished-at="2025-09-12T09:34:37 IST" duration-ms="14529" status="PASS">
          <reporter-output>
            <line>
              <![CDATA[Accessibility Violations:]]>
            </line>
            <line>
              <![CDATA[Violation ID: aria-allowed-role]]>
            </line>
            <line>
              <![CDATA[Description: Ensures role attribute has an appropriate value for the element]]>
            </line>
            <line>
              <![CDATA[Impact: minor]]>
            </line>
            <line>
              <![CDATA[Elements:]]>
            </line>
            <line>
              <![CDATA[ - [figure[aria-label="Footer\ Logo"]]]]>
            </line>
            <line>
              <![CDATA[Violation ID: aria-roles]]>
            </line>
            <line>
              <![CDATA[Description: Ensures all elements with a role attribute use a valid value]]>
            </line>
            <line>
              <![CDATA[Impact: serious]]>
            </line>
            <line>
              <![CDATA[Elements:]]>
            </line>
            <line>
              <![CDATA[ - [.logo-white]]]>
            </line>
            <line>
              <![CDATA[Violation ID: color-contrast]]>
            </line>
            <line>
              <![CDATA[Description: Ensures the contrast between foreground and background colors meets WCAG 2 AA contrast ratio thresholds]]>
            </line>
            <line>
              <![CDATA[Impact: serious]]>
            </line>
            <line>
              <![CDATA[Elements:]]>
            </line>
            <line>
              <![CDATA[ - [#ExternalWebContentExternalIFrame, #Snapshot2]]]>
            </line>
            <line>
              <![CDATA[ - [#ExternalWebContentExternalIFrame, #price]]]>
            </line>
            <line>
              <![CDATA[ - [#ExternalWebContentExternalIFrame, #Instrument1]]]>
            </line>
            <line>
              <![CDATA[ - [#ExternalWebContentExternalIFrame, #SnapshotDifference2 > .positive]]]>
            </line>
            <line>
              <![CDATA[ - [#ExternalWebContentExternalIFrame, #SnapshotDifference1 > .positive]]]>
            </line>
            <line>
              <![CDATA[Violation ID: definition-list]]>
            </line>
            <line>
              <![CDATA[Description: Ensures <dl> elements are structured correctly]]>
            </line>
            <line>
              <![CDATA[Impact: serious]]>
            </line>
            <line>
              <![CDATA[Elements:]]>
            </line>
            <line>
              <![CDATA[ - [#ExternalWebContentExternalIFrame, .datetime]]]>
            </line>
            <line>
              <![CDATA[ - [#ExternalWebContentExternalIFrame, .price]]]>
            </line>
            <line>
              <![CDATA[ - [#ExternalWebContentExternalIFrame, .change_value_percentage]]]>
            </line>
            <line>
              <![CDATA[Violation ID: duplicate-id]]>
            </line>
            <line>
              <![CDATA[Description: Ensures every id attribute value is unique]]>
            </line>
            <line>
              <![CDATA[Impact: minor]]>
            </line>
            <line>
              <![CDATA[Elements:]]>
            </line>
            <line>
              <![CDATA[ - [.res-language-dropdown > .language_swticher.dropdown_wrapper > .hide.dropdown_content.p_abs]]]>
            </line>
            <line>
              <![CDATA[ - [#mobinav-section-about-level2 > .mm-listview > .level2:nth-child(13)]]]>
            </line>
            <line>
              <![CDATA[ - [#mobinav-section-about-level2 > .mm-listview > .last.level2]]]>
            </line>
            <line>
              <![CDATA[ - [.level3:nth-child(30)]]]>
            </line>
            <line>
              <![CDATA[ - [#about > .nav-container > .container > .row > .sub-nav-col.col-md-4 > .second-sub-nav > .main-bottom-nav.d-flex > .main-nav-level-2.level2:nth-child(2)]]]>
            </line>
            <line>
              <![CDATA[ - [.main-bottom-nav.d-flex > .main-nav-level-2.level2:nth-child(7)]]]>
            </line>
            <line>
              <![CDATA[ - [.main-nav-level-2.haschildren.level2:nth-child(8) > .last-sub-nav > .main-bottom-nav.d-flex > .main-nav-level-3.first.level3]]]>
            </line>
            <line>
              <![CDATA[Violation ID: heading-order]]>
            </line>
            <line>
              <![CDATA[Description: Ensures the order of headings is semantically correct]]>
            </line>
            <line>
              <![CDATA[Impact: moderate]]>
            </line>
            <line>
              <![CDATA[Elements:]]>
            </line>
            <line>
              <![CDATA[ - [div[data-id="building--places"] > .vt-text-article--wrapper > .row > .col-xl-5.col-lg-6.col-md-6 > .single-vt-article--wrapper > .single-vt-article--slider.slick-initialized.slick-slider > .slick-list.draggable > .slick-track > .single-vt-article--wrapper--item.slick-slide.slick-current > .single-vt-article-content--wrapper > .content-wrapper > h5]]]>
            </line>
            <line>
              <![CDATA[Violation ID: link-name]]>
            </line>
            <line>
              <![CDATA[Description: Ensures links have discernible text]]>
            </line>
            <line>
              <![CDATA[Impact: serious]]>
            </line>
            <line>
              <![CDATA[Elements:]]>
            </line>
            <line>
              <![CDATA[ - [#about > .nav-container > .container > .close-menu > .local-link[href="javascript\:void\(0\)\;"][target="_self"]]]]>
            </line>
            <line>
              <![CDATA[ - [#engineering-better-future > .nav-container > .container > .close-menu > .local-link[href="javascript\:void\(0\)\;"][target="_self"]]]]>
            </line>
            <line>
              <![CDATA[ - [div[data-market="Housed"] > .ms-level-4 > .ms-menu-4 > .nav-font.main-top-nav-item[target="_self"]]]]>
            </line>
            <line>
              <![CDATA[ - [div[data-market="Housed"] > .ms-level-4 > .ms-level-5 > .ms-menu-5.level5.first > .nav-font.main-top-nav-item[target="_self"]]]]>
            </line>
            <line>
              <![CDATA[ - [div[data-market="Housed"] > .ms-level-4 > .ms-level-5 > .ms-menu-5.level5:nth-child(2) > .nav-font.main-top-nav-item[target="_self"]]]]>
            </line>
            <line>
              <![CDATA[ - [div[data-market="Housed"] > .ms-level-4 > .ms-level-5 > .ms-menu-5.level5:nth-child(3) > .nav-font.main-top-nav-item[target="_self"]]]]>
            </line>
            <line>
              <![CDATA[ - [div[data-market="Housed"] > .ms-level-4 > .ms-level-5 > .ms-menu-5.level5.last > .nav-font.main-top-nav-item[target="_self"]]]]>
            </line>
            <line>
              <![CDATA[ - [.ms-menu-3.haschildren[data-market="Connected"]:nth-child(1) > .ms-level-4 > .ms-menu-4 > .nav-font.main-top-nav-item[target="_self"]]]]>
            </line>
            <line>
              <![CDATA[ - [.ms-menu-3.haschildren[data-market="Connected"]:nth-child(1) > .ms-level-4 > .ms-level-5 > .ms-menu-5.level5.first > .nav-font.main-top-nav-item[target="_self"]]]]>
            </line>
            <line>
              <![CDATA[ - [.ms-menu-3.haschildren[data-market="Connected"]:nth-child(1) > .ms-level-4 > .ms-level-5 > .ms-menu-5.level5:nth-child(2) > .nav-font.main-top-nav-item[target="_self"]]]]>
            </line>
            <line>
              <![CDATA[ - [.ms-menu-3.haschildren[data-market="Connected"]:nth-child(1) > .ms-level-4 > .ms-level-5 > .ms-menu-5.level5:nth-child(3) > .nav-font.main-top-nav-item[target="_self"]]]]>
            </line>
            <line>
              <![CDATA[ - [.ms-menu-3.haschildren[data-market="Connected"]:nth-child(1) > .ms-level-4 > .ms-level-5 > .ms-menu-5.level5.last > .nav-font.main-top-nav-item[target="_self"]]]]>
            </line>
            <line>
              <![CDATA[ - [.ms-menu-3.haschildren[data-market="Connected"]:nth-child(2) > .ms-level-4 > .ms-menu-4 > .nav-font.main-top-nav-item[target="_self"]]]]>
            </line>
            <line>
              <![CDATA[ - [.ms-menu-3.haschildren[data-market="Connected"]:nth-child(2) > .ms-level-4 > .ms-level-5 > .ms-menu-5.level5.first > .nav-font.main-top-nav-item[target="_self"]]]]>
            </line>
            <line>
              <![CDATA[ - [.ms-menu-3.haschildren[data-market="Connected"]:nth-child(2) > .ms-level-4 > .ms-level-5 > .ms-menu-5.level5.last > .nav-font.main-top-nav-item[target="_self"]]]]>
            </line>
            <line>
              <![CDATA[ - [.ms-menu-3.haschildren[data-market="Powered"]:nth-child(1) > .ms-level-4 > .ms-menu-4 > .nav-font.main-top-nav-item[target="_self"]]]]>
            </line>
            <line>
              <![CDATA[ - [.ms-menu-3.haschildren[data-market="Powered"]:nth-child(1) > .ms-level-4 > .ms-level-5 > .ms-menu-5.level5.first > .nav-font.main-top-nav-item[target="_self"]]]]>
            </line>
            <line>
              <![CDATA[ - [.ms-menu-3.haschildren[data-market="Powered"]:nth-child(1) > .ms-level-4 > .ms-level-5 > .ms-menu-5.level5:nth-child(2) > .nav-font.main-top-nav-item[target="_self"]]]]>
            </line>
            <line>
              <![CDATA[ - [.ms-menu-3.haschildren[data-market="Powered"]:nth-child(1) > .ms-level-4 > .ms-level-5 > .ms-menu-5.level5.last > .nav-font.main-top-nav-item[target="_self"]]]]>
            </line>
            <line>
              <![CDATA[ - [.ms-menu-3.haschildren[data-market="Powered"]:nth-child(2) > .ms-level-4 > .ms-menu-4 > .nav-font.main-top-nav-item[target="_self"]]]]>
            </line>
            <line>
              <![CDATA[ - [.ms-menu-3.haschildren[data-market="Powered"]:nth-child(2) > .ms-level-4 > .ms-level-5 > .ms-menu-5.level5.first > .nav-font.main-top-nav-item[target="_self"]]]]>
            </line>
            <line>
              <![CDATA[ - [.ms-menu-3.haschildren[data-market="Powered"]:nth-child(2) > .ms-level-4 > .ms-level-5 > .ms-menu-5.level5:nth-child(2) > .nav-font.main-top-nav-item[target="_self"]]]]>
            </line>
            <line>
              <![CDATA[ - [.ms-menu-3.haschildren[data-market="Powered"]:nth-child(2) > .ms-level-4 > .ms-level-5 > .ms-menu-5.level5.last > .nav-font.main-top-nav-item[target="_self"]]]]>
            </line>
            <line>
              <![CDATA[ - [.ms-menu-3.haschildren[data-market="Protected"]:nth-child(1) > .ms-level-4 > .ms-menu-4 > .nav-font.main-top-nav-item[target="_self"]]]]>
            </line>
            <line>
              <![CDATA[ - [.ms-menu-3.haschildren[data-market="Protected"]:nth-child(1) > .ms-level-4 > .ms-level-5 > .ms-menu-5.level5.first > .nav-font.main-top-nav-item[target="_self"]]]]>
            </line>
            <line>
              <![CDATA[ - [.ms-menu-3.haschildren[data-market="Protected"]:nth-child(1) > .ms-level-4 > .ms-level-5 > .ms-menu-5.level5:nth-child(2) > .nav-font.main-top-nav-item[target="_self"]]]]>
            </line>
            <line>
              <![CDATA[ - [.ms-menu-3.haschildren[data-market="Protected"]:nth-child(1) > .ms-level-4 > .ms-level-5 > .ms-menu-5.level5.last > .nav-font.main-top-nav-item[target="_self"]]]]>
            </line>
            <line>
              <![CDATA[ - [.ms-menu-3.haschildren[data-market="Protected"]:nth-child(2) > .ms-level-4 > .ms-menu-4 > .nav-font.main-top-nav-item[target="_self"]]]]>
            </line>
            <line>
              <![CDATA[ - [.ms-menu-3.haschildren[data-market="Protected"]:nth-child(2) > .ms-level-4 > .ms-level-5 > .ms-menu-5.level5.first > .nav-font.main-top-nav-item[target="_self"]]]]>
            </line>
            <line>
              <![CDATA[ - [.ms-menu-3.last[data-market="Protected"] > .ms-level-4 > .ms-menu-4 > .nav-font.main-top-nav-item[target="_self"]]]]>
            </line>
            <line>
              <![CDATA[ - [.ms-menu-3.last[data-market="Protected"] > .ms-level-4 > .ms-level-5 > .ms-menu-5.level5.first > .nav-font.main-top-nav-item[target="_self"]]]]>
            </line>
            <line>
              <![CDATA[ - [.ms-menu-3.last[data-market="Protected"] > .ms-level-4 > .ms-level-5 > .ms-menu-5.level5.last > .nav-font.main-top-nav-item[target="_self"]]]]>
            </line>
            <line>
              <![CDATA[ - [.ms-menu-3.first.level3 > .nav-font.main-top-nav-item[target="_self"]]]]>
            </line>
            <line>
              <![CDATA[ - [.ms-menu-3.level3:nth-child(2) > .nav-font.main-top-nav-item[target="_self"]]]]>
            </line>
            <line>
              <![CDATA[ - [.ms-menu-3.level3:nth-child(3) > .nav-font.main-top-nav-item[target="_self"]]]]>
            </line>
            <line>
              <![CDATA[ - [.ms-menu-3.level3:nth-child(4) > .nav-font.main-top-nav-item[target="_self"]]]]>
            </line>
            <line>
              <![CDATA[ - [.ms-menu-3.level3:nth-child(5) > .nav-font.main-top-nav-item[target="_self"]]]]>
            </line>
            <line>
              <![CDATA[ - [.ms-menu-3.level3:nth-child(6) > .nav-font.main-top-nav-item[target="_self"]]]]>
            </line>
            <line>
              <![CDATA[ - [.ms-menu-3.last.level3 > .nav-font.main-top-nav-item[target="_self"]]]]>
            </line>
            <line>
              <![CDATA[ - [#markets-and-services > .nav-container > .container > .close-menu > .local-link[href="javascript\:\;"][target="_self"]]]]>
            </line>
            <line>
              <![CDATA[ - [.align-items-end.main-nav-level-1.level1:nth-child(1) > .nav-container > .container > .close-menu > .local-link[href="javascript\:\;"][target="_self"]]]]>
            </line>
            <line>
              <![CDATA[ - [.align-items-end.main-nav-level-1.level1:nth-child(2) > .nav-container > .container > .close-menu > .local-link[href="javascript\:\;"][target="_self"]]]]>
            </line>
            <line>
              <![CDATA[ - [.align-items-end.main-nav-level-1.level1:nth-child(4) > .nav-container > .container > .close-menu > .local-link[href="javascript\:\;"][target="_self"]]]]>
            </line>
            <line>
              <![CDATA[Violation ID: meta-viewport]]>
            </line>
            <line>
              <![CDATA[Description: Ensures <meta name="viewport"> does not disable text scaling and zooming]]>
            </line>
            <line>
              <![CDATA[Impact: critical]]>
            </line>
            <line>
              <![CDATA[Elements:]]>
            </line>
            <line>
              <![CDATA[ - [#ExternalWebContentExternalIFrame, meta[name="viewport"]]]]>
            </line>
            <line>
              <![CDATA[Violation ID: region]]>
            </line>
            <line>
              <![CDATA[Description: Ensures all page content is contained by landmarks]]>
            </line>
            <line>
              <![CDATA[Impact: moderate]]>
            </line>
            <line>
              <![CDATA[Elements:]]>
            </line>
            <line>
              <![CDATA[ - [#ExternalWebContentExternalIFrame, .snapData]]]>
            </line>
            <line>
              <![CDATA[Violation ID: role-img-alt]]>
            </line>
            <line>
              <![CDATA[Description: Ensures [role='img'] elements have alternate text]]>
            </line>
            <line>
              <![CDATA[Impact: serious]]>
            </line>
            <line>
              <![CDATA[Elements:]]>
            </line>
            <line>
              <![CDATA[ - [.language-dropdown > .language_swticher.dropdown_wrapper > .ddl_selected.noPsudeo.mono1 > .icon-right-arrow[role="img"][aria-hidden="false"]]]]>
            </line>
          </reporter-output>
        </test-method> <!-- AccessibilityCheck -->
        <test-method is-config="true" signature="tearDown()[pri:0, instance:test.AccessibilityTest@34b9f960]" started-at="2025-09-12T09:34:37 IST" name="tearDown" finished-at="2025-09-12T09:34:38 IST" duration-ms="330" status="PASS">
          <reporter-output>
          </reporter-output>
        </test-method> <!-- tearDown -->
      </class> <!-- test.AccessibilityTest -->
      <class name="test.MyTest">
        <test-method signature="testLogin(java.lang.String,java.lang.String)[pri:0, instance:test.MyTest@2bec854f]" started-at="2025-09-12T09:35:17 IST" name="testLogin" data-provider="dp" finished-at="2025-09-12T09:35:17 IST" duration-ms="5" status="PASS">
          <params>
            <param index="0">
              <value>
                <![CDATA[chrome]]>
              </value>
            </param>
            <param index="1">
              <value>
                <![CDATA[https://www.facebook.com]]>
              </value>
            </param>
          </params>
          <reporter-output>
          </reporter-output>
        </test-method> <!-- testLogin -->
      </class> <!-- test.MyTest -->
    </test> <!-- Test -->
  </suite> <!-- Suite -->
</testng-results>
