<?xml version="1.0" encoding="UTF-8"?>
<!-- Generated by org.testng.reporters.JUnitReportReporter -->
<testsuite hostname="DESKTOP-6RSBDQK" failures="0" tests="1" name="test.Exa_Checkbox" time="6.410" errors="0" timestamp="2026-04-02T14:40:27 IST" skipped="0">
  <testcase classname="test.Exa_Checkbox" name="Testcheckbox" time="6.410">
    <system-out>
      <![CDATA[Home
Desktop
Documents
Downloads]]>
    </system-out>
  </testcase> <!-- Testcheckbox -->
  <system-out>
    <![CDATA[Home
Desktop
Documents
Downloads]]>
  </system-out>
</testsuite> <!-- test.Exa_Checkbox -->
