<?xml version="1.0" encoding="UTF-8"?>
<!-- Generated by org.testng.reporters.JUnitReportReporter -->
<testsuite hostname="DESKTOP-6RSBDQK" failures="0" tests="1" name="test.RediffValidation" time="8.960" errors="0" timestamp="2025-08-21T21:46:52 IST" skipped="0">
  <testcase classname="test.RediffValidation" name="Redfflogin" time="8.960">
    <system-out>
      <![CDATA[Username = chiragpatel@infosystechnologies.com
Password = SoftwareTestingHead
button name = Log In]]>
    </system-out>
  </testcase> <!-- Redfflogin -->
  <system-out>
    <![CDATA[Username = chiragpatel@infosystechnologies.com
Password = SoftwareTestingHead
button name = Log In]]>
  </system-out>
</testsuite> <!-- test.RediffValidation -->
