<?xml version="1.0" encoding="UTF-8"?>
<!-- Generated by org.testng.reporters.JUnitReportReporter -->
<testsuite hostname="DESKTOP-6RSBDQK" failures="0" tests="4" name="test.MyTest" time="0.008" errors="0" timestamp="2026-04-01T19:11:48 IST" skipped="0">
  <testcase classname="test.MyTest" name="testLogin" time="0.002"/>
  <testcase classname="test.MyTest" name="testLogin" time="0.002"/>
  <testcase classname="test.MyTest" name="testLogin" time="0.000"/>
  <testcase classname="test.MyTest" name="testLogin" time="0.004"/>
  <system-out>
    <![CDATA[Accessibility Violations:
Violation ID: aria-allowed-role
Description: Ensures role attribute has an appropriate value for the element
Impact: minor
Elements:
 - [figure[aria-label="Footer\ Logo"]]
Violation ID: aria-roles
Description: Ensures all elements with a role attribute use a valid value
Impact: serious
Elements:
 - [.logo-white]
Violation ID: duplicate-id
Description: Ensures every id attribute value is unique
Impact: minor
Elements:
 - [.res-language-dropdown > .language_swticher.dropdown_wrapper > .dropdown_content.p_abs.w100]
 - [#mobinav-section-about-level2 > .mm-listview > .level2:nth-child(13)]
 - [#mobinav-section-about-level2 > .mm-listview > .last.level2]
 - [.level3:nth-child(28)]
 - [.current.align-items-end.main-nav-level-1]
 - [.current.align-items-end.main-nav-level-1 > .nav-container > .container > .row > .sub-nav-col.col-md-4 > .second-sub-nav > .main-bottom-nav.d-flex > .main-nav-level-2.level2:nth-child(2)]
 - [.main-bottom-nav.d-flex > .main-nav-level-2.level2:nth-child(7)]
 - [.main-nav-level-2.haschildren.level2:nth-child(8) > .last-sub-nav > .main-bottom-nav.d-flex > .main-nav-level-3.first.level3]
 - [.contact-popup-wrapper.mfp-hide:nth-child(3)]
Violation ID: link-name
Description: Ensures links have discernible text
Impact: serious
Elements:
 - [.current.align-items-end.main-nav-level-1 > .nav-container > .container > .close-menu > .local-link[href="javascript\:void\(0\)\;"][target="_self"]]
 - [#engineering-better-future > .nav-container > .container > .close-menu > .local-link[href="javascript\:void\(0\)\;"][target="_self"]]
 - [#markets-and-services > .nav-container > .container > .close-menu > .local-link[href="javascript\:\;"][target="_self"]]
 - [.align-items-end.main-nav-level-1.level1:nth-child(1) > .nav-container > .container > .close-menu > .local-link[href="javascript\:\;"][target="_self"]]
 - [.align-items-end.main-nav-level-1.level1:nth-child(2) > .nav-container > .container > .close-menu > .local-link[href="javascript\:\;"][target="_self"]]
 - [.align-items-end.main-nav-level-1.level1:nth-child(4) > .nav-container > .container > .close-menu > .local-link[href="javascript\:\;"][target="_self"]]
 - [.prev]
 - [.next]
 - [.content-wrapper > .download-link-list.justify-content-between[data-id="atkinsrealis-brochure"] > .download-link-list-icon > .share-document-link > .social-link[data-title="Share\ on\ Facebook"][data-lf-fd-inspected-jmvz8gkpmlp82pod="true"]]
 - [.content-wrapper > .download-link-list.justify-content-between[data-id="atkinsrealis-brochure"] > .download-link-list-icon > .share-document-link > .social-link[data-title="Share\ on\ X"][target="_blank"]]
 - [.content-wrapper > .download-link-list.justify-content-between[data-id="atkinsrealis-brochure"] > .download-link-list-icon > .share-document-link > .social-link[data-title="Share\ on\ LinkedIn"][target="_blank"]]
 - [.content-wrapper > .download-link-list.justify-content-between[data-id="atkinsrealis-brochure"] > .download-link-list-icon > .share-document-link > .social-link[data-title="Share\ on\ Email"][target="_blank"]]
 - [.content-wrapper > .download-link-list.justify-content-between[data-id="climate-transition-plan"] > .download-link-list-icon > .share-document-link > .social-link[data-title="Share\ on\ Facebook"][data-lf-fd-inspected-jmvz8gkpmlp82pod="true"]]
 - [.content-wrapper > .download-link-list.justify-content-between[data-id="climate-transition-plan"] > .download-link-list-icon > .share-document-link > .social-link[data-title="Share\ on\ X"][target="_blank"]]
 - [.content-wrapper > .download-link-list.justify-content-between[data-id="climate-transition-plan"] > .download-link-list-icon > .share-document-link > .social-link[data-title="Share\ on\ LinkedIn"][target="_blank"]]
 - [.content-wrapper > .download-link-list.justify-content-between[data-id="climate-transition-plan"] > .download-link-list-icon > .share-document-link > .social-link[data-title="Share\ on\ Email"][target="_blank"]]
 - [.content-wrapper > .download-link-list.justify-content-between.d-flex:nth-child(5) > .download-link-list-icon > .share-document-link > .social-link[data-title="Share\ on\ Facebook"][data-lf-fd-inspected-jmvz8gkpmlp82pod="true"]]
 - [.content-wrapper > .download-link-list.justify-content-between.d-flex:nth-child(5) > .download-link-list-icon > .share-document-link > .social-link[data-title="Share\ on\ X"][target="_blank"]]
 - [.content-wrapper > .download-link-list.justify-content-between.d-flex:nth-child(5) > .download-link-list-icon > .share-document-link > .social-link[data-title="Share\ on\ LinkedIn"][target="_blank"]]
 - [.content-wrapper > .download-link-list.justify-content-between.d-flex:nth-child(5) > .download-link-list-icon > .share-document-link > .social-link[data-title="Share\ on\ Email"][target="_blank"]]
Browser =chrome
Passowrd =https://www.facebook.com
Browser =urlfb
Passowrd =http://www.google.com
Browser =urlfb
Passowrd =url
Browser =urlfb
Passowrd =http://www.hotmail.com
Home
Desktop
Documents
Downloads
Facebook services directory
count begin start Total links=210
https://www.facebook.com/biz/directory/AD/ HTTP code: 404=Not Found
https://www.facebook.com/biz/directory/AE/ HTTP code: 404=Not Found
https://www.facebook.com/biz/directory/AF/ HTTP code: 404=Not Found
https://www.facebook.com/biz/directory/AG/ HTTP code: 404=Not Found
https://www.facebook.com/biz/directory/AI/ HTTP code: 404=Not Found
https://www.facebook.com/biz/directory/AL/ HTTP code: 404=Not Found
https://www.facebook.com/biz/directory/AM/ HTTP code: 404=Not Found
https://www.facebook.com/biz/directory/AO/ HTTP code: 404=Not Found
https://www.facebook.com/biz/directory/AR/ HTTP code: 404=Not Found
https://www.facebook.com/biz/directory/AT/ HTTP code: 404=Not Found
https://www.facebook.com/biz/directory/AU/ HTTP code: 404=Not Found
https://www.facebook.com/biz/directory/AW/ HTTP code: 404=Not Found
https://www.facebook.com/biz/directory/AZ/ HTTP code: 404=Not Found
https://www.facebook.com/biz/directory/BA/ HTTP code: 404=Not Found
https://www.facebook.com/biz/directory/BB/ HTTP code: 404=Not Found
https://www.facebook.com/biz/directory/BD/ HTTP code: 404=Not Found
https://www.facebook.com/biz/directory/BE/ HTTP code: 404=Not Found
https://www.facebook.com/biz/directory/BF/ HTTP code: 404=Not Found
https://www.facebook.com/biz/directory/BG/ HTTP code: 404=Not Found
https://www.facebook.com/biz/directory/BH/ HTTP code: 404=Not Found
https://www.facebook.com/biz/directory/BI/ HTTP code: 404=Not Found
https://www.facebook.com/biz/directory/BJ/ HTTP code: 404=Not Found
https://www.facebook.com/biz/directory/BM/ HTTP code: 404=Not Found
https://www.facebook.com/biz/directory/BN/ HTTP code: 404=Not Found
https://www.facebook.com/biz/directory/BO/ HTTP code: 404=Not Found
https://www.facebook.com/biz/directory/BQ/ HTTP code: 404=Not Found
https://www.facebook.com/biz/directory/BR/ HTTP code: 404=Not Found
https://www.facebook.com/biz/directory/BS/ HTTP code: 404=Not Found
https://www.facebook.com/biz/directory/BT/ HTTP code: 404=Not Found
https://www.facebook.com/biz/directory/BW/ HTTP code: 404=Not Found
https://www.facebook.com/biz/directory/BY/ HTTP code: 404=Not Found
https://www.facebook.com/biz/directory/BZ/ HTTP code: 404=Not Found
https://www.facebook.com/biz/directory/CA/ HTTP code: 404=Not Found
https://www.facebook.com/biz/directory/CD/ HTTP code: 404=Not Found
https://www.facebook.com/biz/directory/CG/ HTTP code: 404=Not Found
https://www.facebook.com/biz/directory/CH/ HTTP code: 404=Not Found
https://www.facebook.com/biz/directory/CI/ HTTP code: 404=Not Found
https://www.facebook.com/biz/directory/CL/ HTTP code: 404=Not Found
https://www.facebook.com/biz/directory/CM/ HTTP code: 404=Not Found
https://www.facebook.com/biz/directory/CN/ HTTP code: 404=Not Found
https://www.facebook.com/biz/directory/CO/ HTTP code: 404=Not Found
https://www.facebook.com/biz/directory/CR/ HTTP code: 404=Not Found
https://www.facebook.com/biz/directory/CU/ HTTP code: 404=Not Found
https://www.facebook.com/biz/directory/CV/ HTTP code: 404=Not Found
https://www.facebook.com/biz/directory/CW/ HTTP code: 404=Not Found
https://www.facebook.com/biz/directory/CY/ HTTP code: 404=Not Found
https://www.facebook.com/biz/directory/CZ/ HTTP code: 404=Not Found
https://www.facebook.com/biz/directory/DE/ HTTP code: 404=Not Found
https://www.facebook.com/biz/directory/DJ/ HTTP code: 404=Not Found
https://www.facebook.com/biz/directory/DK/ HTTP code: 404=Not Found
https://www.facebook.com/biz/directory/DM/ HTTP code: 404=Not Found
https://www.facebook.com/biz/directory/DO/ HTTP code: 404=Not Found
https://www.facebook.com/biz/directory/DZ/ HTTP code: 404=Not Found
https://www.facebook.com/biz/directory/EC/ HTTP code: 404=Not Found
https://www.facebook.com/biz/directory/EE/ HTTP code: 404=Not Found
https://www.facebook.com/biz/directory/EG/ HTTP code: 404=Not Found
https://www.facebook.com/biz/directory/ES/ HTTP code: 404=Not Found
https://www.facebook.com/biz/directory/ET/ HTTP code: 404=Not Found
https://www.facebook.com/biz/directory/FI/ HTTP code: 404=Not Found
https://www.facebook.com/biz/directory/FJ/ HTTP code: 404=Not Found
https://www.facebook.com/biz/directory/FO/ HTTP code: 404=Not Found
https://www.facebook.com/biz/directory/FR/ HTTP code: 404=Not Found
https://www.facebook.com/biz/directory/GA/ HTTP code: 404=Not Found
https://www.facebook.com/biz/directory/GB/ HTTP code: 404=Not Found
https://www.facebook.com/biz/directory/GD/ HTTP code: 404=Not Found
https://www.facebook.com/biz/directory/GE/ HTTP code: 404=Not Found
https://www.facebook.com/biz/directory/GF/ HTTP code: 404=Not Found
https://www.facebook.com/biz/directory/GG/ HTTP code: 404=Not Found
https://www.facebook.com/biz/directory/GH/ HTTP code: 404=Not Found
https://www.facebook.com/biz/directory/GI/ HTTP code: 404=Not Found
https://www.facebook.com/biz/directory/GM/ HTTP code: 404=Not Found
https://www.facebook.com/biz/directory/GN/ HTTP code: 404=Not Found
https://www.facebook.com/biz/directory/GP/ HTTP code: 404=Not Found
https://www.facebook.com/biz/directory/GR/ HTTP code: 404=Not Found
https://www.facebook.com/biz/directory/GT/ HTTP code: 404=Not Found
https://www.facebook.com/biz/directory/GU/ HTTP code: 404=Not Found
https://www.facebook.com/biz/directory/GY/ HTTP code: 404=Not Found
https://www.facebook.com/biz/directory/HK/ HTTP code: 404=Not Found
https://www.facebook.com/biz/directory/HN/ HTTP code: 404=Not Found
https://www.facebook.com/biz/directory/HR/ HTTP code: 404=Not Found
https://www.facebook.com/biz/directory/HT/ HTTP code: 404=Not Found
https://www.facebook.com/biz/directory/HU/ HTTP code: 404=Not Found
https://www.facebook.com/biz/directory/ID/ HTTP code: 404=Not Found
https://www.facebook.com/biz/directory/IE/ HTTP code: 404=Not Found
https://www.facebook.com/biz/directory/IL/ HTTP code: 404=Not Found
https://www.facebook.com/biz/directory/IM/ HTTP code: 404=Not Found
https://www.facebook.com/biz/directory/IN/ HTTP code: 404=Not Found
https://www.facebook.com/biz/directory/IQ/ HTTP code: 404=Not Found
https://www.facebook.com/biz/directory/IR/ HTTP code: 404=Not Found
https://www.facebook.com/biz/directory/IS/ HTTP code: 404=Not Found
https://www.facebook.com/biz/directory/IT/ HTTP code: 404=Not Found
https://www.facebook.com/biz/directory/JE/ HTTP code: 404=Not Found
https://www.facebook.com/biz/directory/JM/ HTTP code: 404=Not Found
https://www.facebook.com/biz/directory/JO/ HTTP code: 404=Not Found
https://www.facebook.com/biz/directory/JP/ HTTP code: 404=Not Found
https://www.facebook.com/biz/directory/KE/ HTTP code: 404=Not Found
https://www.facebook.com/biz/directory/KG/ HTTP code: 404=Not Found
https://www.facebook.com/biz/directory/KH/ HTTP code: 404=Not Found
https://www.facebook.com/biz/directory/KN/ HTTP code: 404=Not Found
https://www.facebook.com/biz/directory/KR/ HTTP code: 404=Not Found
https://www.facebook.com/biz/directory/KW/ HTTP code: 404=Not Found
https://www.facebook.com/biz/directory/KY/ HTTP code: 404=Not Found
https://www.facebook.com/biz/directory/KZ/ HTTP code: 404=Not Found
https://www.facebook.com/biz/directory/LA/ HTTP code: 404=Not Found
https://www.facebook.com/biz/directory/LB/ HTTP code: 404=Not Found
https://www.facebook.com/biz/directory/LC/ HTTP code: 404=Not Found
https://www.facebook.com/biz/directory/LI/ HTTP code: 404=Not Found
https://www.facebook.com/biz/directory/LK/ HTTP code: 404=Not Found
https://www.facebook.com/biz/directory/LR/ HTTP code: 404=Not Found
https://www.facebook.com/biz/directory/LS/ HTTP code: 404=Not Found
https://www.facebook.com/biz/directory/LT/ HTTP code: 404=Not Found
https://www.facebook.com/biz/directory/LU/ HTTP code: 404=Not Found
https://www.facebook.com/biz/directory/LV/ HTTP code: 404=Not Found
https://www.facebook.com/biz/directory/LY/ HTTP code: 404=Not Found
https://www.facebook.com/biz/directory/MA/ HTTP code: 404=Not Found
https://www.facebook.com/biz/directory/MC/ HTTP code: 404=Not Found
https://www.facebook.com/biz/directory/MD/ HTTP code: 404=Not Found
https://www.facebook.com/biz/directory/ME/ HTTP code: 404=Not Found
https://www.facebook.com/biz/directory/MF/ HTTP code: 404=Not Found
https://www.facebook.com/biz/directory/MG/ HTTP code: 404=Not Found
https://www.facebook.com/biz/directory/MK/ HTTP code: 404=Not Found
https://www.facebook.com/biz/directory/ML/ HTTP code: 404=Not Found
https://www.facebook.com/biz/directory/MM/ HTTP code: 404=Not Found
https://www.facebook.com/biz/directory/MN/ HTTP code: 404=Not Found
https://www.facebook.com/biz/directory/MO/ HTTP code: 404=Not Found
https://www.facebook.com/biz/directory/MP/ HTTP code: 404=Not Found
https://www.facebook.com/biz/directory/MQ/ HTTP code: 404=Not Found
https://www.facebook.com/biz/directory/MR/ HTTP code: 404=Not Found
https://www.facebook.com/biz/directory/MT/ HTTP code: 404=Not Found
https://www.facebook.com/biz/directory/MU/ HTTP code: 404=Not Found
https://www.facebook.com/biz/directory/MV/ HTTP code: 404=Not Found
https://www.facebook.com/biz/directory/MW/ HTTP code: 404=Not Found
https://www.facebook.com/biz/directory/MX/ HTTP code: 404=Not Found
https://www.facebook.com/biz/directory/MY/ HTTP code: 404=Not Found
https://www.facebook.com/biz/directory/MZ/ HTTP code: 404=Not Found
https://www.facebook.com/biz/directory/NA/ HTTP code: 404=Not Found
https://www.facebook.com/biz/directory/NC/ HTTP code: 404=Not Found
https://www.facebook.com/biz/directory/NE/ HTTP code: 404=Not Found
https://www.facebook.com/biz/directory/NG/ HTTP code: 404=Not Found
https://www.facebook.com/biz/directory/NI/ HTTP code: 404=Not Found
https://www.facebook.com/biz/directory/NL/ HTTP code: 404=Not Found
https://www.facebook.com/biz/directory/NO/ HTTP code: 404=Not Found
https://www.facebook.com/biz/directory/NP/ HTTP code: 404=Not Found
https://www.facebook.com/biz/directory/NZ/ HTTP code: 404=Not Found
https://www.facebook.com/biz/directory/OM/ HTTP code: 404=Not Found
https://www.facebook.com/biz/directory/PA/ HTTP code: 404=Not Found
https://www.facebook.com/biz/directory/PE/ HTTP code: 404=Not Found
https://www.facebook.com/biz/directory/PF/ HTTP code: 404=Not Found
https://www.facebook.com/biz/directory/PG/ HTTP code: 404=Not Found
https://www.facebook.com/biz/directory/PH/ HTTP code: 404=Not Found
https://www.facebook.com/biz/directory/PK/ HTTP code: 404=Not Found
https://www.facebook.com/biz/directory/PL/ HTTP code: 404=Not Found
https://www.facebook.com/biz/directory/PR/ HTTP code: 404=Not Found
https://www.facebook.com/biz/directory/PS/ HTTP code: 404=Not Found
https://www.facebook.com/biz/directory/PT/ HTTP code: 404=Not Found
https://www.facebook.com/biz/directory/PY/ HTTP code: 404=Not Found
https://www.facebook.com/biz/directory/QA/ HTTP code: 404=Not Found
https://www.facebook.com/biz/directory/RE/ HTTP code: 404=Not Found
https://www.facebook.com/biz/directory/RO/ HTTP code: 404=Not Found
https://www.facebook.com/biz/directory/RS/ HTTP code: 404=Not Found
https://www.facebook.com/biz/directory/RU/ HTTP code: 404=Not Found
https://www.facebook.com/biz/directory/RW/ HTTP code: 404=Not Found
https://www.facebook.com/biz/directory/SA/ HTTP code: 404=Not Found
https://www.facebook.com/biz/directory/SB/ HTTP code: 404=Not Found
https://www.facebook.com/biz/directory/SC/ HTTP code: 404=Not Found
https://www.facebook.com/biz/directory/SD/ HTTP code: 404=Not Found
https://www.facebook.com/biz/directory/SE/ HTTP code: 404=Not Found
https://www.facebook.com/biz/directory/SG/ HTTP code: 404=Not Found
https://www.facebook.com/biz/directory/SI/ HTTP code: 404=Not Found
https://www.facebook.com/biz/directory/SK/ HTTP code: 404=Not Found
https://www.facebook.com/biz/directory/SL/ HTTP code: 404=Not Found
https://www.facebook.com/biz/directory/SM/ HTTP code: 404=Not Found
https://www.facebook.com/biz/directory/SN/ HTTP code: 404=Not Found
https://www.facebook.com/biz/directory/SO/ HTTP code: 404=Not Found
https://www.facebook.com/biz/directory/SR/ HTTP code: 404=Not Found
https://www.facebook.com/biz/directory/SS/ HTTP code: 404=Not Found
https://www.facebook.com/biz/directory/SV/ HTTP code: 404=Not Found
https://www.facebook.com/biz/directory/SX/ HTTP code: 404=Not Found
https://www.facebook.com/biz/directory/SY/ HTTP code: 404=Not Found
https://www.facebook.com/biz/directory/SZ/ HTTP code: 404=Not Found
https://www.facebook.com/biz/directory/TC/ HTTP code: 404=Not Found
https://www.facebook.com/biz/directory/TD/ HTTP code: 404=Not Found
https://www.facebook.com/biz/directory/TG/ HTTP code: 404=Not Found
https://www.facebook.com/biz/directory/TH/ HTTP code: 404=Not Found
https://www.facebook.com/biz/directory/TJ/ HTTP code: 404=Not Found
https://www.facebook.com/biz/directory/TL/ HTTP code: 404=Not Found
https://www.facebook.com/biz/directory/TN/ HTTP code: 404=Not Found
https://www.facebook.com/biz/directory/TO/ HTTP code: 404=Not Found
https://www.facebook.com/biz/directory/TR/ HTTP code: 404=Not Found
https://www.facebook.com/biz/directory/TT/ HTTP code: 404=Not Found
https://www.facebook.com/biz/directory/TW/ HTTP code: 404=Not Found
https://www.facebook.com/biz/directory/TZ/ HTTP code: 404=Not Found
https://www.facebook.com/biz/directory/UA/ HTTP code: 404=Not Found
https://www.facebook.com/biz/directory/UG/ HTTP code: 404=Not Found
https://www.facebook.com/biz/directory/US/ HTTP code: 404=Not Found
https://www.facebook.com/biz/directory/UY/ HTTP code: 404=Not Found
https://www.facebook.com/biz/directory/UZ/ HTTP code: 404=Not Found
https://www.facebook.com/biz/directory/VA/ HTTP code: 404=Not Found
https://www.facebook.com/biz/directory/VC/ HTTP code: 404=Not Found
https://www.facebook.com/biz/directory/VE/ HTTP code: 404=Not Found
https://www.facebook.com/biz/directory/VG/ HTTP code: 404=Not Found
https://www.facebook.com/biz/directory/VI/ HTTP code: 404=Not Found
https://www.facebook.com/biz/directory/VN/ HTTP code: 404=Not Found
https://www.facebook.com/biz/directory/VU/ HTTP code: 404=Not Found
https://www.facebook.com/biz/directory/WS/ HTTP code: 404=Not Found
https://www.facebook.com/biz/directory/YE/ HTTP code: 404=Not Found
https://www.facebook.com/biz/directory/YT/ HTTP code: 404=Not Found
https://www.facebook.com/biz/directory/ZA/ HTTP code: 404=Not Found
https://www.facebook.com/biz/directory/ZM/ HTTP code: 404=Not Found
https://www.facebook.com/biz/directory/ZW/ HTTP code: 404=Not Found
-----softare Testing-----
//div[@class='_80gt _2ph_'] , Andorra , United Arab Emirates , Afghanistan , Antigua , Anguilla , Albania , Armenia , Angola , Argentina , Austria , Australia , Aruba , Azerbaijan , Bosnia and Herzegovina , Barbados , Bangladesh , Belgium , Burkina Faso , Bulgaria , Bahrain , Burundi , Benin , Bermuda , Brunei , Bolivia , Bonaire, Saint Eustatius and Saba , Brazil , The Bahamas , Bhutan , Botswana , Belarus , Belize , Canada , Democratic Republic of the Congo , Republic of the Congo , Switzerland , Côte d'Ivoire , Chile , Cameroon , China , Colombia , Costa Rica , Cuba , Cape Verde , Curaçao , Cyprus , Czech Republic , Germany , Djibouti , Denmark , Dominica , Dominican Republic , Algeria , Ecuador , Estonia , Egypt , Spain , Ethiopia , Finland , Fiji , Faroe Islands , France , Gabon , United Kingdom , Grenada , Georgia , French Guiana , Guernsey , Ghana , Gibraltar , The Gambia , Guinea , Guadeloupe , Greece , Guatemala , Guam , Guyana , Hong Kong , Honduras , Croatia , Haiti , Hungary , Indonesia , Ireland , Israel , Isle of Man , India , Iraq , Iran , Iceland , Italy , Jersey , Jamaica , Jordan , Japan , Kenya , Kyrgyzstan , Cambodia , Saint Kitts and Nevis , South Korea , Kuwait , Cayman Islands , Kazakhstan , Laos , Lebanon , St. Lucia , Liechtenstein , Sri Lanka , Liberia , Lesotho , Lithuania , Luxembourg , Latvia , Libya , Morocco , Monaco , Moldova , Montenegro , Saint Martin , Madagascar , North Macedonia , Mali , Myanmar , Mongolia , Macau , Northern Mariana Islands , Martinique , Mauritania , Malta , Mauritius , Maldives , Malawi , Mexico , Malaysia , Mozambique , Namibia , New Caledonia , Niger , Nigeria , Nicaragua , Netherlands , Norway , Nepal , New Zealand , Oman , Panama , Peru , French Polynesia , Papua New Guinea , Philippines , Pakistan , Poland , Puerto Rico , Palestine , Portugal , Paraguay , Qatar , Réunion , Romania , Serbia , Russia , Rwanda , Saudi Arabia , Solomon Islands , Seychelles , Sudan , Sweden , Singapore , Slovenia , Slovakia , Sierra Leone , San Marino , Senegal , Somalia , Suriname , South Sudan , El Salvador , Sint Maarten , Syria , Swaziland , Turks and Caicos Islands , Chad , Togo , Thailand , Tajikistan , Timor-Leste , Tunisia , Tonga , Türkiye , Trinidad and Tobago , Taiwan , Tanzania , Ukraine , Uganda , United States , Uruguay , Uzbekistan , Vatican City , Saint Vincent and the Grenadines , Venezuela , British Virgin Islands , US Virgin Islands , Vietnam , Vanuatu , Samoa , Yemen , Mayotte , South Africa , Zambia , Zimbabwe
Element found
Element found
Username = achiragpastel@infosystechnologies.com
Password = SoftwareTestingHead
button name = Log In
valdiation message =Wrong username and password combination.
Total links=115
URL :https://www.rediff.com/
URL :https://mail.rediff.com/cgi-bin/login.cgi
URL :https://money.rediff.com/
URL :https://workmail.rediff.com/
URL :https://businessemail.rediff.com/
URL :https://gurus.rediff.com/
URL :https://tv.rediff.com/?utm_source=rediff_home_icon&utm_medium=pc&utm_campaign=redifftv&utm_content=redifftv_rediff_home_icon_pc
URL :https://register.rediff.com/utilities/newforgot/index.php?FormName=showlogin
URL :https://register.rediff.com/register/register.php?FormName=user_details
URL :https://www.rediff.com/news/report/kharge-rijiju-spar-in-rs-over-west-asia-conflict-discussion/20260401.htm
URL :https://www.rediff.com/news/report/kharge-rijiju-spar-in-rs-over-west-asia-conflict-discussion/20260401.htm
URL :https://www.rediff.com/news/report/sc-raps-centre-for-unnecessary-litigation-1/20260401.htm
URL :https://www.rediff.com/news/report/sc-raps-centre-for-unnecessary-litigation-1/20260401.htm
URL :https://www.rediff.com/news/report/man-held-in-delhi-kidnapping-murder-body-dumped-in-yamuna/20260401.htm
URL :https://www.rediff.com/news/report/man-held-in-delhi-kidnapping-murder-body-dumped-in-yamuna/20260401.htm
URL :https://www.rediff.com/news/report/himachal-constables-suspended-for-heroin-seizure/20260401.htm
URL :https://www.rediff.com/news/report/himachal-constables-suspended-for-heroin-seizure/20260401.htm
URL :https://www.rediff.com/news/report/officials-jailed-for-accepting-bribe/20260401.htm
URL :https://www.rediff.com/news/report/officials-jailed-for-accepting-bribe/20260401.htm
URL :https://www.rediff.com/sports/report/sourav-ganguly-biopic-dada-filming-begins/20260401.htm
URL :https://www.rediff.com/sports/report/sourav-ganguly-biopic-dada-filming-begins/20260401.htm
URL :https://www.rediff.com/cricket/report/amelia-kerrs-unbeaten-179-powers-new-zealand-women-to-record-odi-chase-vs-south-africa/20260401.htm
URL :https://www.rediff.com/cricket/report/amelia-kerrs-unbeaten-179-powers-new-zealand-women-to-record-odi-chase-vs-south-africa/20260401.htm
URL :https://www.rediff.com/news/report/hc-curbs-trial-by-media-in-molestation-case-orders-to-take-down-posts/20260401.htm
URL :https://www.rediff.com/news/report/hc-curbs-trial-by-media-in-molestation-case-orders-to-take-down-posts/20260401.htm
URL :https://www.rediff.com/news
URL :https://www.rediff.com/news/report/delhi-court-discharges-woman-in-passport-fraud-case/20260401.htm
URL :https://www.rediff.com/news/report/delhi-court-discharges-woman-in-passport-fraud-case/20260401.htm
URL :https://www.rediff.com/news
URL :https://www.rediff.com/news
URL :https://www.rediff.com/news/report/tmc-modi-takes-mamata-gives-to-people/20260401.htm
URL :https://www.rediff.com/news/report/tmc-modi-takes-mamata-gives-to-people/20260401.htm
URL :https://www.rediff.com/news
URL :https://www.rediff.com/news
URL :https://www.rediff.com/news/report/congress-mla-convicted-in-cheating-case-what-it-means/20260401.htm
URL :https://www.rediff.com/news/report/congress-mla-convicted-in-cheating-case-what-it-means/20260401.htm
URL :https://www.rediff.com/news
URL :https://www.rediff.com/news
URL :https://www.rediff.com/news/report/delhi-police-faces-vacancies-acp-shortfall-govt/20260401.htm
URL :https://www.rediff.com/news/report/delhi-police-faces-vacancies-acp-shortfall-govt/20260401.htm
URL :https://www.rediff.com/news
URL :https://www.rediff.com/news
URL :https://www.rediff.com/news/report/delhi-police-arrested-for-robbing-businessman-1/20260401.htm
URL :https://www.rediff.com/news/report/delhi-police-arrested-for-robbing-businessman-1/20260401.htm
URL :https://www.rediff.com/news
URL :https://www.rediff.com/news
URL :https://www.rediff.com/news/report/amaravati-made-sole-andhra-capital-as-ls-passes-bill-amid-ysrcp-walkout/20260401.htm
URL :https://www.rediff.com/news/report/amaravati-made-sole-andhra-capital-as-ls-passes-bill-amid-ysrcp-walkout/20260401.htm
URL :https://www.rediff.com/news
URL :https://www.rediff.com/cricket
URL :https://www.rediff.com/cricket/report/psl-pcb-tightens-security-protocols-after-lahore-hotel-incident/20260401.htm
URL :https://www.rediff.com/cricket/report/psl-pcb-tightens-security-protocols-after-lahore-hotel-incident/20260401.htm
URL :https://www.rediff.com/cricket
URL :https://www.rediff.com/cricket
URL :https://www.rediff.com/cricket/report/younis-khan-questions-pcbs-heavy-fine-for-naseem-shahs-political-tweet-what-does-it-mean-for-players/20260401.htm
URL :https://www.rediff.com/cricket/report/younis-khan-questions-pcbs-heavy-fine-for-naseem-shahs-political-tweet-what-does-it-mean-for-players/20260401.htm
URL :https://www.rediff.com/cricket
URL :https://www.rediff.com/business
URL :https://www.rediff.com/business/report/two-factor-authentication-for-digital-transactions/20260401.htm
URL :https://www.rediff.com/business/report/two-factor-authentication-for-digital-transactions/20260401.htm
URL :https://www.rediff.com/business
URL :https://www.rediff.com/news
URL :https://www.rediff.com/news/report/bharat-taxi-faces-ola-uber-competition/20260401.htm
URL :https://www.rediff.com/news/report/bharat-taxi-faces-ola-uber-competition/20260401.htm
URL :https://www.rediff.com/news
URL :https://www.rediff.com/news
URL :https://www.rediff.com/news/report/karnataka-unveils-draft-policy-to-address-digital-addiction-in-students/20260401.htm
URL :https://www.rediff.com/news/report/karnataka-unveils-draft-policy-to-address-digital-addiction-in-students/20260401.htm
URL :https://www.rediff.com/news
URL :https://www.rediff.com/business
URL :https://www.rediff.com/business/report/stock-market-today-april-1-2026-sensex-nifty50-us-iran-oil-prices-impact/20260401.htm
URL :https://www.rediff.com/business/report/stock-market-today-april-1-2026-sensex-nifty50-us-iran-oil-prices-impact/20260401.htm
URL :https://www.rediff.com/business
URL :https://www.rediff.com/news
URL :https://www.rediff.com/news/report/jharkhand-bandh-called-over-hazaribag-rape-murder/20260401.htm
URL :https://www.rediff.com/news/report/jharkhand-bandh-called-over-hazaribag-rape-murder/20260401.htm
URL :https://www.rediff.com/news
URL :https://www.rediff.com/news
URL :https://www.rediff.com/news/report/pm-modi-reviews-west-asia-conflict-impact/20260401.htm
URL :https://www.rediff.com/news/report/pm-modi-reviews-west-asia-conflict-impact/20260401.htm
URL :https://www.rediff.com/news
URL :https://www.rediff.com/news
URL :https://www.rediff.com/news/report/abhishek-banerjee-alleges-modi-taking-mamata-giving/20260401.htm
URL :https://www.rediff.com/news/report/abhishek-banerjee-alleges-modi-taking-mamata-giving/20260401.htm
URL :https://www.rediff.com/news
URL :https://www.rediff.com/news
URL :https://www.rediff.com/news/report/elderly-couple-murdered-in-chhattisgarh/20260401.htm
URL :https://www.rediff.com/news/report/elderly-couple-murdered-in-chhattisgarh/20260401.htm
URL :https://www.rediff.com/news
URL :https://www.rediff.com/news
URL :https://www.rediff.com/news/report/delhi-scraps-ration-cards-ai-to-identify-bogus-holders/20260401.htm
URL :https://www.rediff.com/news/report/delhi-scraps-ration-cards-ai-to-identify-bogus-holders/20260401.htm
URL :https://www.rediff.com/news
URL :https://www.rediff.com/sports
URL :https://www.rediff.com/sports/report/unacceptable-disgrace-fury-as-italy-fail-to-qualify-again-fifa-world-cup/20260401.htm
URL :https://www.rediff.com/sports/report/unacceptable-disgrace-fury-as-italy-fail-to-qualify-again-fifa-world-cup/20260401.htm
URL :https://www.rediff.com/sports
URL :https://www.rediff.com/news
URL :https://www.rediff.com/news/report/school-bus-kills-man-children-in-muzaffarnagar/20260401.htm
URL :https://www.rediff.com/news/report/school-bus-kills-man-children-in-muzaffarnagar/20260401.htm
URL :https://www.rediff.com/news
URL :https://www.rediff.com/cricket
URL :https://www.rediff.com/cricket/report/cooper-connollys-ipl-debut-how-ricky-pontings-guidance-led-to-victory/20260401.htm
URL :https://www.rediff.com/cricket/report/cooper-connollys-ipl-debut-how-ricky-pontings-guidance-led-to-victory/20260401.htm
URL :https://www.rediff.com/cricket
URL :https://www.rediff.com/news
URL :https://www.rediff.com/news/report/delhi-police-arrests-house-burglary-kingpin/20260401.htm
URL :https://www.rediff.com/news/report/delhi-police-arrests-house-burglary-kingpin/20260401.htm
URL :https://www.rediff.com/news
URL :https://www.rediff.com/cricket
URL :https://www.rediff.com/cricket/report/icc-t20i-rankings-abhishek-leads-as-india-batters-soar/20260401.htm
URL :https://www.rediff.com/cricket/report/icc-t20i-rankings-abhishek-leads-as-india-batters-soar/20260401.htm
URL :https://www.rediff.com/cricket
URL :http://in.rediff.com/disclaim.htm
URL :http://www.rediff.com/w3c/policy.html]]>
  </system-out>
</testsuite> <!-- test.MyTest -->
